#
# A fatal error has been detected by the Java Runtime Environment:
#
#  SIGSEGV (0xb) at pc=0x00007fff62e7ca1d, pid=96660, tid=0x0000000000000307
#
# JRE version: Java(TM) SE Runtime Environment (8.0_161-b12) (build 1.8.0_161-b12)
# Java VM: Java HotSpot(TM) 64-Bit Server VM (25.161-b12 mixed mode bsd-amd64 compressed oops)
# Problematic frame:
# C  [libobjc.A.dylib+0x7a1d]  objc_msgSend+0x1d
#
# Failed to write core dump. Core dumps have been disabled. To enable core dumping, try "ulimit -c unlimited" before starting Java again
#
# If you would like to submit a bug report, please visit:
#   http://bugreport.java.com/bugreport/crash.jsp
# The crash happened outside the Java Virtual Machine in native code.
# See problematic frame for where to report the bug.
#

---------------  T H R E A D  ---------------

Current thread (0x00007fe61f924000):  JavaThread "AWT-AppKit" daemon [_thread_in_native, id=775, stack(0x00007ffeea3e1000,0x00007ffeeabe1000)]

siginfo: si_signo: 11 (SIGSEGV), si_code: 1 (SEGV_MAPERR), si_addr: 0x0000000000000018

Registers:
RAX=0x00007fe6221ad9f0, RBX=0x000000012598c450, RCX=0x0000000000000001, RDX=0x0000000000000000
RSP=0x00007ffeeabdc218, RBP=0x00007ffeeabdc2d0, RSI=0x00007fff34ec5a0b, RDI=0x00007fe622270640
R8 =0x0000000000000000, R9 =0x0000000000000000, R10=0x0000000000000000, R11=0x00007fff34ec5a0b
R12=0x0000000000000000, R13=0x000000015c711170, R14=0x000000012598c440, R15=0x00007fe61f924000
RIP=0x00007fff62e7ca1d, EFLAGS=0x0000000000010246, ERR=0x0000000000000004
  TRAPNO=0x000000000000000e

Top of Stack: (sp=0x00007ffeeabdc218)
0x00007ffeeabdc218:   000000012598a157 00007ffeeabdc270
0x00007ffeeabdc228:   0000000000000003 00007ffeeabdc250
0x00007ffeeabdc238:   0000000106592e3e 000000015c711170
0x00007ffeeabdc248:   000000015c711170 00007fe6221ad9f0
0x00007ffeeabdc258:   000000012598c6a0 000000012598c710
0x00007ffeeabdc268:   00007fff8f790ca8 00007fff90e86e48
0x00007ffeeabdc278:   000000012598c450 000000012598c690
0x00007ffeeabdc288:   00007fe6221ad9f0 00007fe622270640
0x00007ffeeabdc298:   00007fe61cdbfd90 00007fe6221ad9f0
0x00007ffeeabdc2a8:   00007fe622270640 00007ffeeabdc358
0x00007ffeeabdc2b8:   00007fe61f9241f8 000000015c711170
0x00007ffeeabdc2c8:   00007ffeeabdc380 00007ffeeabdc348
0x00007ffeeabdc2d8:   0000000107415667 000000015c711170
0x00007ffeeabdc2e8:   00007ffeeabdc380 00007ffeeabdc348
0x00007ffeeabdc2f8:   00000001074153c7 0000000107415382
0x00007ffeeabdc308:   00007ffeeabdc308 000000015c711170
0x00007ffeeabdc318:   00007ffeeabdc380 000000015c734428
0x00007ffeeabdc328:   0000000000000000 000000015c711170
0x00007ffeeabdc338:   0000000000000000 00007ffeeabdc368
0x00007ffeeabdc348:   00007ffeeabdc3c8 00000001074052bd
0x00007ffeeabdc358:   00000006c0088540 000000010740ed18
0x00007ffeeabdc368:   00007fe6221ad9f0 00007ffeeabdc3c8
0x00007ffeeabdc378:   00007fe622270640 0000000107410782
0x00007ffeeabdc388:   00007ffeeabdc388 000000015c71133a
0x00007ffeeabdc398:   00007ffeeabdc3f0 000000015c734428
0x00007ffeeabdc3a8:   0000000000000000 000000015c711348
0x00007ffeeabdc3b8:   00007ffeeabdc368 00007ffeeabdc3d8
0x00007ffeeabdc3c8:   00007ffeeabdc438 00000001074052bd
0x00007ffeeabdc3d8:   00007fe6221ad9f0 00000006c0010e28
0x00007ffeeabdc3e8:   00007fe622270640 00000006c0010e28
0x00007ffeeabdc3f8:   00007ffeeabdc3f8 000000015f4e824e
0x00007ffeeabdc408:   00007ffeeabdc448 000000015f4e8308 

Instructions: (pc=0x00007fff62e7ca1d)
0x00007fff62e7c9fd:   0f 1f 00 48 85 ff 2e 74 62 40 f6 c7 01 2e 75 66
0x00007fff62e7ca0d:   49 ba f8 ff ff ff ff 7f 00 00 4c 23 17 49 89 f3
0x00007fff62e7ca1d:   45 23 5a 18 49 c1 e3 04 4d 03 5a 10 49 3b 33 75
0x00007fff62e7ca2d:   04 41 ff 63 08 49 83 3b 01 76 0d 49 83 c3 10 49 

Register to memory mapping:

RAX=0x00007fe6221ad9f0 is an unknown value
RBX=0x000000012598c450: Java_jogamp_nativewindow_macosx_OSXUtil_GetScreenRefreshRate0+0x1cf0 in /private/var/folders/rk/hphxm6hd5130p5cwz1z1qfgm0000gp/T/jogamp_0000/file_cache/jln2717987358188582986/jln951988039874325943/libnativewindow_macosx.jnilib at 0x0000000125985000
RCX=0x0000000000000001 is an unknown value
RDX=0x0000000000000000 is an unknown value
RSP=0x00007ffeeabdc218 is pointing into the stack for thread: 0x00007fe61f924000
RBP=0x00007ffeeabdc2d0 is pointing into the stack for thread: 0x00007fe61f924000
RSI=0x00007fff34ec5a0b: GCC_except_table7+0x9eaf in /System/Library/Frameworks/AppKit.framework/Versions/C/AppKit at 0x00007fff342b7000
RDI=0x00007fe622270640 is an unknown value
R8 =0x0000000000000000 is an unknown value
R9 =0x0000000000000000 is an unknown value
R10=0x0000000000000000 is an unknown value
R11=0x00007fff34ec5a0b: GCC_except_table7+0x9eaf in /System/Library/Frameworks/AppKit.framework/Versions/C/AppKit at 0x00007fff342b7000
R12=0x0000000000000000 is an unknown value
R13={method} {0x000000015c711170} 'UnsetJAWTRootSurfaceLayer0' '(JJ)V' in 'jogamp/nativewindow/jawt/macosx/MacOSXJAWTWindow'
R14=0x000000012598c440: Java_jogamp_nativewindow_macosx_OSXUtil_GetScreenRefreshRate0+0x1ce0 in /private/var/folders/rk/hphxm6hd5130p5cwz1z1qfgm0000gp/T/jogamp_0000/file_cache/jln2717987358188582986/jln951988039874325943/libnativewindow_macosx.jnilib at 0x0000000125985000
R15=0x00007fe61f924000 is a thread


Stack: [0x00007ffeea3e1000,0x00007ffeeabe1000],  sp=0x00007ffeeabdc218,  free space=8172k
Native frames: (J=compiled Java code, j=interpreted, Vv=VM code, C=native code)
C  [libobjc.A.dylib+0x7a1d]  objc_msgSend+0x1d
j  jogamp.nativewindow.jawt.macosx.MacOSXJAWTWindow.UnsetJAWTRootSurfaceLayer0(JJ)V+0
j  jogamp.nativewindow.jawt.macosx.MacOSXJAWTWindow.access$200(JJ)V+2
j  jogamp.nativewindow.jawt.macosx.MacOSXJAWTWindow$1.run()V+38
j  com.jogamp.common.util.RunnableTask.run()V+24
v  ~StubRoutines::call_stub
V  [libjvm.dylib+0x2ef9aa]
V  [libjvm.dylib+0x326bd8]
V  [libjvm.dylib+0x3193bb]
C  [libnativewindow_macosx.jnilib+0x5326]  Java_jogamp_nativewindow_jawt_macosx_MacOSXJAWTWindow_UnsetJAWTRootSurfaceLayer0+0x2b6
C  [Foundation+0xb1abb]  __NSThreadPerformPerform+0x147
C  [CoreFoundation+0x58155]  __CFRUNLOOP_IS_CALLING_OUT_TO_A_SOURCE0_PERFORM_FUNCTION__+0x11
C  [CoreFoundation+0x580fb]  __CFRunLoopDoSource0+0x6c
C  [CoreFoundation+0x3bb95]  __CFRunLoopDoSources0+0xc3
C  [CoreFoundation+0x3b13e]  __CFRunLoopRun+0x4c3
C  [CoreFoundation+0x3aa28]  CFRunLoopRunSpecific+0x1cf
C  [HIToolbox+0xab35]  RunCurrentEventLoopInMode+0x125
C  [HIToolbox+0xa774]  ReceiveNextEventCommon+0x173
C  [HIToolbox+0xa5e8]  _BlockUntilNextEventMatchingListInModeWithFilter+0x40
C  [AppKit+0x1aeb7]  _DPSNextEvent+0x3e5
C  [AppKit+0x19c56]  -[NSApplication(NSEvent) _nextEventMatchingEventMask:untilDate:inMode:dequeue:]+0x552
C  [libosxapp.dylib+0x23aa]  -[NSApplicationAWT nextEventMatchingMask:untilDate:inMode:dequeue:]+0x7c
C  [AppKit+0x13cb9]  -[NSApplication run]+0x2bb
C  [libosxapp.dylib+0x214d]  +[NSApplicationAWT runAWTLoopWithApp:]+0x9c
C  [libawt_lwawt.dylib+0x47397]  -[AWTStarter starter:]+0x389
C  [Foundation+0xb1abb]  __NSThreadPerformPerform+0x147
C  [CoreFoundation+0x58155]  __CFRUNLOOP_IS_CALLING_OUT_TO_A_SOURCE0_PERFORM_FUNCTION__+0x11
C  [CoreFoundation+0x580fb]  __CFRunLoopDoSource0+0x6c
C  [CoreFoundation+0x3bb95]  __CFRunLoopDoSources0+0xc3
C  [CoreFoundation+0x3b13e]  __CFRunLoopRun+0x4c3
C  [CoreFoundation+0x3aa28]  CFRunLoopRunSpecific+0x1cf
C  [java+0x647a]  CreateExecutionEnvironment+0x367
C  [java+0x212c]  JLI_Launch+0x7a0
C  [java+0x84d7]  main+0x65
C  [java+0x1984]  start+0x34
C  0x0000000000000007

Java frames: (J=compiled Java code, j=interpreted, Vv=VM code)
j  jogamp.nativewindow.jawt.macosx.MacOSXJAWTWindow.UnsetJAWTRootSurfaceLayer0(JJ)V+0
j  jogamp.nativewindow.jawt.macosx.MacOSXJAWTWindow.access$200(JJ)V+2
j  jogamp.nativewindow.jawt.macosx.MacOSXJAWTWindow$1.run()V+38
j  com.jogamp.common.util.RunnableTask.run()V+24
v  ~StubRoutines::call_stub

---------------  P R O C E S S  ---------------

Java Threads: ( => current thread )
  0x00007fe620864800 JavaThread "Thread-19" [_thread_blocked, id=38791, stack(0x000070000cf3c000,0x000070000d03c000)]
  0x00007fe61fb5d800 JavaThread "AWT-EventQueue-1" [_thread_blocked, id=74283, stack(0x000070000d75d000,0x000070000d85d000)]
  0x00007fe61e8f0000 JavaThread "DestroyJavaVM" [_thread_blocked, id=9731, stack(0x000070000b9fa000,0x000070000bafa000)]
  0x00007fe61d170800 JavaThread "AWT-EventQueue-0" [_thread_blocked, id=55815, stack(0x000070000d4d4000,0x000070000d5d4000)]
  0x00007fe61d1ef800 JavaThread "Java2D Disposer" daemon [_thread_blocked, id=78611, stack(0x000070000d24b000,0x000070000d34b000)]
  0x00007fe61e917000 JavaThread "Java2D Queue Flusher" daemon [_thread_blocked, id=45671, stack(0x000070000d148000,0x000070000d248000)]
  0x00007fe61d100000 JavaThread "AWT-Shutdown" [_thread_blocked, id=39463, stack(0x000070000cd33000,0x000070000ce33000)]
=>0x00007fe61f924000 JavaThread "AWT-AppKit" daemon [_thread_in_native, id=775, stack(0x00007ffeea3e1000,0x00007ffeeabe1000)]
  0x00007fe620002000 JavaThread "Service Thread" daemon [_thread_blocked, id=16387, stack(0x000070000cb2d000,0x000070000cc2d000)]
  0x00007fe61f80d800 JavaThread "C1 CompilerThread3" daemon [_thread_blocked, id=16131, stack(0x000070000ca2a000,0x000070000cb2a000)]
  0x00007fe61f80d000 JavaThread "C2 CompilerThread2" daemon [_thread_blocked, id=17667, stack(0x000070000c927000,0x000070000ca27000)]
  0x00007fe61f80c000 JavaThread "C2 CompilerThread1" daemon [_thread_blocked, id=15619, stack(0x000070000c824000,0x000070000c924000)]
  0x00007fe61f80a800 JavaThread "C2 CompilerThread0" daemon [_thread_blocked, id=18435, stack(0x000070000c721000,0x000070000c821000)]
  0x00007fe61f80a000 JavaThread "Signal Dispatcher" daemon [_thread_blocked, id=15107, stack(0x000070000c61e000,0x000070000c71e000)]
  0x00007fe61e83b800 JavaThread "Finalizer" daemon [_thread_blocked, id=20227, stack(0x000070000c51b000,0x000070000c61b000)]
  0x00007fe61e839000 JavaThread "Reference Handler" daemon [_thread_blocked, id=13571, stack(0x000070000c418000,0x000070000c518000)]

Other Threads:
  0x00007fe61e834800 VMThread [stack: 0x000070000c315000,0x000070000c415000] [id=13059]
  0x00007fe61d045800 WatcherThread [stack: 0x000070000cc30000,0x000070000cd30000] [id=16899]

VM state:not at safepoint (normal execution)

VM Mutex/Monitor currently owned by a thread: None

Heap:
 PSYoungGen      total 77824K, used 62144K [0x000000076ab00000, 0x0000000770880000, 0x00000007c0000000)
  eden space 61952K, 100% used [0x000000076ab00000,0x000000076e780000,0x000000076e780000)
  from space 15872K, 1% used [0x000000076f900000,0x000000076f930000,0x0000000770880000)
  to   space 16896K, 0% used [0x000000076e780000,0x000000076e780000,0x000000076f800000)
 ParOldGen       total 123392K, used 25233K [0x00000006c0000000, 0x00000006c7880000, 0x000000076ab00000)
  object space 123392K, 20% used [0x00000006c0000000,0x00000006c18a4628,0x00000006c7880000)
 Metaspace       used 24508K, capacity 24873K, committed 25136K, reserved 1071104K
  class space    used 2454K, capacity 2593K, committed 2608K, reserved 1048576K

Card table byte_map: [0x00000001167bd000,0x0000000116fbe000] byte_map_base: 0x00000001131bd000

Marking Bits: (ParMarkBitMap*) 0x0000000106d466c0
 Begin Bits: [0x0000000117514000, 0x000000011b514000)
 End Bits:   [0x000000011b514000, 0x000000011f514000)

Polling page: 0x0000000105092000

CodeCache: size=245760Kb used=10076Kb max_used=11899Kb free=235683Kb
 bounds [0x00000001073fd000, 0x0000000107fad000, 0x00000001163fd000]
 total_blobs=3919 nmethods=2969 adapters=863
 compilation: enabled

Compilation events (10 events):
Event: 252.389 Thread 0x00007fe61f80d800 3440       3       sun.misc.URLClassPath$JarLoader$2::getContentLength (9 bytes)
Event: 252.390 Thread 0x00007fe61f80d800 nmethod 3440 0x0000000107520850 code [0x00000001075209c0, 0x0000000107520c10]
Event: 252.390 Thread 0x00007fe61f80d800 3441       3       sun.misc.URLClassPath$JarLoader$2::getCodeSigners (8 bytes)
Event: 252.391 Thread 0x00007fe61f80d800 nmethod 3441 0x0000000107521f50 code [0x00000001075220c0, 0x00000001075222e8]
Event: 252.391 Thread 0x00007fe61f80d800 3442   !   3       java.util.jar.JarFile$JarFileEntry::getCodeSigners (78 bytes)
Event: 252.392 Thread 0x00007fe61f80d800 nmethod 3442 0x000000010756eb90 code [0x000000010756ed60, 0x000000010756f378]
Event: 252.399 Thread 0x00007fe61f80c000 nmethod 3439 0x000000010750f9d0 code [0x000000010750fb80, 0x0000000107510148]
Event: 252.416 Thread 0x00007fe61f80d800 3443       3       sun.awt.AWTAccessor::getAWTEventAccessor (18 bytes)
Event: 252.416 Thread 0x00007fe61f80d800 nmethod 3443 0x0000000107534d90 code [0x0000000107534f00, 0x0000000107535148]
Event: 252.417 Thread 0x00007fe61f80d800 3444       3       java.awt.EventQueue::cacheEQItem (60 bytes)

GC Heap History (10 events):
Event: 186.224 GC heap before
{Heap before GC invocations=17 (full 1):
 PSYoungGen      total 77824K, used 77821K [0x000000076ab00000, 0x0000000770680000, 0x00000007c0000000)
  eden space 67072K, 100% used [0x000000076ab00000,0x000000076ec80000,0x000000076ec80000)
  from space 10752K, 99% used [0x000000076ed80000,0x000000076f7ff570,0x000000076f800000)
  to   space 13312K, 0% used [0x000000076f980000,0x000000076f980000,0x0000000770680000)
 ParOldGen       total 123392K, used 14548K [0x00000006c0000000, 0x00000006c7880000, 0x000000076ab00000)
  object space 123392K, 11% used [0x00000006c0000000,0x00000006c0e35150,0x00000006c7880000)
 Metaspace       used 24427K, capacity 24863K, committed 25136K, reserved 1071104K
  class space    used 2441K, capacity 2590K, committed 2608K, reserved 1048576K
Event: 186.231 GC heap after
Heap after GC invocations=17 (full 1):
 PSYoungGen      total 77312K, used 10685K [0x000000076ab00000, 0x0000000770480000, 0x00000007c0000000)
  eden space 66048K, 0% used [0x000000076ab00000,0x000000076ab00000,0x000000076eb80000)
  from space 11264K, 94% used [0x000000076f980000,0x00000007703ef570,0x0000000770480000)
  to   space 12800K, 0% used [0x000000076eb80000,0x000000076eb80000,0x000000076f800000)
 ParOldGen       total 123392K, used 14548K [0x00000006c0000000, 0x00000006c7880000, 0x000000076ab00000)
  object space 123392K, 11% used [0x00000006c0000000,0x00000006c0e35150,0x00000006c7880000)
 Metaspace       used 24427K, capacity 24863K, committed 25136K, reserved 1071104K
  class space    used 2441K, capacity 2590K, committed 2608K, reserved 1048576K
}
Event: 199.463 GC heap before
{Heap before GC invocations=18 (full 1):
 PSYoungGen      total 77312K, used 76733K [0x000000076ab00000, 0x0000000770480000, 0x00000007c0000000)
  eden space 66048K, 100% used [0x000000076ab00000,0x000000076eb80000,0x000000076eb80000)
  from space 11264K, 94% used [0x000000076f980000,0x00000007703ef570,0x0000000770480000)
  to   space 12800K, 0% used [0x000000076eb80000,0x000000076eb80000,0x000000076f800000)
 ParOldGen       total 123392K, used 14548K [0x00000006c0000000, 0x00000006c7880000, 0x000000076ab00000)
  object space 123392K, 11% used [0x00000006c0000000,0x00000006c0e35150,0x00000006c7880000)
 Metaspace       used 24427K, capacity 24863K, committed 25136K, reserved 1071104K
  class space    used 2441K, capacity 2590K, committed 2608K, reserved 1048576K
Event: 199.476 GC heap after
Heap after GC invocations=18 (full 1):
 PSYoungGen      total 77824K, used 288K [0x000000076ab00000, 0x0000000770780000, 0x00000007c0000000)
  eden space 65024K, 0% used [0x000000076ab00000,0x000000076ab00000,0x000000076ea80000)
  from space 12800K, 2% used [0x000000076eb80000,0x000000076ebc8000,0x000000076f800000)
  to   space 14848K, 0% used [0x000000076f900000,0x000000076f900000,0x0000000770780000)
 ParOldGen       total 123392K, used 25113K [0x00000006c0000000, 0x00000006c7880000, 0x000000076ab00000)
  object space 123392K, 20% used [0x00000006c0000000,0x00000006c1886628,0x00000006c7880000)
 Metaspace       used 24427K, capacity 24863K, committed 25136K, reserved 1071104K
  class space    used 2441K, capacity 2590K, committed 2608K, reserved 1048576K
}
Event: 213.112 GC heap before
{Heap before GC invocations=19 (full 1):
 PSYoungGen      total 77824K, used 65312K [0x000000076ab00000, 0x0000000770780000, 0x00000007c0000000)
  eden space 65024K, 100% used [0x000000076ab00000,0x000000076ea80000,0x000000076ea80000)
  from space 12800K, 2% used [0x000000076eb80000,0x000000076ebc8000,0x000000076f800000)
  to   space 14848K, 0% used [0x000000076f900000,0x000000076f900000,0x0000000770780000)
 ParOldGen       total 123392K, used 25113K [0x00000006c0000000, 0x00000006c7880000, 0x000000076ab00000)
  object space 123392K, 20% used [0x00000006c0000000,0x00000006c1886628,0x00000006c7880000)
 Metaspace       used 24427K, capacity 24863K, committed 25136K, reserved 1071104K
  class space    used 2441K, capacity 2590K, committed 2608K, reserved 1048576K
Event: 213.114 GC heap after
Heap after GC invocations=19 (full 1):
 PSYoungGen      total 78848K, used 256K [0x000000076ab00000, 0x0000000770880000, 0x00000007c0000000)
  eden space 64000K, 0% used [0x000000076ab00000,0x000000076ab00000,0x000000076e980000)
  from space 14848K, 1% used [0x000000076f900000,0x000000076f940000,0x0000000770780000)
  to   space 15872K, 0% used [0x000000076e980000,0x000000076e980000,0x000000076f900000)
 ParOldGen       total 123392K, used 25161K [0x00000006c0000000, 0x00000006c7880000, 0x000000076ab00000)
  object space 123392K, 20% used [0x00000006c0000000,0x00000006c1892628,0x00000006c7880000)
 Metaspace       used 24427K, capacity 24863K, committed 25136K, reserved 1071104K
  class space    used 2441K, capacity 2590K, committed 2608K, reserved 1048576K
}
Event: 227.000 GC heap before
{Heap before GC invocations=20 (full 1):
 PSYoungGen      total 78848K, used 64256K [0x000000076ab00000, 0x0000000770880000, 0x00000007c0000000)
  eden space 64000K, 100% used [0x000000076ab00000,0x000000076e980000,0x000000076e980000)
  from space 14848K, 1% used [0x000000076f900000,0x000000076f940000,0x0000000770780000)
  to   space 15872K, 0% used [0x000000076e980000,0x000000076e980000,0x000000076f900000)
 ParOldGen       total 123392K, used 25161K [0x00000006c0000000, 0x00000006c7880000, 0x000000076ab00000)
  object space 123392K, 20% used [0x00000006c0000000,0x00000006c1892628,0x00000006c7880000)
 Metaspace       used 24427K, capacity 24863K, committed 25136K, reserved 1071104K
  class space    used 2441K, capacity 2590K, committed 2608K, reserved 1048576K
Event: 227.003 GC heap after
Heap after GC invocations=20 (full 1):
 PSYoungGen      total 78848K, used 224K [0x000000076ab00000, 0x0000000770980000, 0x00000007c0000000)
  eden space 62976K, 0% used [0x000000076ab00000,0x000000076ab00000,0x000000076e880000)
  from space 15872K, 1% used [0x000000076e980000,0x000000076e9b8000,0x000000076f900000)
  to   space 16896K, 0% used [0x000000076f900000,0x000000076f900000,0x0000000770980000)
 ParOldGen       total 123392K, used 25201K [0x00000006c0000000, 0x00000006c7880000, 0x000000076ab00000)
  object space 123392K, 20% used [0x00000006c0000000,0x00000006c189c628,0x00000006c7880000)
 Metaspace       used 24427K, capacity 24863K, committed 25136K, reserved 1071104K
  class space    used 2441K, capacity 2590K, committed 2608K, reserved 1048576K
}
Event: 240.201 GC heap before
{Heap before GC invocations=21 (full 1):
 PSYoungGen      total 78848K, used 63200K [0x000000076ab00000, 0x0000000770980000, 0x00000007c0000000)
  eden space 62976K, 100% used [0x000000076ab00000,0x000000076e880000,0x000000076e880000)
  from space 15872K, 1% used [0x000000076e980000,0x000000076e9b8000,0x000000076f900000)
  to   space 16896K, 0% used [0x000000076f900000,0x000000076f900000,0x0000000770980000)
 ParOldGen       total 123392K, used 25201K [0x00000006c0000000, 0x00000006c7880000, 0x000000076ab00000)
  object space 123392K, 20% used [0x00000006c0000000,0x00000006c189c628,0x00000006c7880000)
 Metaspace       used 24427K, capacity 24863K, committed 25136K, reserved 1071104K
  class space    used 2441K, capacity 2590K, committed 2608K, reserved 1048576K
Event: 240.205 GC heap after
Heap after GC invocations=21 (full 1):
 PSYoungGen      total 77824K, used 192K [0x000000076ab00000, 0x0000000770880000, 0x00000007c0000000)
  eden space 61952K, 0% used [0x000000076ab00000,0x000000076ab00000,0x000000076e780000)
  from space 15872K, 1% used [0x000000076f900000,0x000000076f930000,0x0000000770880000)
  to   space 16896K, 0% used [0x000000076e780000,0x000000076e780000,0x000000076f800000)
 ParOldGen       total 123392K, used 25233K [0x00000006c0000000, 0x00000006c7880000, 0x000000076ab00000)
  object space 123392K, 20% used [0x00000006c0000000,0x00000006c18a4628,0x00000006c7880000)
 Metaspace       used 24427K, capacity 24863K, committed 25136K, reserved 1071104K
  class space    used 2441K, capacity 2590K, committed 2608K, reserved 1048576K
}

Deoptimization events (10 events):
Event: 252.387 Thread 0x00007fe61d170800 Uncommon trap: reason=unstable_if action=reinterpret pc=0x0000000107cd79b8 method=java.awt.font.FontRenderContext.equals(Ljava/awt/font/FontRenderContext;)Z @ 2
Event: 252.390 Thread 0x00007fe61f924000 Uncommon trap: reason=class_check action=maybe_recompile pc=0x0000000107f4fd40 method=com.jogamp.common.util.RunnableTask.run()V @ 24
Event: 252.391 Thread 0x00007fe61f924000 Uncommon trap: reason=unstable_if action=reinterpret pc=0x0000000107f4d73c method=jogamp.nativewindow.macosx.OSXUtil.RunOnMainThread(ZZLjava/lang/Runnable;)V @ 3
Event: 252.407 Thread 0x00007fe61fb5d800 Uncommon trap: reason=unstable_if action=reinterpret pc=0x0000000107f7320c method=jogamp.opengl.GLContextImpl.release(Z)V @ 161
Event: 252.414 Thread 0x00007fe61fb5d800 Uncommon trap: reason=unstable_if action=reinterpret pc=0x0000000107ed2098 method=java.util.LinkedList$ListItr.<init>(Ljava/util/LinkedList;I)V @ 26
Event: 252.415 Thread 0x00007fe61fb5d800 Uncommon trap: reason=unstable_if action=reinterpret pc=0x0000000107ea3ed4 method=java.security.AccessControlContext.optimize()Ljava/security/AccessControlContext; @ 233
Event: 252.416 Thread 0x00007fe61d170800 Uncommon trap: reason=class_check action=maybe_recompile pc=0x0000000107f650b4 method=java.awt.Component.getGraphics()Ljava/awt/Graphics; @ 114
Event: 252.416 Thread 0x00007fe620864800 Uncommon trap: reason=predicate action=maybe_recompile pc=0x0000000107d686a8 method=java.util.Vector.indexOf(Ljava/lang/Object;I)I @ 44
Event: 252.416 Thread 0x00007fe61f924000 Uncommon trap: reason=class_check action=maybe_recompile pc=0x0000000107f4fd40 method=com.jogamp.common.util.RunnableTask.run()V @ 24
Event: 252.416 Thread 0x00007fe61fb5d800 Uncommon trap: reason=class_check action=maybe_recompile pc=0x0000000107fa7788 method=java.awt.event.InvocationEvent.dispatch()V @ 11

Classes redefined (0 events):
No events

Internal exceptions (10 events):
Event: 0.319 Thread 0x00007fe61f801800 Exception <a 'java/io/FileNotFoundException'> (0x000000076ae5ca08) thrown at [/Users/java_re/workspace/8-2-build-macosx-x86_64/jdk8u161/10277/hotspot/src/share/vm/prims/jni.cpp, line 709]
Event: 0.319 Thread 0x00007fe61f801800 Exception <a 'java/io/FileNotFoundException'> (0x000000076ae5d5a8) thrown at [/Users/java_re/workspace/8-2-build-macosx-x86_64/jdk8u161/10277/hotspot/src/share/vm/prims/jni.cpp, line 709]
Event: 0.419 Thread 0x00007fe61f801800 Exception <a 'java/io/FileNotFoundException'> (0x000000076b1756a0) thrown at [/Users/java_re/workspace/8-2-build-macosx-x86_64/jdk8u161/10277/hotspot/src/share/vm/prims/jni.cpp, line 709]
Event: 2.073 Thread 0x00007fe61d23e800 Exception <a 'java/lang/UnsatisfiedLinkError': com.jogamp.common.util.JarUtil.fixNativeLibAttribs(Ljava/lang/String;)Z> (0x000000076c814258) thrown at [/Users/java_re/workspace/8-2-build-macosx-x86_64/jdk8u161/10277/hotspot/src/share/vm/prims/nativeLookup
Event: 3.021 Thread 0x00007fe61fb5d800 Exception <a 'java/io/FileNotFoundException'> (0x000000076daa5660) thrown at [/Users/java_re/workspace/8-2-build-macosx-x86_64/jdk8u161/10277/hotspot/src/share/vm/prims/jni.cpp, line 709]
Event: 3.021 Thread 0x00007fe61fb5d800 Exception <a 'java/io/FileNotFoundException'> (0x000000076daae1a0) thrown at [/Users/java_re/workspace/8-2-build-macosx-x86_64/jdk8u161/10277/hotspot/src/share/vm/prims/jni.cpp, line 709]
Event: 3.022 Thread 0x00007fe61fb5d800 Implicit null exception at 0x00000001075e04f6 to 0x00000001075e08b9
Event: 3.151 Thread 0x00007fe61fb5d800 Implicit null exception at 0x00000001077f7f86 to 0x00000001077f81cd
Event: 3.351 Thread 0x00007fe61e83b800 Exception <a 'java/lang/NullPointerException'> (0x000000076ad0e928) thrown at [/Users/java_re/workspace/8-2-build-macosx-x86_64/jdk8u161/10277/hotspot/src/share/vm/interpreter/linkResolver.cpp, line 1185]
Event: 91.675 Thread 0x00007fe61d23e800 Implicit null exception at 0x0000000107f43a14 to 0x0000000107f44511

Events (10 events):
Event: 252.417 Thread 0x00007fe61f80d800 flushing nmethod 0x0000000107abdfd0
Event: 252.417 Thread 0x00007fe61f80d800 flushing nmethod 0x0000000107abe590
Event: 252.417 Thread 0x00007fe61f80d800 flushing nmethod 0x0000000107abec10
Event: 252.417 Thread 0x00007fe61f80d800 flushing nmethod 0x0000000107abf0d0
Event: 252.417 Thread 0x00007fe61f80d800 flushing nmethod 0x0000000107abf590
Event: 252.417 Thread 0x00007fe61f80d800 flushing nmethod 0x0000000107abff10
Event: 252.417 Thread 0x00007fe61f80d800 flushing nmethod 0x0000000107ac1810
Event: 252.417 Thread 0x00007fe61f80d800 flushing nmethod 0x0000000107ac6150
Event: 252.417 Thread 0x00007fe61f80d800 flushing nmethod 0x0000000107acb810
Event: 252.417 Thread 0x00007fe61f80d800 flushing nmethod 0x0000000107acc810


Dynamic libraries:
0x000000000cad7000 	/System/Library/Frameworks/Cocoa.framework/Versions/A/Cocoa
0x000000000cad7000 	/System/Library/Frameworks/Security.framework/Versions/A/Security
0x000000000cad7000 	/System/Library/Frameworks/ApplicationServices.framework/Versions/A/ApplicationServices
0x000000000cad7000 	/usr/lib/libz.1.dylib
0x000000000cad7000 	/usr/lib/libSystem.B.dylib
0x000000000cad7000 	/usr/lib/libobjc.A.dylib
0x000000000cad7000 	/System/Library/Frameworks/CoreFoundation.framework/Versions/A/CoreFoundation
0x000000000cad7000 	/System/Library/Frameworks/Foundation.framework/Versions/C/Foundation
0x000000000cad7000 	/System/Library/Frameworks/AppKit.framework/Versions/C/AppKit
0x000000000cad7000 	/System/Library/Frameworks/CoreData.framework/Versions/A/CoreData
0x000000000cad7000 	/System/Library/PrivateFrameworks/RemoteViewServices.framework/Versions/A/RemoteViewServices
0x000000000cad7000 	/System/Library/PrivateFrameworks/UIFoundation.framework/Versions/A/UIFoundation
0x000000000cad7000 	/System/Library/PrivateFrameworks/XCTTargetBootstrap.framework/Versions/A/XCTTargetBootstrap
0x000000000cad7000 	/System/Library/PrivateFrameworks/IconServices.framework/Versions/A/IconServices
0x000000000cad7000 	/System/Library/Frameworks/Metal.framework/Versions/A/Metal
0x000000000cad7000 	/System/Library/PrivateFrameworks/DesktopServicesPriv.framework/Versions/A/DesktopServicesPriv
0x000000000cad7000 	/usr/lib/libenergytrace.dylib
0x000000000cad7000 	/System/Library/PrivateFrameworks/SkyLight.framework/Versions/A/SkyLight
0x000000000cad7000 	/System/Library/Frameworks/CoreGraphics.framework/Versions/A/CoreGraphics
0x000000000cad7000 	/System/Library/Frameworks/Accelerate.framework/Versions/A/Accelerate
0x000000000cad7000 	/System/Library/Frameworks/IOSurface.framework/Versions/A/IOSurface
0x000000000cad7000 	/System/Library/PrivateFrameworks/DFRFoundation.framework/Versions/A/DFRFoundation
0x000000000cad7000 	/System/Library/Frameworks/AudioToolbox.framework/Versions/A/AudioToolbox
0x000000000cad7000 	/System/Library/Frameworks/AudioUnit.framework/Versions/A/AudioUnit
0x000000000cad7000 	/System/Library/PrivateFrameworks/DataDetectorsCore.framework/Versions/A/DataDetectorsCore
0x000000000cad7000 	/System/Library/Frameworks/Carbon.framework/Versions/A/Frameworks/HIToolbox.framework/Versions/A/HIToolbox
0x000000000cad7000 	/usr/lib/libicucore.A.dylib
0x000000000cad7000 	/System/Library/Frameworks/QuartzCore.framework/Versions/A/QuartzCore
0x000000000cad7000 	/System/Library/Frameworks/Carbon.framework/Versions/A/Frameworks/SpeechRecognition.framework/Versions/A/SpeechRecognition
0x000000000cad7000 	/usr/lib/libauto.dylib
0x000000000cad7000 	/usr/lib/libxml2.2.dylib
0x000000000cad7000 	/System/Library/PrivateFrameworks/CoreUI.framework/Versions/A/CoreUI
0x000000000cad7000 	/System/Library/Frameworks/CoreAudio.framework/Versions/A/CoreAudio
0x000000000cad7000 	/System/Library/Frameworks/DiskArbitration.framework/Versions/A/DiskArbitration
0x000000000cad7000 	/usr/lib/liblangid.dylib
0x000000000cad7000 	/System/Library/PrivateFrameworks/MultitouchSupport.framework/Versions/A/MultitouchSupport
0x000000000cad7000 	/System/Library/Frameworks/IOKit.framework/Versions/A/IOKit
0x000000000cad7000 	/usr/lib/libDiagnosticMessagesClient.dylib
0x000000000cad7000 	/System/Library/Frameworks/CoreServices.framework/Versions/A/CoreServices
0x000000000cad7000 	/System/Library/PrivateFrameworks/PerformanceAnalysis.framework/Versions/A/PerformanceAnalysis
0x000000000cad7000 	/System/Library/Frameworks/OpenGL.framework/Versions/A/OpenGL
0x000000000cad7000 	/System/Library/Frameworks/ColorSync.framework/Versions/A/ColorSync
0x000000000cad7000 	/System/Library/Frameworks/CoreImage.framework/Versions/A/CoreImage
0x000000000cad7000 	/System/Library/Frameworks/CoreText.framework/Versions/A/CoreText
0x000000000cad7000 	/System/Library/Frameworks/ImageIO.framework/Versions/A/ImageIO
0x000000000cad7000 	/System/Library/PrivateFrameworks/Backup.framework/Versions/A/Backup
0x000000000cad7000 	/usr/lib/libarchive.2.dylib
0x000000000cad7000 	/System/Library/Frameworks/CFNetwork.framework/Versions/A/CFNetwork
0x000000000cad7000 	/System/Library/Frameworks/SystemConfiguration.framework/Versions/A/SystemConfiguration
0x000000000cad7000 	/usr/lib/libCRFSuite.dylib
0x000000000cad7000 	/usr/lib/libc++.1.dylib
0x000000000cad7000 	/usr/lib/libc++abi.dylib
0x000000000cad7000 	/usr/lib/system/libcache.dylib
0x000000000cad7000 	/usr/lib/system/libcommonCrypto.dylib
0x000000000cad7000 	/usr/lib/system/libcompiler_rt.dylib
0x000000000cad7000 	/usr/lib/system/libcopyfile.dylib
0x000000000cad7000 	/usr/lib/system/libcorecrypto.dylib
0x000000000cad7000 	/usr/lib/system/libdispatch.dylib
0x000000000cad7000 	/usr/lib/system/libdyld.dylib
0x000000000cad7000 	/usr/lib/system/libkeymgr.dylib
0x000000000cad7000 	/usr/lib/system/liblaunch.dylib
0x000000000cad7000 	/usr/lib/system/libmacho.dylib
0x000000000cad7000 	/usr/lib/system/libquarantine.dylib
0x000000000cad7000 	/usr/lib/system/libremovefile.dylib
0x000000000cad7000 	/usr/lib/system/libsystem_asl.dylib
0x000000000cad7000 	/usr/lib/system/libsystem_blocks.dylib
0x000000000cad7000 	/usr/lib/system/libsystem_c.dylib
0x000000000cad7000 	/usr/lib/system/libsystem_configuration.dylib
0x000000000cad7000 	/usr/lib/system/libsystem_coreservices.dylib
0x000000000cad7000 	/usr/lib/system/libsystem_darwin.dylib
0x000000000cad7000 	/usr/lib/system/libsystem_dnssd.dylib
0x000000000cad7000 	/usr/lib/system/libsystem_info.dylib
0x000000000cad7000 	/usr/lib/system/libsystem_m.dylib
0x000000000cad7000 	/usr/lib/system/libsystem_malloc.dylib
0x000000000cad7000 	/usr/lib/system/libsystem_networkextension.dylib
0x000000000cad7000 	/usr/lib/system/libsystem_notify.dylib
0x000000000cad7000 	/usr/lib/system/libsystem_sandbox.dylib
0x000000000cad7000 	/usr/lib/system/libsystem_secinit.dylib
0x000000000cad7000 	/usr/lib/system/libsystem_kernel.dylib
0x000000000cad7000 	/usr/lib/system/libsystem_platform.dylib
0x000000000cad7000 	/usr/lib/system/libsystem_pthread.dylib
0x000000000cad7000 	/usr/lib/system/libsystem_symptoms.dylib
0x000000000cad7000 	/usr/lib/system/libsystem_trace.dylib
0x000000000cad7000 	/usr/lib/system/libunwind.dylib
0x000000000cad7000 	/usr/lib/system/libxpc.dylib
0x000000000cad7000 	/usr/lib/libbsm.0.dylib
0x000000000cad7000 	/usr/lib/system/libkxld.dylib
0x000000000cad7000 	/System/Library/PrivateFrameworks/AppleFSCompression.framework/Versions/A/AppleFSCompression
0x000000000cad7000 	/usr/lib/libOpenScriptingUtil.dylib
0x000000000cad7000 	/usr/lib/libcoretls.dylib
0x000000000cad7000 	/usr/lib/libcoretls_cfhelpers.dylib
0x000000000cad7000 	/usr/lib/libpam.2.dylib
0x000000000cad7000 	/usr/lib/libsqlite3.dylib
0x000000000cad7000 	/usr/lib/libxar.1.dylib
0x000000000cad7000 	/usr/lib/libbz2.1.0.dylib
0x000000000cad7000 	/usr/lib/liblzma.5.dylib
0x000000000cad7000 	/usr/lib/libnetwork.dylib
0x000000000cad7000 	/usr/lib/libapple_nghttp2.dylib
0x000000000cad7000 	/usr/lib/libpcap.A.dylib
0x000000000cad7000 	/System/Library/Frameworks/CoreServices.framework/Versions/A/Frameworks/FSEvents.framework/Versions/A/FSEvents
0x000000000cad7000 	/System/Library/Frameworks/CoreServices.framework/Versions/A/Frameworks/CarbonCore.framework/Versions/A/CarbonCore
0x000000000cad7000 	/System/Library/Frameworks/CoreServices.framework/Versions/A/Frameworks/Metadata.framework/Versions/A/Metadata
0x000000000cad7000 	/System/Library/Frameworks/CoreServices.framework/Versions/A/Frameworks/OSServices.framework/Versions/A/OSServices
0x000000000cad7000 	/System/Library/Frameworks/CoreServices.framework/Versions/A/Frameworks/SearchKit.framework/Versions/A/SearchKit
0x000000000cad7000 	/System/Library/Frameworks/CoreServices.framework/Versions/A/Frameworks/AE.framework/Versions/A/AE
0x000000000cad7000 	/System/Library/Frameworks/CoreServices.framework/Versions/A/Frameworks/LaunchServices.framework/Versions/A/LaunchServices
0x000000000cad7000 	/System/Library/Frameworks/CoreServices.framework/Versions/A/Frameworks/DictionaryServices.framework/Versions/A/DictionaryServices
0x000000000cad7000 	/System/Library/Frameworks/CoreServices.framework/Versions/A/Frameworks/SharedFileList.framework/Versions/A/SharedFileList
0x000000000cad7000 	/System/Library/Frameworks/NetFS.framework/Versions/A/NetFS
0x000000000cad7000 	/System/Library/PrivateFrameworks/NetAuth.framework/Versions/A/NetAuth
0x000000000cad7000 	/System/Library/PrivateFrameworks/login.framework/Versions/A/Frameworks/loginsupport.framework/Versions/A/loginsupport
0x000000000cad7000 	/System/Library/PrivateFrameworks/TCC.framework/Versions/A/TCC
0x000000000cad7000 	/System/Library/PrivateFrameworks/CoreNLP.framework/Versions/A/CoreNLP
0x000000000cad7000 	/System/Library/PrivateFrameworks/MetadataUtilities.framework/Versions/A/MetadataUtilities
0x000000000cad7000 	/usr/lib/libmecabra.dylib
0x000000000cad7000 	/System/Library/Frameworks/ApplicationServices.framework/Versions/A/Frameworks/ATS.framework/Versions/A/ATS
0x000000000cad7000 	/System/Library/Frameworks/ApplicationServices.framework/Versions/A/Frameworks/ColorSyncLegacy.framework/Versions/A/ColorSyncLegacy
0x000000000cad7000 	/System/Library/Frameworks/ApplicationServices.framework/Versions/A/Frameworks/HIServices.framework/Versions/A/HIServices
0x000000000cad7000 	/System/Library/Frameworks/ApplicationServices.framework/Versions/A/Frameworks/LangAnalysis.framework/Versions/A/LangAnalysis
0x000000000cad7000 	/System/Library/Frameworks/ApplicationServices.framework/Versions/A/Frameworks/PrintCore.framework/Versions/A/PrintCore
0x000000000cad7000 	/System/Library/Frameworks/ApplicationServices.framework/Versions/A/Frameworks/QD.framework/Versions/A/QD
0x000000000cad7000 	/System/Library/Frameworks/ApplicationServices.framework/Versions/A/Frameworks/SpeechSynthesis.framework/Versions/A/SpeechSynthesis
0x000000000cad7000 	/usr/lib/libcompression.dylib
0x000000000cad7000 	/System/Library/Frameworks/CoreDisplay.framework/Versions/A/CoreDisplay
0x000000000cad7000 	/System/Library/Frameworks/MetalPerformanceShaders.framework/Versions/A/MetalPerformanceShaders
0x000000000cad7000 	/System/Library/Frameworks/Accelerate.framework/Versions/A/Frameworks/vImage.framework/Versions/A/vImage
0x000000000cad7000 	/System/Library/Frameworks/Accelerate.framework/Versions/A/Frameworks/vecLib.framework/Versions/A/vecLib
0x000000000cad7000 	/System/Library/Frameworks/Accelerate.framework/Versions/A/Frameworks/vecLib.framework/Versions/A/libvMisc.dylib
0x000000000cad7000 	/System/Library/Frameworks/Accelerate.framework/Versions/A/Frameworks/vecLib.framework/Versions/A/libvDSP.dylib
0x000000000cad7000 	/System/Library/Frameworks/Accelerate.framework/Versions/A/Frameworks/vecLib.framework/Versions/A/libBLAS.dylib
0x000000000cad7000 	/System/Library/Frameworks/Accelerate.framework/Versions/A/Frameworks/vecLib.framework/Versions/A/libLAPACK.dylib
0x000000000cad7000 	/System/Library/Frameworks/Accelerate.framework/Versions/A/Frameworks/vecLib.framework/Versions/A/libLinearAlgebra.dylib
0x000000000cad7000 	/System/Library/Frameworks/Accelerate.framework/Versions/A/Frameworks/vecLib.framework/Versions/A/libSparseBLAS.dylib
0x000000000cad7000 	/System/Library/Frameworks/Accelerate.framework/Versions/A/Frameworks/vecLib.framework/Versions/A/libQuadrature.dylib
0x000000000cad7000 	/System/Library/Frameworks/Accelerate.framework/Versions/A/Frameworks/vecLib.framework/Versions/A/libBNNS.dylib
0x000000000cad7000 	/System/Library/Frameworks/Accelerate.framework/Versions/A/Frameworks/vecLib.framework/Versions/A/libSparse.dylib
0x000000000cad7000 	/System/Library/PrivateFrameworks/GPUWrangler.framework/Versions/A/GPUWrangler
0x000000000cad7000 	/System/Library/PrivateFrameworks/IOAccelerator.framework/Versions/A/IOAccelerator
0x000000000cad7000 	/System/Library/PrivateFrameworks/IOPresentment.framework/Versions/A/IOPresentment
0x000000000cad7000 	/System/Library/PrivateFrameworks/DSExternalDisplay.framework/Versions/A/DSExternalDisplay
0x000000000cad7000 	/System/Library/Frameworks/OpenGL.framework/Versions/A/Libraries/libCoreFSCache.dylib
0x000000000cad7000 	/System/Library/Frameworks/MetalPerformanceShaders.framework/Frameworks/MPSCore.framework/Versions/A/MPSCore
0x000000000cad7000 	/System/Library/Frameworks/MetalPerformanceShaders.framework/Frameworks/MPSImage.framework/Versions/A/MPSImage
0x000000000cad7000 	/System/Library/Frameworks/MetalPerformanceShaders.framework/Frameworks/MPSNeuralNetwork.framework/Versions/A/MPSNeuralNetwork
0x000000000cad7000 	/System/Library/Frameworks/MetalPerformanceShaders.framework/Frameworks/MPSMatrix.framework/Versions/A/MPSMatrix
0x000000000cad7000 	/System/Library/Frameworks/MetalPerformanceShaders.framework/Frameworks/MPSRayIntersector.framework/Versions/A/MPSRayIntersector
0x000000000cad7000 	/System/Library/PrivateFrameworks/MetalTools.framework/Versions/A/MetalTools
0x000000000cad7000 	/System/Library/PrivateFrameworks/AggregateDictionary.framework/Versions/A/AggregateDictionary
0x000000000cad7000 	/usr/lib/libMobileGestalt.dylib
0x000000000cad7000 	/System/Library/Frameworks/CoreVideo.framework/Versions/A/CoreVideo
0x000000000cad7000 	/System/Library/PrivateFrameworks/GraphVisualizer.framework/Versions/A/GraphVisualizer
0x000000000cad7000 	/System/Library/PrivateFrameworks/FaceCore.framework/Versions/A/FaceCore
0x000000000cad7000 	/System/Library/Frameworks/OpenCL.framework/Versions/A/OpenCL
0x000000000cad7000 	/usr/lib/libFosl_dynamic.dylib
0x000000000cad7000 	/System/Library/PrivateFrameworks/OTSVG.framework/Versions/A/OTSVG
0x000000000cad7000 	/System/Library/Frameworks/ApplicationServices.framework/Versions/A/Frameworks/ATS.framework/Versions/A/Resources/libFontParser.dylib
0x000000000cad7000 	/System/Library/Frameworks/ApplicationServices.framework/Versions/A/Frameworks/ATS.framework/Versions/A/Resources/libFontRegistry.dylib
0x000000000cad7000 	/System/Library/Frameworks/ImageIO.framework/Versions/A/Resources/libJPEG.dylib
0x000000000cad7000 	/System/Library/Frameworks/ImageIO.framework/Versions/A/Resources/libTIFF.dylib
0x000000000cad7000 	/System/Library/Frameworks/ImageIO.framework/Versions/A/Resources/libPng.dylib
0x000000000cad7000 	/System/Library/Frameworks/ImageIO.framework/Versions/A/Resources/libGIF.dylib
0x000000000cad7000 	/System/Library/Frameworks/ImageIO.framework/Versions/A/Resources/libJP2.dylib
0x000000000cad7000 	/System/Library/Frameworks/ImageIO.framework/Versions/A/Resources/libRadiance.dylib
0x000000000cad7000 	/System/Library/PrivateFrameworks/AppleJPEG.framework/Versions/A/AppleJPEG
0x000000000cad7000 	/System/Library/Frameworks/OpenGL.framework/Versions/A/Libraries/libGFXShared.dylib
0x000000000cad7000 	/System/Library/Frameworks/OpenGL.framework/Versions/A/Libraries/libGLU.dylib
0x000000000cad7000 	/System/Library/Frameworks/OpenGL.framework/Versions/A/Libraries/libGL.dylib
0x000000000cad7000 	/System/Library/Frameworks/OpenGL.framework/Versions/A/Libraries/libGLImage.dylib
0x000000000cad7000 	/System/Library/Frameworks/OpenGL.framework/Versions/A/Libraries/libCVMSPluginSupport.dylib
0x000000000cad7000 	/System/Library/Frameworks/OpenGL.framework/Versions/A/Libraries/libCoreVMClient.dylib
0x000000000cad7000 	/usr/lib/libcups.2.dylib
0x000000000cad7000 	/System/Library/Frameworks/Kerberos.framework/Versions/A/Kerberos
0x000000000cad7000 	/System/Library/Frameworks/GSS.framework/Versions/A/GSS
0x000000000cad7000 	/usr/lib/libresolv.9.dylib
0x000000000cad7000 	/usr/lib/libiconv.2.dylib
0x000000000cad7000 	/System/Library/PrivateFrameworks/Heimdal.framework/Versions/A/Heimdal
0x000000000cad7000 	/usr/lib/libheimdal-asn1.dylib
0x000000000cad7000 	/System/Library/Frameworks/OpenDirectory.framework/Versions/A/OpenDirectory
0x000000000cad7000 	/System/Library/PrivateFrameworks/CommonAuth.framework/Versions/A/CommonAuth
0x000000000cad7000 	/System/Library/Frameworks/OpenDirectory.framework/Versions/A/Frameworks/CFOpenDirectory.framework/Versions/A/CFOpenDirectory
0x000000000cad7000 	/System/Library/Frameworks/SecurityFoundation.framework/Versions/A/SecurityFoundation
0x000000000cad7000 	/System/Library/PrivateFrameworks/APFS.framework/Versions/A/APFS
0x000000000cad7000 	/usr/lib/libutil.dylib
0x000000000cad7000 	/usr/lib/libcharset.1.dylib
0x000000000cad7000 	/System/Library/PrivateFrameworks/AppleSauce.framework/Versions/A/AppleSauce
0x000000000cad7000 	/System/Library/PrivateFrameworks/AssertionServices.framework/Versions/A/AssertionServices
0x000000000cad7000 	/System/Library/PrivateFrameworks/BaseBoard.framework/Versions/A/BaseBoard
0x000000000cad7000 	/usr/lib/libmecab.1.0.0.dylib
0x000000000cad7000 	/usr/lib/libgermantok.dylib
0x000000000cad7000 	/usr/lib/libThaiTokenizer.dylib
0x000000000cad7000 	/usr/lib/libChineseTokenizer.dylib
0x000000000cad7000 	/System/Library/PrivateFrameworks/LanguageModeling.framework/Versions/A/LanguageModeling
0x000000000cad7000 	/System/Library/PrivateFrameworks/CoreEmoji.framework/Versions/A/CoreEmoji
0x000000000cad7000 	/System/Library/PrivateFrameworks/Lexicon.framework/Versions/A/Lexicon
0x000000000cad7000 	/System/Library/PrivateFrameworks/LinguisticData.framework/Versions/A/LinguisticData
0x000000000cad7000 	/usr/lib/libcmph.dylib
0x000000000cad7000 	/System/Library/Frameworks/ServiceManagement.framework/Versions/A/ServiceManagement
0x000000000cad7000 	/System/Library/PrivateFrameworks/BackgroundTaskManagement.framework/Versions/A/BackgroundTaskManagement
0x000000000cad7000 	/usr/lib/libxslt.1.dylib
0x000000000cad7000 	/System/Library/Frameworks/Carbon.framework/Versions/A/Frameworks/Ink.framework/Versions/A/Ink
0x000000000cad7000 	/System/Library/PrivateFrameworks/TextureIO.framework/Versions/A/TextureIO
0x000000000cad7000 	/usr/lib/libate.dylib
0x000000000cad7000 	/System/Library/PrivateFrameworks/CrashReporterSupport.framework/Versions/A/CrashReporterSupport
0x000000000cad7000 	/System/Library/PrivateFrameworks/Sharing.framework/Versions/A/Sharing
0x000000000cad7000 	/System/Library/PrivateFrameworks/AuthKit.framework/Versions/A/AuthKit
0x000000000cad7000 	/System/Library/PrivateFrameworks/Apple80211.framework/Versions/A/Apple80211
0x000000000cad7000 	/System/Library/PrivateFrameworks/CoreUtils.framework/Versions/A/CoreUtils
0x000000000cad7000 	/System/Library/Frameworks/CoreWLAN.framework/Versions/A/CoreWLAN
0x000000000cad7000 	/System/Library/Frameworks/IOBluetooth.framework/Versions/A/IOBluetooth
0x000000000cad7000 	/System/Library/PrivateFrameworks/ProtocolBuffer.framework/Versions/A/ProtocolBuffer
0x000000000cad7000 	/System/Library/PrivateFrameworks/MobileKeyBag.framework/Versions/A/MobileKeyBag
0x000000000cad7000 	/System/Library/PrivateFrameworks/CorePhoneNumbers.framework/Versions/A/CorePhoneNumbers
0x000000000cad7000 	/System/Library/PrivateFrameworks/AppleIDAuthSupport.framework/Versions/A/AppleIDAuthSupport
0x000000000cad7000 	/System/Library/PrivateFrameworks/KeychainCircle.framework/Versions/A/KeychainCircle
0x000000000cad7000 	/System/Library/PrivateFrameworks/ROCKit.framework/Versions/A/ROCKit
0x000000000cad7000 	/System/Library/PrivateFrameworks/CoreWiFi.framework/Versions/A/CoreWiFi
0x000000000cad7000 	/System/Library/Frameworks/CoreBluetooth.framework/Versions/A/CoreBluetooth
0x000000000cad7000 	/System/Library/PrivateFrameworks/DebugSymbols.framework/Versions/A/DebugSymbols
0x000000000cad7000 	/System/Library/PrivateFrameworks/CoreSymbolication.framework/Versions/A/CoreSymbolication
0x000000000cad7000 	/System/Library/PrivateFrameworks/Symbolication.framework/Versions/A/Symbolication
0x000000000cad7000 	/System/Library/PrivateFrameworks/SpeechRecognitionCore.framework/Versions/A/SpeechRecognitionCore
0x000000010644f000 	/Library/Java/JavaVirtualMachines/jdk1.8.0_161.jdk/Contents/Home/jre/lib/server/libjvm.dylib
0x000000000cad7000 	/usr/lib/libstdc++.6.dylib
0x000000010504e000 	/Library/Java/JavaVirtualMachines/jdk1.8.0_161.jdk/Contents/Home/jre/lib/libverify.dylib
0x000000010505c000 	/Library/Java/JavaVirtualMachines/jdk1.8.0_161.jdk/Contents/Home/jre/lib/libjava.dylib
0x00000001050dc000 	/Library/Java/JavaVirtualMachines/jdk1.8.0_161.jdk/Contents/Home/jre/lib/libzip.dylib
0x0000000122318000 	/Library/Java/JavaVirtualMachines/jdk1.8.0_161.jdk/Contents/Home/jre/lib/libawt.dylib
0x00000001223c2000 	/Library/Java/JavaVirtualMachines/jdk1.8.0_161.jdk/Contents/Home/jre/lib/./libmlib_image.dylib
0x000000000cad7000 	/System/Library/Frameworks/JavaVM.framework/Versions/A/Frameworks/JavaNativeFoundation.framework/Versions/A/JavaNativeFoundation
0x000000000cad7000 	/System/Library/Frameworks/JavaVM.framework/Versions/A/Frameworks/JavaRuntimeSupport.framework/Versions/A/JavaRuntimeSupport
0x000000000cad7000 	/System/Library/Frameworks/JavaVM.framework/Versions/A/JavaVM
0x000000000cad7000 	/System/Library/PrivateFrameworks/JavaLaunching.framework/Versions/A/JavaLaunching
0x000000000cad7000 	/System/Library/Frameworks/Carbon.framework/Versions/A/Carbon
0x000000000cad7000 	/System/Library/Frameworks/Carbon.framework/Versions/A/Frameworks/CommonPanels.framework/Versions/A/CommonPanels
0x000000000cad7000 	/System/Library/Frameworks/Carbon.framework/Versions/A/Frameworks/Help.framework/Versions/A/Help
0x000000000cad7000 	/System/Library/Frameworks/Carbon.framework/Versions/A/Frameworks/ImageCapture.framework/Versions/A/ImageCapture
0x000000000cad7000 	/System/Library/Frameworks/Carbon.framework/Versions/A/Frameworks/OpenScripting.framework/Versions/A/OpenScripting
0x000000000cad7000 	/System/Library/Frameworks/Carbon.framework/Versions/A/Frameworks/Print.framework/Versions/A/Print
0x000000000cad7000 	/System/Library/Frameworks/Carbon.framework/Versions/A/Frameworks/SecurityHI.framework/Versions/A/SecurityHI
0x000000012248e000 	/Library/Java/JavaVirtualMachines/jdk1.8.0_161.jdk/Contents/Home/jre/lib/libawt_lwawt.dylib
0x0000000122548000 	/Library/Java/JavaVirtualMachines/jdk1.8.0_161.jdk/Contents/Home/jre/lib/./libosxapp.dylib
0x000000000cad7000 	/System/Library/Frameworks/ExceptionHandling.framework/Versions/A/ExceptionHandling
0x000000000cad7000 	/System/Library/PrivateFrameworks/CoreServicesInternal.framework/Versions/A/CoreServicesInternal
0x000000000cad7000 	/System/Library/CoreServices/RawCamera.bundle/Contents/MacOS/RawCamera
0x000000000cad7000 	/System/Library/PrivateFrameworks/MobileAsset.framework/Versions/A/MobileAsset
0x000000000cad7000 	/System/Library/PrivateFrameworks/StreamingZip.framework/Versions/A/StreamingZip
0x000000000cad7000 	/System/Library/Frameworks/MediaToolbox.framework/Versions/A/MediaToolbox
0x000000000cad7000 	/System/Library/PrivateFrameworks/CoreAVCHD.framework/Versions/A/CoreAVCHD
0x000000000cad7000 	/System/Library/Frameworks/MediaAccessibility.framework/Versions/A/MediaAccessibility
0x000000000cad7000 	/System/Library/PrivateFrameworks/Mangrove.framework/Versions/A/Mangrove
0x000000000cad7000 	/System/Library/Frameworks/CoreMedia.framework/Versions/A/CoreMedia
0x000000000cad7000 	/System/Library/Frameworks/VideoToolbox.framework/Versions/A/VideoToolbox
0x000000000cad7000 	/System/Library/PrivateFrameworks/CoreAUC.framework/Versions/A/CoreAUC
0x000000000cad7000 	/usr/lib/libspindump.dylib
0x000000000cad7000 	/System/Library/PrivateFrameworks/AppleVA.framework/Versions/A/AppleVA
0x000000000cad7000 	/System/Library/Frameworks/Accelerate.framework/Versions/A/Frameworks/vImage.framework/Versions/A/Libraries/libCGInterfaces.dylib
0x000000000cad7000 	/System/Library/Frameworks/ApplicationServices.framework/Versions/A/Frameworks/ATS.framework/Versions/A/Resources/libTrueTypeScaler.dylib
0x000000000cad7000 	/System/Library/Extensions/AppleIntelHD5000GraphicsMTLDriver.bundle/Contents/MacOS/AppleIntelHD5000GraphicsMTLDriver
0x000000000cad7000 	/System/Library/PrivateFrameworks/GPUCompiler.framework/Versions/3902/Libraries/libmetal_timestamp.dylib
0x000000000cad7000 	/System/Library/PrivateFrameworks/FamilyControls.framework/Versions/A/FamilyControls
0x000000000cad7000 	/System/Library/PrivateFrameworks/CommerceKit.framework/Versions/A/Frameworks/CommerceCore.framework/Versions/A/CommerceCore
0x000000000cad7000 	/System/Library/PrivateFrameworks/SystemAdministration.framework/Versions/A/SystemAdministration
0x000000000cad7000 	/System/Library/PrivateFrameworks/AppContainer.framework/Versions/A/AppContainer
0x000000000cad7000 	/System/Library/PrivateFrameworks/AppSandbox.framework/Versions/A/AppSandbox
0x000000000cad7000 	/System/Library/PrivateFrameworks/SecCodeWrapper.framework/Versions/A/SecCodeWrapper
0x000000000cad7000 	/usr/lib/libsandbox.1.dylib
0x000000000cad7000 	/usr/lib/libMatch.1.dylib
0x000000000cad7000 	/System/Library/PrivateFrameworks/DiskManagement.framework/Versions/A/DiskManagement
0x000000000cad7000 	/System/Library/Frameworks/DirectoryService.framework/Versions/A/DirectoryService
0x000000000cad7000 	/System/Library/PrivateFrameworks/DiskImages.framework/Versions/A/DiskImages
0x000000000cad7000 	/System/Library/PrivateFrameworks/LoginUIKit.framework/Versions/A/Frameworks/LoginUICore.framework/Versions/A/LoginUICore
0x000000000cad7000 	/usr/lib/libCoreStorage.dylib
0x000000000cad7000 	/usr/lib/libcsfde.dylib
0x000000000cad7000 	/usr/lib/libodfde.dylib
0x000000000cad7000 	/System/Library/PrivateFrameworks/MediaKit.framework/Versions/A/MediaKit
0x000000000cad7000 	/System/Library/Frameworks/DiscRecording.framework/Versions/A/DiscRecording
0x000000000cad7000 	/System/Library/PrivateFrameworks/EFILogin.framework/Versions/A/EFILogin
0x000000000cad7000 	/System/Library/PrivateFrameworks/ProtectedCloudStorage.framework/Versions/A/ProtectedCloudStorage
0x000000000cad7000 	/usr/lib/libcurl.4.dylib
0x000000000cad7000 	/usr/lib/libcrypto.42.dylib
0x000000000cad7000 	/usr/lib/libssl.44.dylib
0x000000000cad7000 	/System/Library/Frameworks/LDAP.framework/Versions/A/LDAP
0x000000000cad7000 	/System/Library/PrivateFrameworks/TrustEvaluationAgent.framework/Versions/A/TrustEvaluationAgent
0x000000000cad7000 	/usr/lib/libsasl2.2.dylib
0x000000000cad7000 	/System/Library/PrivateFrameworks/CoreDaemon.framework/Versions/B/CoreDaemon
0x000000000cad7000 	/System/Library/PrivateFrameworks/AppleSRP.framework/Versions/A/AppleSRP
0x000000000cad7000 	/System/Library/PrivateFrameworks/ViewBridge.framework/Versions/A/ViewBridge
0x000000000cad7000 	/System/Library/Frameworks/OpenGL.framework/Versions/A/Resources/GLEngine.bundle/GLEngine
0x000000000cad7000 	/System/Library/Frameworks/OpenGL.framework/Versions/A/Libraries/libGLProgrammability.dylib
0x000000000cad7000 	/System/Library/Extensions/AppleIntelHD5000GraphicsGLDriver.bundle/Contents/MacOS/AppleIntelHD5000GraphicsGLDriver
0x000000000cad7000 	/System/Library/PrivateFrameworks/GPUSupport.framework/Versions/A/Libraries/libGPUSupportMercury.dylib
0x000000000cad7000 	/System/Library/Frameworks/OpenGL.framework/Versions/A/Resources/GLRendererFloat.bundle/GLRendererFloat
0x000000000cad7000 	/System/Library/Frameworks/OpenCL.framework/Versions/A/Libraries/libcldcpuengine.dylib
0x000000000cad7000 	/usr/lib/libcrypto.35.dylib
0x0000000127503000 	/Library/Java/JavaVirtualMachines/jdk1.8.0_161.jdk/Contents/Home/jre/lib/libfontmanager.dylib
0x000000012756a000 	/usr/lib/libobjc-trampolines.dylib
0x0000000128bbe000 	/Library/Java/JavaVirtualMachines/jdk1.8.0_161.jdk/Contents/Home/jre/lib/libosxui.dylib
0x0000000129899000 	/Library/Java/JavaVirtualMachines/jdk1.8.0_161.jdk/Contents/Home/jre/lib/libnet.dylib
0x0000000129d30000 	/Library/Java/JavaVirtualMachines/jdk1.8.0_161.jdk/Contents/Home/jre/lib/libnio.dylib
0x000000012597a000 	/private/var/folders/rk/hphxm6hd5130p5cwz1z1qfgm0000gp/T/jogamp_0000/file_cache/jln2717987358188582986/jln951988039874325943/libgluegen-rt.jnilib
0x000000012597f000 	/private/var/folders/rk/hphxm6hd5130p5cwz1z1qfgm0000gp/T/jogamp_0000/file_cache/jln2717987358188582986/jln951988039874325943/libnativewindow_awt.jnilib
0x0000000125982000 	/Library/Java/JavaVirtualMachines/jdk1.8.0_161.jdk/Contents/Home/jre/lib/libjawt.dylib
0x0000000125985000 	/private/var/folders/rk/hphxm6hd5130p5cwz1z1qfgm0000gp/T/jogamp_0000/file_cache/jln2717987358188582986/jln951988039874325943/libnativewindow_macosx.jnilib
0x000000015c7f4000 	/private/var/folders/rk/hphxm6hd5130p5cwz1z1qfgm0000gp/T/jogamp_0000/file_cache/jln2717987358188582986/jln951988039874325943/libjogl_desktop.jnilib
0x0000000128b5b000 	/Library/Java/JavaVirtualMachines/jdk1.8.0_161.jdk/Contents/Home/jre/lib/libsunec.dylib
0x000000012639a000 	/Library/Java/JavaVirtualMachines/jdk1.8.0_161.jdk/Contents/Home/jre/lib/libt2k.dylib
0x00000001263e8000 	/Library/Java/JavaVirtualMachines/jdk1.8.0_161.jdk/Contents/Home/jre/lib/libjpeg.dylib

VM Arguments:
jvm_args: -Djava.security.policy=java.policy.applet -Dfile.encoding=UTF-8 
java_command: sun.applet.AppletViewer module3.EarthquakeCityMap1546948531465.html
java_class_path (initial): /Users/soraia.carmo/Documents/Java Coursera/week 2/UCSDUnfoldingMaps/build:/Users/soraia.carmo/Documents/Java Coursera/week 2/UCSDUnfoldingMaps/lib/core.jar:/Users/soraia.carmo/Documents/Java Coursera/week 2/UCSDUnfoldingMaps/lib/gluegen-rt.jar:/Users/soraia.carmo/Documents/Java Coursera/week 2/UCSDUnfoldingMaps/lib/jogl-all.jar:/Users/soraia.carmo/Documents/Java Coursera/week 2/UCSDUnfoldingMaps/lib/log4j-1.2.15.jar:/Users/soraia.carmo/Documents/Java Coursera/week 2/UCSDUnfoldingMaps/lib/sqlite-jdbc-3.7.2.jar:/Users/soraia.carmo/Documents/Java Coursera/week 2/UCSDUnfoldingMaps/lib/json4processing.jar:/Users/soraia.carmo/Documents/Java Coursera/week 2/UCSDUnfoldingMaps/lib/libTUIO.jar:/Users/soraia.carmo/Documents/Java Coursera/week 2/UCSDUnfoldingMaps/lib/unfolding.0.9.7-uscd.jar
Launcher Type: SUN_STANDARD

Environment Variables:
PATH=/usr/bin:/bin:/usr/sbin:/sbin
SHELL=/bin/zsh
DISPLAY=/private/tmp/com.apple.launchd.zqJlB1rOWp/org.macosforge.xquartz:0

Signal Handlers:
SIGSEGV: [libjvm.dylib+0x5b5439], sa_mask[0]=11111111011111110111111111111111, sa_flags=SA_ONSTACK|SA_RESTART|SA_SIGINFO
SIGBUS: [libjvm.dylib+0x5b5439], sa_mask[0]=11111111011111110111111111111111, sa_flags=SA_RESTART|SA_SIGINFO
SIGFPE: [libjvm.dylib+0x48ae24], sa_mask[0]=11111111011111110111111111111111, sa_flags=SA_RESTART|SA_SIGINFO
SIGPIPE: [libjvm.dylib+0x48ae24], sa_mask[0]=11111111011111110111111111111111, sa_flags=SA_RESTART|SA_SIGINFO
SIGXFSZ: [libjvm.dylib+0x48ae24], sa_mask[0]=11111111011111110111111111111111, sa_flags=SA_RESTART|SA_SIGINFO
SIGILL: [libjvm.dylib+0x48ae24], sa_mask[0]=11111111011111110111111111111111, sa_flags=SA_RESTART|SA_SIGINFO
SIGUSR1: SIG_DFL, sa_mask[0]=00000000000000000000000000000000, sa_flags=none
SIGUSR2: [libjvm.dylib+0x48a942], sa_mask[0]=00100000000000000000000000000000, sa_flags=SA_RESTART|SA_SIGINFO
SIGHUP: [libjvm.dylib+0x488f0d], sa_mask[0]=11111111011111110111111111111111, sa_flags=SA_RESTART|SA_SIGINFO
SIGINT: [libjvm.dylib+0x488f0d], sa_mask[0]=11111111011111110111111111111111, sa_flags=SA_RESTART|SA_SIGINFO
SIGTERM: [libjvm.dylib+0x488f0d], sa_mask[0]=11111111011111110111111111111111, sa_flags=SA_RESTART|SA_SIGINFO
SIGQUIT: [libjvm.dylib+0x488f0d], sa_mask[0]=11111111011111110111111111111111, sa_flags=SA_RESTART|SA_SIGINFO


---------------  S Y S T E M  ---------------

OS:Bsduname:Darwin 18.2.0 Darwin Kernel Version 18.2.0: Fri Oct  5 19:41:49 PDT 2018; root:xnu-4903.221.2~2/RELEASE_X86_64 x86_64
rlimit: STACK 8192k, CORE 0k, NPROC 1418, NOFILE 10240, AS infinity
load average:6.09 5.52 4.62

CPU:total 8 (initial active 8) (4 cores per cpu, 2 threads per core) family 6 model 70 stepping 1, cmov, cx8, fxsr, mmx, sse, sse2, sse3, ssse3, sse4.1, sse4.2, popcnt, avx, avx2, aes, clmul, erms, lzcnt, ht, tsc, tscinvbit, bmi1, bmi2

Memory: 4k page, physical 16777216k(108000k free)

/proc/meminfo:


vm_info: Java HotSpot(TM) 64-Bit Server VM (25.161-b12) for bsd-amd64 JRE (1.8.0_161-b12), built on Dec 19 2017 16:22:20 by "java_re" with gcc 4.2.1 (Based on Apple Inc. build 5658) (LLVM build 2336.11.00)

time: Tue Jan  8 11:59:43 2019
elapsed time: 252 seconds (0d 0h 4m 12s)

