#
# A fatal error has been detected by the Java Runtime Environment:
#
#  SIGSEGV (0xb) at pc=0x00007fff62e7ca1d, pid=94132, tid=0x0000000000000307
#
# JRE version: Java(TM) SE Runtime Environment (8.0_161-b12) (build 1.8.0_161-b12)
# Java VM: Java HotSpot(TM) 64-Bit Server VM (25.161-b12 mixed mode bsd-amd64 compressed oops)
# Problematic frame:
# C  [libobjc.A.dylib+0x7a1d]  objc_msgSend+0x1d
#
# Failed to write core dump. Core dumps have been disabled. To enable core dumping, try "ulimit -c unlimited" before starting Java again
#
# If you would like to submit a bug report, please visit:
#   http://bugreport.java.com/bugreport/crash.jsp
# The crash happened outside the Java Virtual Machine in native code.
# See problematic frame for where to report the bug.
#

---------------  T H R E A D  ---------------

Current thread (0x00007fa9e00e8000):  JavaThread "AWT-AppKit" daemon [_thread_in_native, id=775, stack(0x00007ffee191c000,0x00007ffee211c000)]

siginfo: si_signo: 11 (SIGSEGV), si_code: 1 (SEGV_MAPERR), si_addr: 0x0000000000000018

Registers:
RAX=0x00007fa9de381280, RBX=0x0000000117348450, RCX=0x0000000000000001, RDX=0x0000000000000000
RSP=0x00007ffee2117128, RBP=0x00007ffee21171e0, RSI=0x00007fff34ec5a0b, RDI=0x00007fa9dcf64700
R8 =0x000000009de60017, R9 =0x00007fa9de600000, R10=0x0000000000000000, R11=0x00007fff34ec5a0b
R12=0x0000000000000000, R13=0x0000000165b86e48, R14=0x0000000117348440, R15=0x00007fa9e00e8000
RIP=0x00007fff62e7ca1d, EFLAGS=0x0000000000010246, ERR=0x0000000000000004
  TRAPNO=0x000000000000000e

Top of Stack: (sp=0x00007ffee2117128)
0x00007ffee2117128:   0000000117346157 00007ffee2117180
0x00007ffee2117138:   0000000000000003 00007ffee2117160
0x00007ffee2117148:   000000010ed43e3e 0000000165b86e48
0x00007ffee2117158:   0000000165b86e48 00007fa9de381280
0x00007ffee2117168:   00000001173486a0 0000000117348710
0x00007ffee2117178:   00007fff8f790ca8 00007fff90e86e48
0x00007ffee2117188:   0000000117348450 0000000117348690
0x00007ffee2117198:   00007fa9de381280 00007fa9dcf64700
0x00007ffee21171a8:   00007fa9dcf3a410 00007fa9de381280
0x00007ffee21171b8:   00007fa9dcf64700 00007ffee2117268
0x00007ffee21171c8:   00007fa9e00e81f8 0000000165b86e48
0x00007ffee21171d8:   00007ffee2117290 00007ffee2117258
0x00007ffee21171e8:   0000000118993667 0000000165b86e48
0x00007ffee21171f8:   00007ffee2117290 00007ffee2117258
0x00007ffee2117208:   00000001189933c7 0000000118993382
0x00007ffee2117218:   00007ffee2117218 0000000165b86e48
0x00007ffee2117228:   00007ffee2117290 0000000165baa428
0x00007ffee2117238:   0000000000000000 0000000165b86e48
0x00007ffee2117248:   0000000000000000 00007ffee2117278
0x00007ffee2117258:   00007ffee21172d8 00000001189832bd
0x00007ffee2117268:   00000006c006c9a8 000000011898cd18
0x00007ffee2117278:   00007fa9de381280 00007ffee21172d8
0x00007ffee2117288:   00007fa9dcf64700 000000011898e782
0x00007ffee2117298:   00007ffee2117298 0000000165b87012
0x00007ffee21172a8:   00007ffee2117300 0000000165baa428
0x00007ffee21172b8:   0000000000000000 0000000165b87020
0x00007ffee21172c8:   00007ffee2117278 00007ffee21172e8
0x00007ffee21172d8:   00007ffee2117348 00000001189832bd
0x00007ffee21172e8:   00007fa9de381280 00000006c0011938
0x00007ffee21172f8:   00007fa9dcf64700 00000006c0011938
0x00007ffee2117308:   00007ffee2117308 0000000167e7afae
0x00007ffee2117318:   00007ffee2117358 0000000167e7b068 

Instructions: (pc=0x00007fff62e7ca1d)
0x00007fff62e7c9fd:   0f 1f 00 48 85 ff 2e 74 62 40 f6 c7 01 2e 75 66
0x00007fff62e7ca0d:   49 ba f8 ff ff ff ff 7f 00 00 4c 23 17 49 89 f3
0x00007fff62e7ca1d:   45 23 5a 18 49 c1 e3 04 4d 03 5a 10 49 3b 33 75
0x00007fff62e7ca2d:   04 41 ff 63 08 49 83 3b 01 76 0d 49 83 c3 10 49 

Register to memory mapping:

RAX=0x00007fa9de381280 is an unknown value
RBX=0x0000000117348450: Java_jogamp_nativewindow_macosx_OSXUtil_GetScreenRefreshRate0+0x1cf0 in /private/var/folders/rk/hphxm6hd5130p5cwz1z1qfgm0000gp/T/jogamp_0000/file_cache/jln9160568089275071812/jln8159135239331224282/libnativewindow_macosx.jnilib at 0x0000000117341000
RCX=0x0000000000000001 is an unknown value
RDX=0x0000000000000000 is an unknown value
RSP=0x00007ffee2117128 is pointing into the stack for thread: 0x00007fa9e00e8000
RBP=0x00007ffee21171e0 is pointing into the stack for thread: 0x00007fa9e00e8000
RSI=0x00007fff34ec5a0b: GCC_except_table7+0x9eaf in /System/Library/Frameworks/AppKit.framework/Versions/C/AppKit at 0x00007fff342b7000
RDI=0x00007fa9dcf64700 is an unknown value
R8 =0x000000009de60017 is an unknown value
R9 =0x00007fa9de600000 is an unknown value
R10=0x0000000000000000 is an unknown value
R11=0x00007fff34ec5a0b: GCC_except_table7+0x9eaf in /System/Library/Frameworks/AppKit.framework/Versions/C/AppKit at 0x00007fff342b7000
R12=0x0000000000000000 is an unknown value
R13={method} {0x0000000165b86e48} 'UnsetJAWTRootSurfaceLayer0' '(JJ)V' in 'jogamp/nativewindow/jawt/macosx/MacOSXJAWTWindow'
R14=0x0000000117348440: Java_jogamp_nativewindow_macosx_OSXUtil_GetScreenRefreshRate0+0x1ce0 in /private/var/folders/rk/hphxm6hd5130p5cwz1z1qfgm0000gp/T/jogamp_0000/file_cache/jln9160568089275071812/jln8159135239331224282/libnativewindow_macosx.jnilib at 0x0000000117341000
R15=0x00007fa9e00e8000 is a thread


Stack: [0x00007ffee191c000,0x00007ffee211c000],  sp=0x00007ffee2117128,  free space=8172k
Native frames: (J=compiled Java code, j=interpreted, Vv=VM code, C=native code)
C  [libobjc.A.dylib+0x7a1d]  objc_msgSend+0x1d
j  jogamp.nativewindow.jawt.macosx.MacOSXJAWTWindow.UnsetJAWTRootSurfaceLayer0(JJ)V+0
j  jogamp.nativewindow.jawt.macosx.MacOSXJAWTWindow.access$200(JJ)V+2
j  jogamp.nativewindow.jawt.macosx.MacOSXJAWTWindow$1.run()V+38
J 2746 C1 com.jogamp.common.util.RunnableTask.run()V (345 bytes) @ 0x00000001192b9ff4 [0x00000001192b9e60+0x194]
v  ~StubRoutines::call_stub
V  [libjvm.dylib+0x2ef9aa]  JavaCalls::call_helper(JavaValue*, methodHandle*, JavaCallArguments*, Thread*)+0x6ae
V  [libjvm.dylib+0x326bd8]  jni_invoke_nonstatic(JNIEnv_*, JavaValue*, _jobject*, JNICallType, _jmethodID*, JNI_ArgumentPusher*, Thread*)+0x2ec
V  [libjvm.dylib+0x3193bb]  jni_CallVoidMethod+0x16b
C  [libnativewindow_macosx.jnilib+0x5326]  Java_jogamp_nativewindow_jawt_macosx_MacOSXJAWTWindow_UnsetJAWTRootSurfaceLayer0+0x2b6
C  [Foundation+0xb1abb]  __NSThreadPerformPerform+0x147
C  [CoreFoundation+0x58155]  __CFRUNLOOP_IS_CALLING_OUT_TO_A_SOURCE0_PERFORM_FUNCTION__+0x11
C  [CoreFoundation+0x580fb]  __CFRunLoopDoSource0+0x6c
C  [CoreFoundation+0x3bb95]  __CFRunLoopDoSources0+0xc3
C  [CoreFoundation+0x3b13e]  __CFRunLoopRun+0x4c3
C  [CoreFoundation+0x3aa28]  CFRunLoopRunSpecific+0x1cf
C  [HIToolbox+0xab35]  RunCurrentEventLoopInMode+0x125
C  [HIToolbox+0xa774]  ReceiveNextEventCommon+0x173
C  [HIToolbox+0xa5e8]  _BlockUntilNextEventMatchingListInModeWithFilter+0x40
C  [AppKit+0x1aeb7]  _DPSNextEvent+0x3e5
C  [AppKit+0x19c56]  -[NSApplication(NSEvent) _nextEventMatchingEventMask:untilDate:inMode:dequeue:]+0x552
C  [libosxapp.dylib+0x23aa]  -[NSApplicationAWT nextEventMatchingMask:untilDate:inMode:dequeue:]+0x7c
C  [AppKit+0x13cb9]  -[NSApplication run]+0x2bb
C  [libosxapp.dylib+0x214d]  +[NSApplicationAWT runAWTLoopWithApp:]+0x9c
C  [libawt_lwawt.dylib+0x47397]  -[AWTStarter starter:]+0x389
C  [Foundation+0xb1abb]  __NSThreadPerformPerform+0x147
C  [CoreFoundation+0x58155]  __CFRUNLOOP_IS_CALLING_OUT_TO_A_SOURCE0_PERFORM_FUNCTION__+0x11
C  [CoreFoundation+0x580fb]  __CFRunLoopDoSource0+0x6c
C  [CoreFoundation+0x3bb95]  __CFRunLoopDoSources0+0xc3
C  [CoreFoundation+0x3b13e]  __CFRunLoopRun+0x4c3
C  [CoreFoundation+0x3aa28]  CFRunLoopRunSpecific+0x1cf
C  [java+0x647a]  CreateExecutionEnvironment+0x367
C  [java+0x212c]  JLI_Launch+0x7a0
C  [java+0x84d7]  main+0x65
C  [java+0x1984]  start+0x34
C  0x0000000000000007

Java frames: (J=compiled Java code, j=interpreted, Vv=VM code)
j  jogamp.nativewindow.jawt.macosx.MacOSXJAWTWindow.UnsetJAWTRootSurfaceLayer0(JJ)V+0
j  jogamp.nativewindow.jawt.macosx.MacOSXJAWTWindow.access$200(JJ)V+2
j  jogamp.nativewindow.jawt.macosx.MacOSXJAWTWindow$1.run()V+38
J 2746 C1 com.jogamp.common.util.RunnableTask.run()V (345 bytes) @ 0x00000001192b9ff4 [0x00000001192b9e60+0x194]
v  ~StubRoutines::call_stub

---------------  P R O C E S S  ---------------

Java Threads: ( => current thread )
  0x00007fa9df6b8800 JavaThread "Thread-19" [_thread_blocked, id=84999, stack(0x00007000070d0000,0x00007000071d0000)]
  0x00007fa9df83a000 JavaThread "Image Fetcher 3" daemon [_thread_blocked, id=63747, stack(0x0000700008312000,0x0000700008412000)]
  0x00007fa9df7ba800 JavaThread "Image Fetcher 2" daemon [_thread_blocked, id=63491, stack(0x000070000820f000,0x000070000830f000)]
  0x00007fa9e0517000 JavaThread "Image Fetcher 1" daemon [_thread_blocked, id=63235, stack(0x000070000810c000,0x000070000820c000)]
  0x00007fa9e3838000 JavaThread "Image Fetcher 0" daemon [_thread_blocked, id=70715, stack(0x0000700008009000,0x0000700008109000)]
  0x00007fa9df840800 JavaThread "Keep-Alive-Timer" daemon [_thread_blocked, id=61447, stack(0x0000700007a77000,0x0000700007b77000)]
  0x00007fa9dd8e1800 JavaThread "Animation Thread" [_thread_blocked, id=59451, stack(0x0000700007871000,0x0000700007971000)]
  0x00007fa9df351800 JavaThread "AWT-EventQueue-1" [_thread_blocked, id=74803, stack(0x0000700007974000,0x0000700007a74000)]
  0x00007fa9e015b000 JavaThread "DestroyJavaVM" [_thread_blocked, id=6403, stack(0x0000700005b8e000,0x0000700005c8e000)]
  0x00007fa9df2fa800 JavaThread "AWT-EventQueue-0" [_thread_blocked, id=78087, stack(0x000070000776e000,0x000070000786e000)]
  0x00007fa9e0104000 JavaThread "Java2D Disposer" daemon [_thread_blocked, id=55567, stack(0x00007000074e5000,0x00007000075e5000)]
  0x00007fa9dd866000 JavaThread "Java2D Queue Flusher" daemon [_thread_blocked, id=81159, stack(0x00007000073e2000,0x00007000074e2000)]
  0x00007fa9e00f4000 JavaThread "AWT-Shutdown" [_thread_blocked, id=37671, stack(0x0000700006ec7000,0x0000700006fc7000)]
=>0x00007fa9e00e8000 JavaThread "AWT-AppKit" daemon [_thread_in_native, id=775, stack(0x00007ffee191c000,0x00007ffee211c000)]
  0x00007fa9e004b000 JavaThread "Service Thread" daemon [_thread_blocked, id=17411, stack(0x0000700006cc1000,0x0000700006dc1000)]
  0x00007fa9e0022800 JavaThread "C1 CompilerThread3" daemon [_thread_blocked, id=16387, stack(0x0000700006bbe000,0x0000700006cbe000)]
  0x00007fa9e0021800 JavaThread "C2 CompilerThread2" daemon [_thread_blocked, id=15875, stack(0x0000700006abb000,0x0000700006bbb000)]
  0x00007fa9e0021000 JavaThread "C2 CompilerThread1" daemon [_thread_blocked, id=15619, stack(0x00007000069b8000,0x0000700006ab8000)]
  0x00007fa9e0020000 JavaThread "C2 CompilerThread0" daemon [_thread_blocked, id=18179, stack(0x00007000068b5000,0x00007000069b5000)]
  0x00007fa9e001f800 JavaThread "Signal Dispatcher" daemon [_thread_blocked, id=14851, stack(0x00007000067b2000,0x00007000068b2000)]
  0x00007fa9df047000 JavaThread "Finalizer" daemon [_thread_blocked, id=19971, stack(0x00007000066af000,0x00007000067af000)]
  0x00007fa9df044000 JavaThread "Reference Handler" daemon [_thread_blocked, id=20227, stack(0x00007000065ac000,0x00007000066ac000)]

Other Threads:
  0x00007fa9df03f800 VMThread [stack: 0x00007000064a9000,0x00007000065a9000] [id=13059]
  0x00007fa9dd05a000 WatcherThread [stack: 0x0000700006dc4000,0x0000700006ec4000] [id=16899]

VM state:not at safepoint (normal execution)

VM Mutex/Monitor currently owned by a thread: None

Heap:
 PSYoungGen      total 76288K, used 24154K [0x000000076ab00000, 0x0000000771280000, 0x00000007c0000000)
  eden space 65536K, 20% used [0x000000076ab00000,0x000000076b81dfc0,0x000000076eb00000)
  from space 10752K, 99% used [0x000000076f580000,0x000000076fff88a8,0x0000000770000000)
  to   space 10752K, 0% used [0x000000076eb00000,0x000000076eb00000,0x000000076f580000)
 ParOldGen       total 125952K, used 13842K [0x00000006c0000000, 0x00000006c7b00000, 0x000000076ab00000)
  object space 125952K, 10% used [0x00000006c0000000,0x00000006c0d84838,0x00000006c7b00000)
 Metaspace       used 24122K, capacity 24557K, committed 24960K, reserved 1071104K
  class space    used 2440K, capacity 2593K, committed 2688K, reserved 1048576K

Card table byte_map: [0x000000010ff6e000,0x000000011076f000] byte_map_base: 0x000000010c96e000

Marking Bits: (ParMarkBitMap*) 0x000000010f4f76c0
 Begin Bits: [0x000000012797b000, 0x000000012b97b000)
 End Bits:   [0x000000012b97b000, 0x000000012f97b000)

Polling page: 0x000000010db57000

CodeCache: size=245760Kb used=9683Kb max_used=9683Kb free=236076Kb
 bounds [0x000000011897b000, 0x00000001192fb000, 0x000000012797b000]
 total_blobs=3784 nmethods=2840 adapters=857
 compilation: enabled

Compilation events (10 events):
Event: 7.962 Thread 0x00007fa9e0022800 nmethod 2835 0x00000001192eced0 code [0x00000001192ed040, 0x00000001192ed2a8]
Event: 7.973 Thread 0x00007fa9e0022800 2836       3       sun.misc.URLClassPath$JarLoader$2::getInputStream (15 bytes)
Event: 7.974 Thread 0x00007fa9e0022800 nmethod 2836 0x00000001192ec990 code [0x00000001192ecb00, 0x00000001192ecd48]
Event: 7.974 Thread 0x00007fa9e0022800 2837       3       sun.misc.URLClassPath$JarLoader$2::getContentLength (9 bytes)
Event: 7.974 Thread 0x00007fa9e0022800 nmethod 2837 0x00000001192f6650 code [0x00000001192f67c0, 0x00000001192f6a10]
Event: 7.974 Thread 0x00007fa9e0022800 2838       3       sun.misc.URLClassPath$JarLoader$2::getCodeSigners (8 bytes)
Event: 7.974 Thread 0x00007fa9e0022800 nmethod 2838 0x00000001192f6ad0 code [0x00000001192f6c40, 0x00000001192f6e68]
Event: 7.974 Thread 0x00007fa9e0022800 2839   !   3       java.util.jar.JarFile$JarFileEntry::getCodeSigners (78 bytes)
Event: 7.974 Thread 0x00007fa9e0022800 nmethod 2839 0x00000001192f6f10 code [0x00000001192f70e0, 0x00000001192f76f8]
Event: 7.976 Thread 0x00007fa9e0022800 2840       3       sun.awt.CGraphicsConfig::getDevice (5 bytes)

GC Heap History (6 events):
Event: 3.255 GC heap before
{Heap before GC invocations=1 (full 0):
 PSYoungGen      total 76288K, used 60042K [0x000000076ab00000, 0x0000000770000000, 0x00000007c0000000)
  eden space 65536K, 91% used [0x000000076ab00000,0x000000076e5a2838,0x000000076eb00000)
  from space 10752K, 0% used [0x000000076f580000,0x000000076f580000,0x0000000770000000)
  to   space 10752K, 0% used [0x000000076eb00000,0x000000076eb00000,0x000000076f580000)
 ParOldGen       total 175104K, used 0K [0x00000006c0000000, 0x00000006cab00000, 0x000000076ab00000)
  object space 175104K, 0% used [0x00000006c0000000,0x00000006c0000000,0x00000006cab00000)
 Metaspace       used 20588K, capacity 21011K, committed 21248K, reserved 1069056K
  class space    used 2142K, capacity 2294K, committed 2304K, reserved 1048576K
Event: 3.265 GC heap after
Heap after GC invocations=1 (full 0):
 PSYoungGen      total 76288K, used 9585K [0x000000076ab00000, 0x0000000770000000, 0x00000007c0000000)
  eden space 65536K, 0% used [0x000000076ab00000,0x000000076ab00000,0x000000076eb00000)
  from space 10752K, 89% used [0x000000076eb00000,0x000000076f45c5b8,0x000000076f580000)
  to   space 10752K, 0% used [0x000000076f580000,0x000000076f580000,0x0000000770000000)
 ParOldGen       total 175104K, used 24K [0x00000006c0000000, 0x00000006cab00000, 0x000000076ab00000)
  object space 175104K, 0% used [0x00000006c0000000,0x00000006c0006000,0x00000006cab00000)
 Metaspace       used 20588K, capacity 21011K, committed 21248K, reserved 1069056K
  class space    used 2142K, capacity 2294K, committed 2304K, reserved 1048576K
}
Event: 3.265 GC heap before
{Heap before GC invocations=2 (full 1):
 PSYoungGen      total 76288K, used 9585K [0x000000076ab00000, 0x0000000770000000, 0x00000007c0000000)
  eden space 65536K, 0% used [0x000000076ab00000,0x000000076ab00000,0x000000076eb00000)
  from space 10752K, 89% used [0x000000076eb00000,0x000000076f45c5b8,0x000000076f580000)
  to   space 10752K, 0% used [0x000000076f580000,0x000000076f580000,0x0000000770000000)
 ParOldGen       total 175104K, used 24K [0x00000006c0000000, 0x00000006cab00000, 0x000000076ab00000)
  object space 175104K, 0% used [0x00000006c0000000,0x00000006c0006000,0x00000006cab00000)
 Metaspace       used 20588K, capacity 21011K, committed 21248K, reserved 1069056K
  class space    used 2142K, capacity 2294K, committed 2304K, reserved 1048576K
Event: 3.295 GC heap after
Heap after GC invocations=2 (full 1):
 PSYoungGen      total 76288K, used 0K [0x000000076ab00000, 0x0000000770000000, 0x00000007c0000000)
  eden space 65536K, 0% used [0x000000076ab00000,0x000000076ab00000,0x000000076eb00000)
  from space 10752K, 0% used [0x000000076eb00000,0x000000076eb00000,0x000000076f580000)
  to   space 10752K, 0% used [0x000000076f580000,0x000000076f580000,0x0000000770000000)
 ParOldGen       total 125952K, used 9291K [0x00000006c0000000, 0x00000006c7b00000, 0x000000076ab00000)
  object space 125952K, 7% used [0x00000006c0000000,0x00000006c0912e68,0x00000006c7b00000)
 Metaspace       used 20588K, capacity 21011K, committed 21248K, reserved 1069056K
  class space    used 2142K, capacity 2294K, committed 2304K, reserved 1048576K
}
Event: 5.877 GC heap before
{Heap before GC invocations=3 (full 1):
 PSYoungGen      total 76288K, used 65536K [0x000000076ab00000, 0x0000000770000000, 0x00000007c0000000)
  eden space 65536K, 100% used [0x000000076ab00000,0x000000076eb00000,0x000000076eb00000)
  from space 10752K, 0% used [0x000000076eb00000,0x000000076eb00000,0x000000076f580000)
  to   space 10752K, 0% used [0x000000076f580000,0x000000076f580000,0x0000000770000000)
 ParOldGen       total 125952K, used 9291K [0x00000006c0000000, 0x00000006c7b00000, 0x000000076ab00000)
  object space 125952K, 7% used [0x00000006c0000000,0x00000006c0912e68,0x00000006c7b00000)
 Metaspace       used 23924K, capacity 24319K, committed 24576K, reserved 1071104K
  class space    used 2426K, capacity 2558K, committed 2560K, reserved 1048576K
Event: 5.889 GC heap after
Heap after GC invocations=3 (full 1):
 PSYoungGen      total 76288K, used 10722K [0x000000076ab00000, 0x0000000771280000, 0x00000007c0000000)
  eden space 65536K, 0% used [0x000000076ab00000,0x000000076ab00000,0x000000076eb00000)
  from space 10752K, 99% used [0x000000076f580000,0x000000076fff88a8,0x0000000770000000)
  to   space 10752K, 0% used [0x000000076eb00000,0x000000076eb00000,0x000000076f580000)
 ParOldGen       total 125952K, used 13842K [0x00000006c0000000, 0x00000006c7b00000, 0x000000076ab00000)
  object space 125952K, 10% used [0x00000006c0000000,0x00000006c0d84838,0x00000006c7b00000)
 Metaspace       used 23924K, capacity 24319K, committed 24576K, reserved 1071104K
  class space    used 2426K, capacity 2558K, committed 2560K, reserved 1048576K
}

Deoptimization events (10 events):
Event: 3.763 Thread 0x00007fa9df351800 Uncommon trap: reason=class_check action=maybe_recompile pc=0x0000000118e638bc method=java.util.regex.Matcher.search(I)Z @ 86
Event: 3.806 Thread 0x00007fa9df351800 Uncommon trap: reason=unstable_if action=reinterpret pc=0x000000011903d228 method=processing.opengl.PGraphicsOpenGL$InGeometry.addVertex(FFFIFFFFFIFIIIFIZ)I @ 218
Event: 3.862 Thread 0x00007fa9df351800 Uncommon trap: reason=unstable_if action=reinterpret pc=0x00000001190c6bf4 method=processing.opengl.Texture.convertToRGBA([IIII)V @ 281
Event: 7.945 Thread 0x00007fa9df351800 Uncommon trap: reason=unstable_if action=reinterpret pc=0x0000000119120f28 method=com.jogamp.common.util.VersionNumber.compareTo(Lcom/jogamp/common/util/VersionNumber;)I @ 21
Event: 7.960 Thread 0x00007fa9df286000 Uncommon trap: reason=bimorphic action=maybe_recompile pc=0x0000000118e8b730 method=java.util.HashMap.putVal(ILjava/lang/Object;Ljava/lang/Object;ZZ)Ljava/lang/Object; @ 91
Event: 7.960 Thread 0x00007fa9df286000 Uncommon trap: reason=bimorphic action=maybe_recompile pc=0x0000000118e8b730 method=java.util.HashMap.putVal(ILjava/lang/Object;Ljava/lang/Object;ZZ)Ljava/lang/Object; @ 91
Event: 7.960 Thread 0x00007fa9df286000 Uncommon trap: reason=bimorphic action=maybe_recompile pc=0x0000000118e8b730 method=java.util.HashMap.putVal(ILjava/lang/Object;Ljava/lang/Object;ZZ)Ljava/lang/Object; @ 91
Event: 7.960 Thread 0x00007fa9df286000 Uncommon trap: reason=bimorphic action=maybe_recompile pc=0x0000000118e8b730 method=java.util.HashMap.putVal(ILjava/lang/Object;Ljava/lang/Object;ZZ)Ljava/lang/Object; @ 91
Event: 7.960 Thread 0x00007fa9df286000 Uncommon trap: reason=bimorphic action=maybe_recompile pc=0x0000000118db4d74 method=java.util.HashMap.putVal(ILjava/lang/Object;Ljava/lang/Object;ZZ)Ljava/lang/Object; @ 91
Event: 7.976 Thread 0x00007fa9df6b8800 Uncommon trap: reason=predicate action=maybe_recompile pc=0x0000000119290230 method=java.util.Vector.indexOf(Ljava/lang/Object;I)I @ 44

Classes redefined (0 events):
No events

Internal exceptions (10 events):
Event: 0.145 Thread 0x00007fa9df001800 Exception <a 'java/lang/NoSuchFieldError': method resolution failed> (0x000000076ade1030) thrown at [/Users/java_re/workspace/8-2-build-macosx-x86_64/jdk8u161/10277/hotspot/src/share/vm/prims/methodHandles.cpp, line 1167]
Event: 0.310 Thread 0x00007fa9df001800 Exception <a 'java/io/FileNotFoundException'> (0x000000076ae5ca08) thrown at [/Users/java_re/workspace/8-2-build-macosx-x86_64/jdk8u161/10277/hotspot/src/share/vm/prims/jni.cpp, line 709]
Event: 0.310 Thread 0x00007fa9df001800 Exception <a 'java/io/FileNotFoundException'> (0x000000076ae5d5a8) thrown at [/Users/java_re/workspace/8-2-build-macosx-x86_64/jdk8u161/10277/hotspot/src/share/vm/prims/jni.cpp, line 709]
Event: 0.418 Thread 0x00007fa9df001800 Exception <a 'java/io/FileNotFoundException'> (0x000000076b175670) thrown at [/Users/java_re/workspace/8-2-build-macosx-x86_64/jdk8u161/10277/hotspot/src/share/vm/prims/jni.cpp, line 709]
Event: 2.116 Thread 0x00007fa9dd8e1800 Exception <a 'java/lang/UnsatisfiedLinkError': com.jogamp.common.util.JarUtil.fixNativeLibAttribs(Ljava/lang/String;)Z> (0x000000076c7f9b80) thrown at [/Users/java_re/workspace/8-2-build-macosx-x86_64/jdk8u161/10277/hotspot/src/share/vm/prims/nativeLookup
Event: 3.023 Thread 0x00007fa9df351800 Exception <a 'java/io/FileNotFoundException'> (0x000000076da4d310) thrown at [/Users/java_re/workspace/8-2-build-macosx-x86_64/jdk8u161/10277/hotspot/src/share/vm/prims/jni.cpp, line 709]
Event: 3.024 Thread 0x00007fa9df351800 Exception <a 'java/io/FileNotFoundException'> (0x000000076da55e98) thrown at [/Users/java_re/workspace/8-2-build-macosx-x86_64/jdk8u161/10277/hotspot/src/share/vm/prims/jni.cpp, line 709]
Event: 3.024 Thread 0x00007fa9df351800 Implicit null exception at 0x0000000118b68774 to 0x0000000118b68ba9
Event: 3.150 Thread 0x00007fa9df351800 Implicit null exception at 0x0000000118d6dc46 to 0x0000000118d6de8d
Event: 3.296 Thread 0x00007fa9df047000 Exception <a 'java/lang/NullPointerException'> (0x000000076ad0c3d8) thrown at [/Users/java_re/workspace/8-2-build-macosx-x86_64/jdk8u161/10277/hotspot/src/share/vm/interpreter/linkResolver.cpp, line 1185]

Events (10 events):
Event: 7.975 loading class java/awt/event/AWTEventListenerProxy
Event: 7.975 loading class java/awt/event/AWTEventListenerProxy done
Event: 7.975 loading class java/awt/Toolkit$ToolkitEventMulticaster
Event: 7.975 loading class java/awt/Toolkit$ToolkitEventMulticaster done
Event: 7.976 Thread 0x00007fa9df286000 Thread exited: 0x00007fa9df286000
Event: 7.976 Thread 0x00007fa9df6b8800 Uncommon trap: trap_request=0xffffff86 fr.pc=0x0000000119290230
Event: 7.976 Thread 0x00007fa9df6b8800 DEOPT PACKING pc=0x0000000119290230 sp=0x00007000071cf7a0
Event: 7.976 Thread 0x00007fa9df6b8800 DEOPT UNPACKING pc=0x00000001189c073a sp=0x00007000071cf768 mode 2
Event: 7.976 loading class java/awt/Window$1DisposeAction
Event: 7.976 loading class java/awt/Window$1DisposeAction done


Dynamic libraries:
0x000000000cad7000 	/System/Library/Frameworks/Cocoa.framework/Versions/A/Cocoa
0x000000000cad7000 	/System/Library/Frameworks/Security.framework/Versions/A/Security
0x000000000cad7000 	/System/Library/Frameworks/ApplicationServices.framework/Versions/A/ApplicationServices
0x000000000cad7000 	/usr/lib/libz.1.dylib
0x000000000cad7000 	/usr/lib/libSystem.B.dylib
0x000000000cad7000 	/usr/lib/libobjc.A.dylib
0x000000000cad7000 	/System/Library/Frameworks/CoreFoundation.framework/Versions/A/CoreFoundation
0x000000000cad7000 	/System/Library/Frameworks/Foundation.framework/Versions/C/Foundation
0x000000000cad7000 	/System/Library/Frameworks/AppKit.framework/Versions/C/AppKit
0x000000000cad7000 	/System/Library/Frameworks/CoreData.framework/Versions/A/CoreData
0x000000000cad7000 	/System/Library/PrivateFrameworks/RemoteViewServices.framework/Versions/A/RemoteViewServices
0x000000000cad7000 	/System/Library/PrivateFrameworks/UIFoundation.framework/Versions/A/UIFoundation
0x000000000cad7000 	/System/Library/PrivateFrameworks/XCTTargetBootstrap.framework/Versions/A/XCTTargetBootstrap
0x000000000cad7000 	/System/Library/PrivateFrameworks/IconServices.framework/Versions/A/IconServices
0x000000000cad7000 	/System/Library/Frameworks/Metal.framework/Versions/A/Metal
0x000000000cad7000 	/System/Library/PrivateFrameworks/DesktopServicesPriv.framework/Versions/A/DesktopServicesPriv
0x000000000cad7000 	/usr/lib/libenergytrace.dylib
0x000000000cad7000 	/System/Library/PrivateFrameworks/SkyLight.framework/Versions/A/SkyLight
0x000000000cad7000 	/System/Library/Frameworks/CoreGraphics.framework/Versions/A/CoreGraphics
0x000000000cad7000 	/System/Library/Frameworks/Accelerate.framework/Versions/A/Accelerate
0x000000000cad7000 	/System/Library/Frameworks/IOSurface.framework/Versions/A/IOSurface
0x000000000cad7000 	/System/Library/PrivateFrameworks/DFRFoundation.framework/Versions/A/DFRFoundation
0x000000000cad7000 	/System/Library/Frameworks/AudioToolbox.framework/Versions/A/AudioToolbox
0x000000000cad7000 	/System/Library/Frameworks/AudioUnit.framework/Versions/A/AudioUnit
0x000000000cad7000 	/System/Library/PrivateFrameworks/DataDetectorsCore.framework/Versions/A/DataDetectorsCore
0x000000000cad7000 	/System/Library/Frameworks/Carbon.framework/Versions/A/Frameworks/HIToolbox.framework/Versions/A/HIToolbox
0x000000000cad7000 	/usr/lib/libicucore.A.dylib
0x000000000cad7000 	/System/Library/Frameworks/QuartzCore.framework/Versions/A/QuartzCore
0x000000000cad7000 	/System/Library/Frameworks/Carbon.framework/Versions/A/Frameworks/SpeechRecognition.framework/Versions/A/SpeechRecognition
0x000000000cad7000 	/usr/lib/libauto.dylib
0x000000000cad7000 	/usr/lib/libxml2.2.dylib
0x000000000cad7000 	/System/Library/PrivateFrameworks/CoreUI.framework/Versions/A/CoreUI
0x000000000cad7000 	/System/Library/Frameworks/CoreAudio.framework/Versions/A/CoreAudio
0x000000000cad7000 	/System/Library/Frameworks/DiskArbitration.framework/Versions/A/DiskArbitration
0x000000000cad7000 	/usr/lib/liblangid.dylib
0x000000000cad7000 	/System/Library/PrivateFrameworks/MultitouchSupport.framework/Versions/A/MultitouchSupport
0x000000000cad7000 	/System/Library/Frameworks/IOKit.framework/Versions/A/IOKit
0x000000000cad7000 	/usr/lib/libDiagnosticMessagesClient.dylib
0x000000000cad7000 	/System/Library/Frameworks/CoreServices.framework/Versions/A/CoreServices
0x000000000cad7000 	/System/Library/PrivateFrameworks/PerformanceAnalysis.framework/Versions/A/PerformanceAnalysis
0x000000000cad7000 	/System/Library/Frameworks/OpenGL.framework/Versions/A/OpenGL
0x000000000cad7000 	/System/Library/Frameworks/ColorSync.framework/Versions/A/ColorSync
0x000000000cad7000 	/System/Library/Frameworks/CoreImage.framework/Versions/A/CoreImage
0x000000000cad7000 	/System/Library/Frameworks/CoreText.framework/Versions/A/CoreText
0x000000000cad7000 	/System/Library/Frameworks/ImageIO.framework/Versions/A/ImageIO
0x000000000cad7000 	/System/Library/PrivateFrameworks/Backup.framework/Versions/A/Backup
0x000000000cad7000 	/usr/lib/libarchive.2.dylib
0x000000000cad7000 	/System/Library/Frameworks/CFNetwork.framework/Versions/A/CFNetwork
0x000000000cad7000 	/System/Library/Frameworks/SystemConfiguration.framework/Versions/A/SystemConfiguration
0x000000000cad7000 	/usr/lib/libCRFSuite.dylib
0x000000000cad7000 	/usr/lib/libc++.1.dylib
0x000000000cad7000 	/usr/lib/libc++abi.dylib
0x000000000cad7000 	/usr/lib/system/libcache.dylib
0x000000000cad7000 	/usr/lib/system/libcommonCrypto.dylib
0x000000000cad7000 	/usr/lib/system/libcompiler_rt.dylib
0x000000000cad7000 	/usr/lib/system/libcopyfile.dylib
0x000000000cad7000 	/usr/lib/system/libcorecrypto.dylib
0x000000000cad7000 	/usr/lib/system/libdispatch.dylib
0x000000000cad7000 	/usr/lib/system/libdyld.dylib
0x000000000cad7000 	/usr/lib/system/libkeymgr.dylib
0x000000000cad7000 	/usr/lib/system/liblaunch.dylib
0x000000000cad7000 	/usr/lib/system/libmacho.dylib
0x000000000cad7000 	/usr/lib/system/libquarantine.dylib
0x000000000cad7000 	/usr/lib/system/libremovefile.dylib
0x000000000cad7000 	/usr/lib/system/libsystem_asl.dylib
0x000000000cad7000 	/usr/lib/system/libsystem_blocks.dylib
0x000000000cad7000 	/usr/lib/system/libsystem_c.dylib
0x000000000cad7000 	/usr/lib/system/libsystem_configuration.dylib
0x000000000cad7000 	/usr/lib/system/libsystem_coreservices.dylib
0x000000000cad7000 	/usr/lib/system/libsystem_darwin.dylib
0x000000000cad7000 	/usr/lib/system/libsystem_dnssd.dylib
0x000000000cad7000 	/usr/lib/system/libsystem_info.dylib
0x000000000cad7000 	/usr/lib/system/libsystem_m.dylib
0x000000000cad7000 	/usr/lib/system/libsystem_malloc.dylib
0x000000000cad7000 	/usr/lib/system/libsystem_networkextension.dylib
0x000000000cad7000 	/usr/lib/system/libsystem_notify.dylib
0x000000000cad7000 	/usr/lib/system/libsystem_sandbox.dylib
0x000000000cad7000 	/usr/lib/system/libsystem_secinit.dylib
0x000000000cad7000 	/usr/lib/system/libsystem_kernel.dylib
0x000000000cad7000 	/usr/lib/system/libsystem_platform.dylib
0x000000000cad7000 	/usr/lib/system/libsystem_pthread.dylib
0x000000000cad7000 	/usr/lib/system/libsystem_symptoms.dylib
0x000000000cad7000 	/usr/lib/system/libsystem_trace.dylib
0x000000000cad7000 	/usr/lib/system/libunwind.dylib
0x000000000cad7000 	/usr/lib/system/libxpc.dylib
0x000000000cad7000 	/usr/lib/libbsm.0.dylib
0x000000000cad7000 	/usr/lib/system/libkxld.dylib
0x000000000cad7000 	/System/Library/PrivateFrameworks/AppleFSCompression.framework/Versions/A/AppleFSCompression
0x000000000cad7000 	/usr/lib/libOpenScriptingUtil.dylib
0x000000000cad7000 	/usr/lib/libcoretls.dylib
0x000000000cad7000 	/usr/lib/libcoretls_cfhelpers.dylib
0x000000000cad7000 	/usr/lib/libpam.2.dylib
0x000000000cad7000 	/usr/lib/libsqlite3.dylib
0x000000000cad7000 	/usr/lib/libxar.1.dylib
0x000000000cad7000 	/usr/lib/libbz2.1.0.dylib
0x000000000cad7000 	/usr/lib/liblzma.5.dylib
0x000000000cad7000 	/usr/lib/libnetwork.dylib
0x000000000cad7000 	/usr/lib/libapple_nghttp2.dylib
0x000000000cad7000 	/usr/lib/libpcap.A.dylib
0x000000000cad7000 	/System/Library/Frameworks/CoreServices.framework/Versions/A/Frameworks/FSEvents.framework/Versions/A/FSEvents
0x000000000cad7000 	/System/Library/Frameworks/CoreServices.framework/Versions/A/Frameworks/CarbonCore.framework/Versions/A/CarbonCore
0x000000000cad7000 	/System/Library/Frameworks/CoreServices.framework/Versions/A/Frameworks/Metadata.framework/Versions/A/Metadata
0x000000000cad7000 	/System/Library/Frameworks/CoreServices.framework/Versions/A/Frameworks/OSServices.framework/Versions/A/OSServices
0x000000000cad7000 	/System/Library/Frameworks/CoreServices.framework/Versions/A/Frameworks/SearchKit.framework/Versions/A/SearchKit
0x000000000cad7000 	/System/Library/Frameworks/CoreServices.framework/Versions/A/Frameworks/AE.framework/Versions/A/AE
0x000000000cad7000 	/System/Library/Frameworks/CoreServices.framework/Versions/A/Frameworks/LaunchServices.framework/Versions/A/LaunchServices
0x000000000cad7000 	/System/Library/Frameworks/CoreServices.framework/Versions/A/Frameworks/DictionaryServices.framework/Versions/A/DictionaryServices
0x000000000cad7000 	/System/Library/Frameworks/CoreServices.framework/Versions/A/Frameworks/SharedFileList.framework/Versions/A/SharedFileList
0x000000000cad7000 	/System/Library/Frameworks/NetFS.framework/Versions/A/NetFS
0x000000000cad7000 	/System/Library/PrivateFrameworks/NetAuth.framework/Versions/A/NetAuth
0x000000000cad7000 	/System/Library/PrivateFrameworks/login.framework/Versions/A/Frameworks/loginsupport.framework/Versions/A/loginsupport
0x000000000cad7000 	/System/Library/PrivateFrameworks/TCC.framework/Versions/A/TCC
0x000000000cad7000 	/System/Library/PrivateFrameworks/CoreNLP.framework/Versions/A/CoreNLP
0x000000000cad7000 	/System/Library/PrivateFrameworks/MetadataUtilities.framework/Versions/A/MetadataUtilities
0x000000000cad7000 	/usr/lib/libmecabra.dylib
0x000000000cad7000 	/System/Library/Frameworks/ApplicationServices.framework/Versions/A/Frameworks/ATS.framework/Versions/A/ATS
0x000000000cad7000 	/System/Library/Frameworks/ApplicationServices.framework/Versions/A/Frameworks/ColorSyncLegacy.framework/Versions/A/ColorSyncLegacy
0x000000000cad7000 	/System/Library/Frameworks/ApplicationServices.framework/Versions/A/Frameworks/HIServices.framework/Versions/A/HIServices
0x000000000cad7000 	/System/Library/Frameworks/ApplicationServices.framework/Versions/A/Frameworks/LangAnalysis.framework/Versions/A/LangAnalysis
0x000000000cad7000 	/System/Library/Frameworks/ApplicationServices.framework/Versions/A/Frameworks/PrintCore.framework/Versions/A/PrintCore
0x000000000cad7000 	/System/Library/Frameworks/ApplicationServices.framework/Versions/A/Frameworks/QD.framework/Versions/A/QD
0x000000000cad7000 	/System/Library/Frameworks/ApplicationServices.framework/Versions/A/Frameworks/SpeechSynthesis.framework/Versions/A/SpeechSynthesis
0x000000000cad7000 	/usr/lib/libcompression.dylib
0x000000000cad7000 	/System/Library/Frameworks/CoreDisplay.framework/Versions/A/CoreDisplay
0x000000000cad7000 	/System/Library/Frameworks/MetalPerformanceShaders.framework/Versions/A/MetalPerformanceShaders
0x000000000cad7000 	/System/Library/Frameworks/Accelerate.framework/Versions/A/Frameworks/vImage.framework/Versions/A/vImage
0x000000000cad7000 	/System/Library/Frameworks/Accelerate.framework/Versions/A/Frameworks/vecLib.framework/Versions/A/vecLib
0x000000000cad7000 	/System/Library/Frameworks/Accelerate.framework/Versions/A/Frameworks/vecLib.framework/Versions/A/libvMisc.dylib
0x000000000cad7000 	/System/Library/Frameworks/Accelerate.framework/Versions/A/Frameworks/vecLib.framework/Versions/A/libvDSP.dylib
0x000000000cad7000 	/System/Library/Frameworks/Accelerate.framework/Versions/A/Frameworks/vecLib.framework/Versions/A/libBLAS.dylib
0x000000000cad7000 	/System/Library/Frameworks/Accelerate.framework/Versions/A/Frameworks/vecLib.framework/Versions/A/libLAPACK.dylib
0x000000000cad7000 	/System/Library/Frameworks/Accelerate.framework/Versions/A/Frameworks/vecLib.framework/Versions/A/libLinearAlgebra.dylib
0x000000000cad7000 	/System/Library/Frameworks/Accelerate.framework/Versions/A/Frameworks/vecLib.framework/Versions/A/libSparseBLAS.dylib
0x000000000cad7000 	/System/Library/Frameworks/Accelerate.framework/Versions/A/Frameworks/vecLib.framework/Versions/A/libQuadrature.dylib
0x000000000cad7000 	/System/Library/Frameworks/Accelerate.framework/Versions/A/Frameworks/vecLib.framework/Versions/A/libBNNS.dylib
0x000000000cad7000 	/System/Library/Frameworks/Accelerate.framework/Versions/A/Frameworks/vecLib.framework/Versions/A/libSparse.dylib
0x000000000cad7000 	/System/Library/PrivateFrameworks/GPUWrangler.framework/Versions/A/GPUWrangler
0x000000000cad7000 	/System/Library/PrivateFrameworks/IOAccelerator.framework/Versions/A/IOAccelerator
0x000000000cad7000 	/System/Library/PrivateFrameworks/IOPresentment.framework/Versions/A/IOPresentment
0x000000000cad7000 	/System/Library/PrivateFrameworks/DSExternalDisplay.framework/Versions/A/DSExternalDisplay
0x000000000cad7000 	/System/Library/Frameworks/OpenGL.framework/Versions/A/Libraries/libCoreFSCache.dylib
0x000000000cad7000 	/System/Library/Frameworks/MetalPerformanceShaders.framework/Frameworks/MPSCore.framework/Versions/A/MPSCore
0x000000000cad7000 	/System/Library/Frameworks/MetalPerformanceShaders.framework/Frameworks/MPSImage.framework/Versions/A/MPSImage
0x000000000cad7000 	/System/Library/Frameworks/MetalPerformanceShaders.framework/Frameworks/MPSNeuralNetwork.framework/Versions/A/MPSNeuralNetwork
0x000000000cad7000 	/System/Library/Frameworks/MetalPerformanceShaders.framework/Frameworks/MPSMatrix.framework/Versions/A/MPSMatrix
0x000000000cad7000 	/System/Library/Frameworks/MetalPerformanceShaders.framework/Frameworks/MPSRayIntersector.framework/Versions/A/MPSRayIntersector
0x000000000cad7000 	/System/Library/PrivateFrameworks/MetalTools.framework/Versions/A/MetalTools
0x000000000cad7000 	/System/Library/PrivateFrameworks/AggregateDictionary.framework/Versions/A/AggregateDictionary
0x000000000cad7000 	/usr/lib/libMobileGestalt.dylib
0x000000000cad7000 	/System/Library/Frameworks/CoreVideo.framework/Versions/A/CoreVideo
0x000000000cad7000 	/System/Library/PrivateFrameworks/GraphVisualizer.framework/Versions/A/GraphVisualizer
0x000000000cad7000 	/System/Library/PrivateFrameworks/FaceCore.framework/Versions/A/FaceCore
0x000000000cad7000 	/System/Library/Frameworks/OpenCL.framework/Versions/A/OpenCL
0x000000000cad7000 	/usr/lib/libFosl_dynamic.dylib
0x000000000cad7000 	/System/Library/PrivateFrameworks/OTSVG.framework/Versions/A/OTSVG
0x000000000cad7000 	/System/Library/Frameworks/ApplicationServices.framework/Versions/A/Frameworks/ATS.framework/Versions/A/Resources/libFontParser.dylib
0x000000000cad7000 	/System/Library/Frameworks/ApplicationServices.framework/Versions/A/Frameworks/ATS.framework/Versions/A/Resources/libFontRegistry.dylib
0x000000000cad7000 	/System/Library/Frameworks/ImageIO.framework/Versions/A/Resources/libJPEG.dylib
0x000000000cad7000 	/System/Library/Frameworks/ImageIO.framework/Versions/A/Resources/libTIFF.dylib
0x000000000cad7000 	/System/Library/Frameworks/ImageIO.framework/Versions/A/Resources/libPng.dylib
0x000000000cad7000 	/System/Library/Frameworks/ImageIO.framework/Versions/A/Resources/libGIF.dylib
0x000000000cad7000 	/System/Library/Frameworks/ImageIO.framework/Versions/A/Resources/libJP2.dylib
0x000000000cad7000 	/System/Library/Frameworks/ImageIO.framework/Versions/A/Resources/libRadiance.dylib
0x000000000cad7000 	/System/Library/PrivateFrameworks/AppleJPEG.framework/Versions/A/AppleJPEG
0x000000000cad7000 	/System/Library/Frameworks/OpenGL.framework/Versions/A/Libraries/libGFXShared.dylib
0x000000000cad7000 	/System/Library/Frameworks/OpenGL.framework/Versions/A/Libraries/libGLU.dylib
0x000000000cad7000 	/System/Library/Frameworks/OpenGL.framework/Versions/A/Libraries/libGL.dylib
0x000000000cad7000 	/System/Library/Frameworks/OpenGL.framework/Versions/A/Libraries/libGLImage.dylib
0x000000000cad7000 	/System/Library/Frameworks/OpenGL.framework/Versions/A/Libraries/libCVMSPluginSupport.dylib
0x000000000cad7000 	/System/Library/Frameworks/OpenGL.framework/Versions/A/Libraries/libCoreVMClient.dylib
0x000000000cad7000 	/usr/lib/libcups.2.dylib
0x000000000cad7000 	/System/Library/Frameworks/Kerberos.framework/Versions/A/Kerberos
0x000000000cad7000 	/System/Library/Frameworks/GSS.framework/Versions/A/GSS
0x000000000cad7000 	/usr/lib/libresolv.9.dylib
0x000000000cad7000 	/usr/lib/libiconv.2.dylib
0x000000000cad7000 	/System/Library/PrivateFrameworks/Heimdal.framework/Versions/A/Heimdal
0x000000000cad7000 	/usr/lib/libheimdal-asn1.dylib
0x000000000cad7000 	/System/Library/Frameworks/OpenDirectory.framework/Versions/A/OpenDirectory
0x000000000cad7000 	/System/Library/PrivateFrameworks/CommonAuth.framework/Versions/A/CommonAuth
0x000000000cad7000 	/System/Library/Frameworks/OpenDirectory.framework/Versions/A/Frameworks/CFOpenDirectory.framework/Versions/A/CFOpenDirectory
0x000000000cad7000 	/System/Library/Frameworks/SecurityFoundation.framework/Versions/A/SecurityFoundation
0x000000000cad7000 	/System/Library/PrivateFrameworks/APFS.framework/Versions/A/APFS
0x000000000cad7000 	/usr/lib/libutil.dylib
0x000000000cad7000 	/usr/lib/libcharset.1.dylib
0x000000000cad7000 	/System/Library/PrivateFrameworks/AppleSauce.framework/Versions/A/AppleSauce
0x000000000cad7000 	/System/Library/PrivateFrameworks/AssertionServices.framework/Versions/A/AssertionServices
0x000000000cad7000 	/System/Library/PrivateFrameworks/BaseBoard.framework/Versions/A/BaseBoard
0x000000000cad7000 	/usr/lib/libmecab.1.0.0.dylib
0x000000000cad7000 	/usr/lib/libgermantok.dylib
0x000000000cad7000 	/usr/lib/libThaiTokenizer.dylib
0x000000000cad7000 	/usr/lib/libChineseTokenizer.dylib
0x000000000cad7000 	/System/Library/PrivateFrameworks/LanguageModeling.framework/Versions/A/LanguageModeling
0x000000000cad7000 	/System/Library/PrivateFrameworks/CoreEmoji.framework/Versions/A/CoreEmoji
0x000000000cad7000 	/System/Library/PrivateFrameworks/Lexicon.framework/Versions/A/Lexicon
0x000000000cad7000 	/System/Library/PrivateFrameworks/LinguisticData.framework/Versions/A/LinguisticData
0x000000000cad7000 	/usr/lib/libcmph.dylib
0x000000000cad7000 	/System/Library/Frameworks/ServiceManagement.framework/Versions/A/ServiceManagement
0x000000000cad7000 	/System/Library/PrivateFrameworks/BackgroundTaskManagement.framework/Versions/A/BackgroundTaskManagement
0x000000000cad7000 	/usr/lib/libxslt.1.dylib
0x000000000cad7000 	/System/Library/Frameworks/Carbon.framework/Versions/A/Frameworks/Ink.framework/Versions/A/Ink
0x000000000cad7000 	/System/Library/PrivateFrameworks/TextureIO.framework/Versions/A/TextureIO
0x000000000cad7000 	/usr/lib/libate.dylib
0x000000000cad7000 	/System/Library/PrivateFrameworks/CrashReporterSupport.framework/Versions/A/CrashReporterSupport
0x000000000cad7000 	/System/Library/PrivateFrameworks/Sharing.framework/Versions/A/Sharing
0x000000000cad7000 	/System/Library/PrivateFrameworks/AuthKit.framework/Versions/A/AuthKit
0x000000000cad7000 	/System/Library/PrivateFrameworks/Apple80211.framework/Versions/A/Apple80211
0x000000000cad7000 	/System/Library/PrivateFrameworks/CoreUtils.framework/Versions/A/CoreUtils
0x000000000cad7000 	/System/Library/Frameworks/CoreWLAN.framework/Versions/A/CoreWLAN
0x000000000cad7000 	/System/Library/Frameworks/IOBluetooth.framework/Versions/A/IOBluetooth
0x000000000cad7000 	/System/Library/PrivateFrameworks/ProtocolBuffer.framework/Versions/A/ProtocolBuffer
0x000000000cad7000 	/System/Library/PrivateFrameworks/MobileKeyBag.framework/Versions/A/MobileKeyBag
0x000000000cad7000 	/System/Library/PrivateFrameworks/CorePhoneNumbers.framework/Versions/A/CorePhoneNumbers
0x000000000cad7000 	/System/Library/PrivateFrameworks/AppleIDAuthSupport.framework/Versions/A/AppleIDAuthSupport
0x000000000cad7000 	/System/Library/PrivateFrameworks/KeychainCircle.framework/Versions/A/KeychainCircle
0x000000000cad7000 	/System/Library/PrivateFrameworks/ROCKit.framework/Versions/A/ROCKit
0x000000000cad7000 	/System/Library/PrivateFrameworks/CoreWiFi.framework/Versions/A/CoreWiFi
0x000000000cad7000 	/System/Library/Frameworks/CoreBluetooth.framework/Versions/A/CoreBluetooth
0x000000000cad7000 	/System/Library/PrivateFrameworks/DebugSymbols.framework/Versions/A/DebugSymbols
0x000000000cad7000 	/System/Library/PrivateFrameworks/CoreSymbolication.framework/Versions/A/CoreSymbolication
0x000000000cad7000 	/System/Library/PrivateFrameworks/Symbolication.framework/Versions/A/Symbolication
0x000000000cad7000 	/System/Library/PrivateFrameworks/SpeechRecognitionCore.framework/Versions/A/SpeechRecognitionCore
0x000000010ec00000 	/Library/Java/JavaVirtualMachines/jdk1.8.0_161.jdk/Contents/Home/jre/lib/server/libjvm.dylib
0x000000000cad7000 	/usr/lib/libstdc++.6.dylib
0x000000010db13000 	/Library/Java/JavaVirtualMachines/jdk1.8.0_161.jdk/Contents/Home/jre/lib/libverify.dylib
0x000000010db21000 	/Library/Java/JavaVirtualMachines/jdk1.8.0_161.jdk/Contents/Home/jre/lib/libjava.dylib
0x000000010dba1000 	/Library/Java/JavaVirtualMachines/jdk1.8.0_161.jdk/Contents/Home/jre/lib/libzip.dylib
0x0000000113cfc000 	/Library/Java/JavaVirtualMachines/jdk1.8.0_161.jdk/Contents/Home/jre/lib/libawt.dylib
0x0000000113da6000 	/Library/Java/JavaVirtualMachines/jdk1.8.0_161.jdk/Contents/Home/jre/lib/./libmlib_image.dylib
0x000000000cad7000 	/System/Library/Frameworks/JavaVM.framework/Versions/A/Frameworks/JavaNativeFoundation.framework/Versions/A/JavaNativeFoundation
0x000000000cad7000 	/System/Library/Frameworks/JavaVM.framework/Versions/A/Frameworks/JavaRuntimeSupport.framework/Versions/A/JavaRuntimeSupport
0x000000000cad7000 	/System/Library/Frameworks/JavaVM.framework/Versions/A/JavaVM
0x000000000cad7000 	/System/Library/PrivateFrameworks/JavaLaunching.framework/Versions/A/JavaLaunching
0x000000000cad7000 	/System/Library/Frameworks/Carbon.framework/Versions/A/Carbon
0x000000000cad7000 	/System/Library/Frameworks/Carbon.framework/Versions/A/Frameworks/CommonPanels.framework/Versions/A/CommonPanels
0x000000000cad7000 	/System/Library/Frameworks/Carbon.framework/Versions/A/Frameworks/Help.framework/Versions/A/Help
0x000000000cad7000 	/System/Library/Frameworks/Carbon.framework/Versions/A/Frameworks/ImageCapture.framework/Versions/A/ImageCapture
0x000000000cad7000 	/System/Library/Frameworks/Carbon.framework/Versions/A/Frameworks/OpenScripting.framework/Versions/A/OpenScripting
0x000000000cad7000 	/System/Library/Frameworks/Carbon.framework/Versions/A/Frameworks/Print.framework/Versions/A/Print
0x000000000cad7000 	/System/Library/Frameworks/Carbon.framework/Versions/A/Frameworks/SecurityHI.framework/Versions/A/SecurityHI
0x0000000113e72000 	/Library/Java/JavaVirtualMachines/jdk1.8.0_161.jdk/Contents/Home/jre/lib/libawt_lwawt.dylib
0x0000000113f2c000 	/Library/Java/JavaVirtualMachines/jdk1.8.0_161.jdk/Contents/Home/jre/lib/./libosxapp.dylib
0x000000000cad7000 	/System/Library/Frameworks/ExceptionHandling.framework/Versions/A/ExceptionHandling
0x000000000cad7000 	/System/Library/PrivateFrameworks/CoreServicesInternal.framework/Versions/A/CoreServicesInternal
0x000000000cad7000 	/System/Library/CoreServices/RawCamera.bundle/Contents/MacOS/RawCamera
0x000000000cad7000 	/System/Library/PrivateFrameworks/MobileAsset.framework/Versions/A/MobileAsset
0x000000000cad7000 	/System/Library/PrivateFrameworks/StreamingZip.framework/Versions/A/StreamingZip
0x000000000cad7000 	/System/Library/Frameworks/MediaToolbox.framework/Versions/A/MediaToolbox
0x000000000cad7000 	/System/Library/PrivateFrameworks/CoreAVCHD.framework/Versions/A/CoreAVCHD
0x000000000cad7000 	/System/Library/Frameworks/MediaAccessibility.framework/Versions/A/MediaAccessibility
0x000000000cad7000 	/System/Library/PrivateFrameworks/Mangrove.framework/Versions/A/Mangrove
0x000000000cad7000 	/System/Library/Frameworks/CoreMedia.framework/Versions/A/CoreMedia
0x000000000cad7000 	/System/Library/Frameworks/VideoToolbox.framework/Versions/A/VideoToolbox
0x000000000cad7000 	/System/Library/PrivateFrameworks/CoreAUC.framework/Versions/A/CoreAUC
0x000000000cad7000 	/usr/lib/libspindump.dylib
0x000000000cad7000 	/System/Library/PrivateFrameworks/AppleVA.framework/Versions/A/AppleVA
0x000000000cad7000 	/System/Library/Frameworks/Accelerate.framework/Versions/A/Frameworks/vImage.framework/Versions/A/Libraries/libCGInterfaces.dylib
0x000000000cad7000 	/System/Library/Frameworks/ApplicationServices.framework/Versions/A/Frameworks/ATS.framework/Versions/A/Resources/libTrueTypeScaler.dylib
0x000000000cad7000 	/System/Library/Extensions/AppleIntelHD5000GraphicsMTLDriver.bundle/Contents/MacOS/AppleIntelHD5000GraphicsMTLDriver
0x000000000cad7000 	/System/Library/PrivateFrameworks/GPUCompiler.framework/Versions/3902/Libraries/libmetal_timestamp.dylib
0x000000000cad7000 	/System/Library/PrivateFrameworks/FamilyControls.framework/Versions/A/FamilyControls
0x000000000cad7000 	/System/Library/PrivateFrameworks/CommerceKit.framework/Versions/A/Frameworks/CommerceCore.framework/Versions/A/CommerceCore
0x000000000cad7000 	/System/Library/PrivateFrameworks/SystemAdministration.framework/Versions/A/SystemAdministration
0x000000000cad7000 	/System/Library/PrivateFrameworks/AppContainer.framework/Versions/A/AppContainer
0x000000000cad7000 	/System/Library/PrivateFrameworks/AppSandbox.framework/Versions/A/AppSandbox
0x000000000cad7000 	/System/Library/PrivateFrameworks/SecCodeWrapper.framework/Versions/A/SecCodeWrapper
0x000000000cad7000 	/usr/lib/libsandbox.1.dylib
0x000000000cad7000 	/usr/lib/libMatch.1.dylib
0x000000000cad7000 	/System/Library/PrivateFrameworks/DiskManagement.framework/Versions/A/DiskManagement
0x000000000cad7000 	/System/Library/Frameworks/DirectoryService.framework/Versions/A/DirectoryService
0x000000000cad7000 	/System/Library/PrivateFrameworks/DiskImages.framework/Versions/A/DiskImages
0x000000000cad7000 	/System/Library/PrivateFrameworks/LoginUIKit.framework/Versions/A/Frameworks/LoginUICore.framework/Versions/A/LoginUICore
0x000000000cad7000 	/usr/lib/libCoreStorage.dylib
0x000000000cad7000 	/usr/lib/libcsfde.dylib
0x000000000cad7000 	/usr/lib/libodfde.dylib
0x000000000cad7000 	/System/Library/PrivateFrameworks/MediaKit.framework/Versions/A/MediaKit
0x000000000cad7000 	/System/Library/Frameworks/DiscRecording.framework/Versions/A/DiscRecording
0x000000000cad7000 	/System/Library/PrivateFrameworks/EFILogin.framework/Versions/A/EFILogin
0x000000000cad7000 	/System/Library/PrivateFrameworks/ProtectedCloudStorage.framework/Versions/A/ProtectedCloudStorage
0x000000000cad7000 	/usr/lib/libcurl.4.dylib
0x000000000cad7000 	/usr/lib/libcrypto.42.dylib
0x000000000cad7000 	/usr/lib/libssl.44.dylib
0x000000000cad7000 	/System/Library/Frameworks/LDAP.framework/Versions/A/LDAP
0x000000000cad7000 	/System/Library/PrivateFrameworks/TrustEvaluationAgent.framework/Versions/A/TrustEvaluationAgent
0x000000000cad7000 	/usr/lib/libsasl2.2.dylib
0x000000000cad7000 	/System/Library/PrivateFrameworks/CoreDaemon.framework/Versions/B/CoreDaemon
0x000000000cad7000 	/System/Library/PrivateFrameworks/AppleSRP.framework/Versions/A/AppleSRP
0x000000000cad7000 	/System/Library/PrivateFrameworks/ViewBridge.framework/Versions/A/ViewBridge
0x000000000cad7000 	/System/Library/Frameworks/OpenGL.framework/Versions/A/Resources/GLEngine.bundle/GLEngine
0x000000000cad7000 	/System/Library/Frameworks/OpenGL.framework/Versions/A/Libraries/libGLProgrammability.dylib
0x000000000cad7000 	/System/Library/Extensions/AppleIntelHD5000GraphicsGLDriver.bundle/Contents/MacOS/AppleIntelHD5000GraphicsGLDriver
0x000000000cad7000 	/System/Library/PrivateFrameworks/GPUSupport.framework/Versions/A/Libraries/libGPUSupportMercury.dylib
0x000000000cad7000 	/System/Library/Frameworks/OpenGL.framework/Versions/A/Resources/GLRendererFloat.bundle/GLRendererFloat
0x000000000cad7000 	/System/Library/Frameworks/OpenCL.framework/Versions/A/Libraries/libcldcpuengine.dylib
0x000000000cad7000 	/usr/lib/libcrypto.35.dylib
0x000000012ffa9000 	/Library/Java/JavaVirtualMachines/jdk1.8.0_161.jdk/Contents/Home/jre/lib/libfontmanager.dylib
0x0000000130010000 	/usr/lib/libobjc-trampolines.dylib
0x0000000131660000 	/Library/Java/JavaVirtualMachines/jdk1.8.0_161.jdk/Contents/Home/jre/lib/libosxui.dylib
0x0000000132337000 	/Library/Java/JavaVirtualMachines/jdk1.8.0_161.jdk/Contents/Home/jre/lib/libnet.dylib
0x00000001327ce000 	/Library/Java/JavaVirtualMachines/jdk1.8.0_161.jdk/Contents/Home/jre/lib/libnio.dylib
0x0000000117336000 	/private/var/folders/rk/hphxm6hd5130p5cwz1z1qfgm0000gp/T/jogamp_0000/file_cache/jln9160568089275071812/jln8159135239331224282/libgluegen-rt.jnilib
0x000000011733b000 	/private/var/folders/rk/hphxm6hd5130p5cwz1z1qfgm0000gp/T/jogamp_0000/file_cache/jln9160568089275071812/jln8159135239331224282/libnativewindow_awt.jnilib
0x000000011733e000 	/Library/Java/JavaVirtualMachines/jdk1.8.0_161.jdk/Contents/Home/jre/lib/libjawt.dylib
0x0000000117341000 	/private/var/folders/rk/hphxm6hd5130p5cwz1z1qfgm0000gp/T/jogamp_0000/file_cache/jln9160568089275071812/jln8159135239331224282/libnativewindow_macosx.jnilib
0x0000000161b14000 	/private/var/folders/rk/hphxm6hd5130p5cwz1z1qfgm0000gp/T/jogamp_0000/file_cache/jln9160568089275071812/jln8159135239331224282/libjogl_desktop.jnilib
0x00000001173c4000 	/Library/Java/JavaVirtualMachines/jdk1.8.0_161.jdk/Contents/Home/jre/lib/libsunec.dylib
0x000000016af2c000 	/Library/Java/JavaVirtualMachines/jdk1.8.0_161.jdk/Contents/Home/jre/lib/libjpeg.dylib

VM Arguments:
jvm_args: -Djava.security.policy=java.policy.applet -Dfile.encoding=UTF-8 
java_command: sun.applet.AppletViewer module3.EarthquakeCityMap1546938924420.html
java_class_path (initial): /Users/soraia.carmo/Documents/Java Coursera/week 2/UCSDUnfoldingMaps/build:/Users/soraia.carmo/Documents/Java Coursera/week 2/UCSDUnfoldingMaps/lib/core.jar:/Users/soraia.carmo/Documents/Java Coursera/week 2/UCSDUnfoldingMaps/lib/gluegen-rt.jar:/Users/soraia.carmo/Documents/Java Coursera/week 2/UCSDUnfoldingMaps/lib/jogl-all.jar:/Users/soraia.carmo/Documents/Java Coursera/week 2/UCSDUnfoldingMaps/lib/log4j-1.2.15.jar:/Users/soraia.carmo/Documents/Java Coursera/week 2/UCSDUnfoldingMaps/lib/sqlite-jdbc-3.7.2.jar:/Users/soraia.carmo/Documents/Java Coursera/week 2/UCSDUnfoldingMaps/lib/json4processing.jar:/Users/soraia.carmo/Documents/Java Coursera/week 2/UCSDUnfoldingMaps/lib/libTUIO.jar:/Users/soraia.carmo/Documents/Java Coursera/week 2/UCSDUnfoldingMaps/lib/unfolding.0.9.7-uscd.jar
Launcher Type: SUN_STANDARD

Environment Variables:
PATH=/usr/bin:/bin:/usr/sbin:/sbin
SHELL=/bin/zsh
DISPLAY=/private/tmp/com.apple.launchd.zqJlB1rOWp/org.macosforge.xquartz:0

Signal Handlers:
SIGSEGV: [libjvm.dylib+0x5b5439], sa_mask[0]=11111111011111110111111111111111, sa_flags=SA_ONSTACK|SA_RESTART|SA_SIGINFO
SIGBUS: [libjvm.dylib+0x5b5439], sa_mask[0]=11111111011111110111111111111111, sa_flags=SA_RESTART|SA_SIGINFO
SIGFPE: [libjvm.dylib+0x48ae24], sa_mask[0]=11111111011111110111111111111111, sa_flags=SA_RESTART|SA_SIGINFO
SIGPIPE: [libjvm.dylib+0x48ae24], sa_mask[0]=11111111011111110111111111111111, sa_flags=SA_RESTART|SA_SIGINFO
SIGXFSZ: [libjvm.dylib+0x48ae24], sa_mask[0]=11111111011111110111111111111111, sa_flags=SA_RESTART|SA_SIGINFO
SIGILL: [libjvm.dylib+0x48ae24], sa_mask[0]=11111111011111110111111111111111, sa_flags=SA_RESTART|SA_SIGINFO
SIGUSR1: SIG_DFL, sa_mask[0]=00000000000000000000000000000000, sa_flags=none
SIGUSR2: [libjvm.dylib+0x48a942], sa_mask[0]=00100000000000000000000000000000, sa_flags=SA_RESTART|SA_SIGINFO
SIGHUP: [libjvm.dylib+0x488f0d], sa_mask[0]=11111111011111110111111111111111, sa_flags=SA_RESTART|SA_SIGINFO
SIGINT: [libjvm.dylib+0x488f0d], sa_mask[0]=11111111011111110111111111111111, sa_flags=SA_RESTART|SA_SIGINFO
SIGTERM: [libjvm.dylib+0x488f0d], sa_mask[0]=11111111011111110111111111111111, sa_flags=SA_RESTART|SA_SIGINFO
SIGQUIT: [libjvm.dylib+0x488f0d], sa_mask[0]=11111111011111110111111111111111, sa_flags=SA_RESTART|SA_SIGINFO


---------------  S Y S T E M  ---------------

OS:Bsduname:Darwin 18.2.0 Darwin Kernel Version 18.2.0: Fri Oct  5 19:41:49 PDT 2018; root:xnu-4903.221.2~2/RELEASE_X86_64 x86_64
rlimit: STACK 8192k, CORE 0k, NPROC 1418, NOFILE 10240, AS infinity
load average:2.31 2.16 2.26

CPU:total 8 (initial active 8) (4 cores per cpu, 2 threads per core) family 6 model 70 stepping 1, cmov, cx8, fxsr, mmx, sse, sse2, sse3, ssse3, sse4.1, sse4.2, popcnt, avx, avx2, aes, clmul, erms, lzcnt, ht, tsc, tscinvbit, bmi1, bmi2

Memory: 4k page, physical 16777216k(40764k free)

/proc/meminfo:


vm_info: Java HotSpot(TM) 64-Bit Server VM (25.161-b12) for bsd-amd64 JRE (1.8.0_161-b12), built on Dec 19 2017 16:22:20 by "java_re" with gcc 4.2.1 (Based on Apple Inc. build 5658) (LLVM build 2336.11.00)

time: Tue Jan  8 09:15:32 2019
elapsed time: 7 seconds (0d 0h 0m 7s)

