#
# A fatal error has been detected by the Java Runtime Environment:
#
#  SIGSEGV (0xb) at pc=0x00007fff62e7ca1d, pid=96546, tid=0x0000000000000307
#
# JRE version: Java(TM) SE Runtime Environment (8.0_161-b12) (build 1.8.0_161-b12)
# Java VM: Java HotSpot(TM) 64-Bit Server VM (25.161-b12 mixed mode bsd-amd64 compressed oops)
# Problematic frame:
# C  [libobjc.A.dylib+0x7a1d]  objc_msgSend+0x1d
#
# Failed to write core dump. Core dumps have been disabled. To enable core dumping, try "ulimit -c unlimited" before starting Java again
#
# If you would like to submit a bug report, please visit:
#   http://bugreport.java.com/bugreport/crash.jsp
# The crash happened outside the Java Virtual Machine in native code.
# See problematic frame for where to report the bug.
#

---------------  T H R E A D  ---------------

Current thread (0x00007fa021129000):  JavaThread "AWT-AppKit" daemon [_thread_in_native, id=775, stack(0x00007ffeeca98000,0x00007ffeed298000)]

siginfo: si_signo: 11 (SIGSEGV), si_code: 1 (SEGV_MAPERR), si_addr: 0x00005d5000010020

Registers:
RAX=0x00007fa02470dab0, RBX=0x00000001232e3450, RCX=0x0000000000000001, RDX=0x0000000000000000
RSP=0x00007ffeed293218, RBP=0x00007ffeed2932d0, RSI=0x00007fff34ec5a0b, RDI=0x00007fa020992720
R8 =0x00000000020f003f, R9 =0x00007fa020f00000, R10=0x00005d5000010008, R11=0x00007fff34ec5a0b
R12=0x0000000000000000, R13=0x0000000159e96ef8, R14=0x00000001232e3440, R15=0x00007fa021129000
RIP=0x00007fff62e7ca1d, EFLAGS=0x0000000000010202, ERR=0x0000000000000004
  TRAPNO=0x000000000000000e

Top of Stack: (sp=0x00007ffeed293218)
0x00007ffeed293218:   00000001232e1157 00007ffeed293270
0x00007ffeed293228:   0000000000000003 00007ffeed293250
0x00007ffeed293238:   0000000103b43e3e 0000000159e96ef8
0x00007ffeed293248:   0000000159e96ef8 00007fa02470dab0
0x00007ffeed293258:   00000001232e36a0 00000001232e3710
0x00007ffeed293268:   00007fff8f790ca8 00007fff90e86e48
0x00007ffeed293278:   00000001232e3450 00000001232e3690
0x00007ffeed293288:   00007fa02470dab0 00007fa020992720
0x00007ffeed293298:   00007fa01e625bb0 00007fa02470dab0
0x00007ffeed2932a8:   00007fa020992720 00007ffeed293358
0x00007ffeed2932b8:   00007fa0211291f8 0000000159e96ef8
0x00007ffeed2932c8:   00007ffeed293380 00007ffeed293348
0x00007ffeed2932d8:   00000001099ea667 0000000159e96ef8
0x00007ffeed2932e8:   00007ffeed293380 00007ffeed293348
0x00007ffeed2932f8:   00000001099ea3c7 00000001099ea382
0x00007ffeed293308:   00007ffeed293308 0000000159e96ef8
0x00007ffeed293318:   00007ffeed293380 0000000159eba428
0x00007ffeed293328:   0000000000000000 0000000159e96ef8
0x00007ffeed293338:   0000000000000000 00007ffeed293368
0x00007ffeed293348:   00007ffeed2933c8 00000001099da2bd
0x00007ffeed293358:   00000006c00749c8 00000001099e3d18
0x00007ffeed293368:   00007fa02470dab0 00007ffeed2933c8
0x00007ffeed293378:   00007fa020992720 00000001099e5782
0x00007ffeed293388:   00007ffeed293388 0000000159e970c2
0x00007ffeed293398:   00007ffeed2933f0 0000000159eba428
0x00007ffeed2933a8:   0000000000000000 0000000159e970d0
0x00007ffeed2933b8:   00007ffeed293368 00007ffeed2933d8
0x00007ffeed2933c8:   00007ffeed293438 00000001099da2bd
0x00007ffeed2933d8:   00007fa02470dab0 00000006c0011748
0x00007ffeed2933e8:   00007fa020992720 00000006c0011748
0x00007ffeed2933f8:   00007ffeed2933f8 000000015ca7e1a6
0x00007ffeed293408:   00007ffeed293448 000000015ca7e260 

Instructions: (pc=0x00007fff62e7ca1d)
0x00007fff62e7c9fd:   0f 1f 00 48 85 ff 2e 74 62 40 f6 c7 01 2e 75 66
0x00007fff62e7ca0d:   49 ba f8 ff ff ff ff 7f 00 00 4c 23 17 49 89 f3
0x00007fff62e7ca1d:   45 23 5a 18 49 c1 e3 04 4d 03 5a 10 49 3b 33 75
0x00007fff62e7ca2d:   04 41 ff 63 08 49 83 3b 01 76 0d 49 83 c3 10 49 

Register to memory mapping:

RAX=0x00007fa02470dab0 is an unknown value
RBX=0x00000001232e3450: Java_jogamp_nativewindow_macosx_OSXUtil_GetScreenRefreshRate0+0x1cf0 in /private/var/folders/rk/hphxm6hd5130p5cwz1z1qfgm0000gp/T/jogamp_0000/file_cache/jln6249509587620271808/jln6801465496906071290/libnativewindow_macosx.jnilib at 0x00000001232dc000
RCX=0x0000000000000001 is an unknown value
RDX=0x0000000000000000 is an unknown value
RSP=0x00007ffeed293218 is pointing into the stack for thread: 0x00007fa021129000
RBP=0x00007ffeed2932d0 is pointing into the stack for thread: 0x00007fa021129000
RSI=0x00007fff34ec5a0b: GCC_except_table7+0x9eaf in /System/Library/Frameworks/AppKit.framework/Versions/C/AppKit at 0x00007fff342b7000
RDI=0x00007fa020992720 is an unknown value
R8 =0x00000000020f003f is an unknown value
R9 =0x00007fa020f00000 is an unknown value
R10=0x00005d5000010008 is an unknown value
R11=0x00007fff34ec5a0b: GCC_except_table7+0x9eaf in /System/Library/Frameworks/AppKit.framework/Versions/C/AppKit at 0x00007fff342b7000
R12=0x0000000000000000 is an unknown value
R13={method} {0x0000000159e96ef8} 'UnsetJAWTRootSurfaceLayer0' '(JJ)V' in 'jogamp/nativewindow/jawt/macosx/MacOSXJAWTWindow'
R14=0x00000001232e3440: Java_jogamp_nativewindow_macosx_OSXUtil_GetScreenRefreshRate0+0x1ce0 in /private/var/folders/rk/hphxm6hd5130p5cwz1z1qfgm0000gp/T/jogamp_0000/file_cache/jln6249509587620271808/jln6801465496906071290/libnativewindow_macosx.jnilib at 0x00000001232dc000
R15=0x00007fa021129000 is a thread


Stack: [0x00007ffeeca98000,0x00007ffeed298000],  sp=0x00007ffeed293218,  free space=8172k
Native frames: (J=compiled Java code, j=interpreted, Vv=VM code, C=native code)
C  [libobjc.A.dylib+0x7a1d]  objc_msgSend+0x1d
j  jogamp.nativewindow.jawt.macosx.MacOSXJAWTWindow.UnsetJAWTRootSurfaceLayer0(JJ)V+0
j  jogamp.nativewindow.jawt.macosx.MacOSXJAWTWindow.access$200(JJ)V+2
j  jogamp.nativewindow.jawt.macosx.MacOSXJAWTWindow$1.run()V+38
j  com.jogamp.common.util.RunnableTask.run()V+24
v  ~StubRoutines::call_stub
V  [libjvm.dylib+0x2ef9aa]
V  [libjvm.dylib+0x326bd8]
V  [libjvm.dylib+0x3193bb]
C  [libnativewindow_macosx.jnilib+0x5326]  Java_jogamp_nativewindow_jawt_macosx_MacOSXJAWTWindow_UnsetJAWTRootSurfaceLayer0+0x2b6
C  [Foundation+0xb1abb]  __NSThreadPerformPerform+0x147
C  [CoreFoundation+0x58155]  __CFRUNLOOP_IS_CALLING_OUT_TO_A_SOURCE0_PERFORM_FUNCTION__+0x11
C  [CoreFoundation+0x580fb]  __CFRunLoopDoSource0+0x6c
C  [CoreFoundation+0x3bbed]  __CFRunLoopDoSources0+0x11b
C  [CoreFoundation+0x3b13e]  __CFRunLoopRun+0x4c3
C  [CoreFoundation+0x3aa28]  CFRunLoopRunSpecific+0x1cf
C  [HIToolbox+0xab35]  RunCurrentEventLoopInMode+0x125
C  [HIToolbox+0xa774]  ReceiveNextEventCommon+0x173
C  [HIToolbox+0xa5e8]  _BlockUntilNextEventMatchingListInModeWithFilter+0x40
C  [AppKit+0x1aeb7]  _DPSNextEvent+0x3e5
C  [AppKit+0x19c56]  -[NSApplication(NSEvent) _nextEventMatchingEventMask:untilDate:inMode:dequeue:]+0x552
C  [libosxapp.dylib+0x23aa]  -[NSApplicationAWT nextEventMatchingMask:untilDate:inMode:dequeue:]+0x7c
C  [AppKit+0x13cb9]  -[NSApplication run]+0x2bb
C  [libosxapp.dylib+0x214d]  +[NSApplicationAWT runAWTLoopWithApp:]+0x9c
C  [libawt_lwawt.dylib+0x47397]  -[AWTStarter starter:]+0x389
C  [Foundation+0xb1abb]  __NSThreadPerformPerform+0x147
C  [CoreFoundation+0x58155]  __CFRUNLOOP_IS_CALLING_OUT_TO_A_SOURCE0_PERFORM_FUNCTION__+0x11
C  [CoreFoundation+0x580fb]  __CFRunLoopDoSource0+0x6c
C  [CoreFoundation+0x3bb95]  __CFRunLoopDoSources0+0xc3
C  [CoreFoundation+0x3b13e]  __CFRunLoopRun+0x4c3
C  [CoreFoundation+0x3aa28]  CFRunLoopRunSpecific+0x1cf
C  [java+0x647a]  CreateExecutionEnvironment+0x367
C  [java+0x212c]  JLI_Launch+0x7a0
C  [java+0x84d7]  main+0x65
C  [java+0x1984]  start+0x34
C  0x0000000000000007

Java frames: (J=compiled Java code, j=interpreted, Vv=VM code)
j  jogamp.nativewindow.jawt.macosx.MacOSXJAWTWindow.UnsetJAWTRootSurfaceLayer0(JJ)V+0
j  jogamp.nativewindow.jawt.macosx.MacOSXJAWTWindow.access$200(JJ)V+2
j  jogamp.nativewindow.jawt.macosx.MacOSXJAWTWindow$1.run()V+38
j  com.jogamp.common.util.RunnableTask.run()V+24
v  ~StubRoutines::call_stub

---------------  P R O C E S S  ---------------

Java Threads: ( => current thread )
  0x00007fa01ec2f800 JavaThread "Thread-19" [_thread_blocked, id=87047, stack(0x0000700004ecc000,0x0000700004fcc000)]
  0x00007fa022295800 JavaThread "Animation Thread" [_thread_blocked, id=58659, stack(0x0000700005567000,0x0000700005667000)]
  0x00007fa01f9f7000 JavaThread "AWT-EventQueue-1" [_thread_blocked, id=74047, stack(0x000070000566a000,0x000070000576a000)]
  0x00007fa01f80e000 JavaThread "DestroyJavaVM" [_thread_blocked, id=9731, stack(0x0000700003907000,0x0000700003a07000)]
  0x00007fa020002000 JavaThread "AWT-EventQueue-0" [_thread_blocked, id=56331, stack(0x0000700005464000,0x0000700005564000)]
  0x00007fa01e878000 JavaThread "Java2D Disposer" daemon [_thread_blocked, id=78355, stack(0x00007000051db000,0x00007000052db000)]
  0x00007fa01e877000 JavaThread "Java2D Queue Flusher" daemon [_thread_blocked, id=80911, stack(0x00007000050d8000,0x00007000051d8000)]
  0x00007fa01f8ec000 JavaThread "AWT-Shutdown" [_thread_blocked, id=38695, stack(0x0000700004c40000,0x0000700004d40000)]
=>0x00007fa021129000 JavaThread "AWT-AppKit" daemon [_thread_in_native, id=775, stack(0x00007ffeeca98000,0x00007ffeed298000)]
  0x00007fa021055000 JavaThread "Service Thread" daemon [_thread_blocked, id=15619, stack(0x0000700004a3a000,0x0000700004b3a000)]
  0x00007fa01f000000 JavaThread "C1 CompilerThread3" daemon [_thread_blocked, id=15107, stack(0x0000700004937000,0x0000700004a37000)]
  0x00007fa01e81f800 JavaThread "C2 CompilerThread2" daemon [_thread_blocked, id=16643, stack(0x0000700004834000,0x0000700004934000)]
  0x00007fa01e81e800 JavaThread "C2 CompilerThread1" daemon [_thread_blocked, id=16899, stack(0x0000700004731000,0x0000700004831000)]
  0x00007fa02104c800 JavaThread "C2 CompilerThread0" daemon [_thread_blocked, id=14339, stack(0x000070000462e000,0x000070000472e000)]
  0x00007fa02104a800 JavaThread "Signal Dispatcher" daemon [_thread_blocked, id=13827, stack(0x000070000452b000,0x000070000462b000)]
  0x00007fa01e808000 JavaThread "Finalizer" daemon [_thread_blocked, id=18947, stack(0x0000700004428000,0x0000700004528000)]
  0x00007fa01e805000 JavaThread "Reference Handler" daemon [_thread_blocked, id=19203, stack(0x0000700004325000,0x0000700004425000)]

Other Threads:
  0x00007fa021030800 VMThread [stack: 0x0000700004222000,0x0000700004322000] [id=12291]
  0x00007fa02104b800 WatcherThread [stack: 0x0000700004b3d000,0x0000700004c3d000] [id=16387]

VM state:not at safepoint (normal execution)

VM Mutex/Monitor currently owned by a thread: None

Heap:
 PSYoungGen      total 67072K, used 54562K [0x000000076ab00000, 0x000000076f980000, 0x00000007c0000000)
  eden space 55808K, 97% used [0x000000076ab00000,0x000000076e018820,0x000000076e180000)
  from space 11264K, 1% used [0x000000076ee80000,0x000000076eeb0000,0x000000076f980000)
  to   space 12288K, 0% used [0x000000076e180000,0x000000076e180000,0x000000076ed80000)
 ParOldGen       total 123904K, used 25259K [0x00000006c0000000, 0x00000006c7900000, 0x000000076ab00000)
  object space 123904K, 20% used [0x00000006c0000000,0x00000006c18aaca0,0x00000006c7900000)
 Metaspace       used 24508K, capacity 24935K, committed 25136K, reserved 1071104K
  class space    used 2452K, capacity 2592K, committed 2608K, reserved 1048576K

Card table byte_map: [0x0000000104dae000,0x00000001055af000] byte_map_base: 0x00000001017ae000

Marking Bits: (ParMarkBitMap*) 0x00000001042f76c0
 Begin Bits: [0x00000001189d2000, 0x000000011c9d2000)
 End Bits:   [0x000000011c9d2000, 0x00000001209d2000)

Polling page: 0x00000001029db000

CodeCache: size=245760Kb used=10383Kb max_used=10554Kb free=235376Kb
 bounds [0x00000001099d2000, 0x000000010a442000, 0x00000001189d2000]
 total_blobs=3999 nmethods=3049 adapters=863
 compilation: enabled

Compilation events (10 events):
Event: 416.262 Thread 0x00007fa01f000000 3425       3       java.util.IdentityHashMap::hash (18 bytes)
Event: 416.262 Thread 0x00007fa01f000000 nmethod 3425 0x000000010a068d50 code [0x000000010a068ec0, 0x000000010a069048]
Event: 416.262 Thread 0x00007fa01f000000 3427       3       sun.awt.SunToolkit::targetToAppContext (30 bytes)
Event: 416.263 Thread 0x00007fa01f000000 nmethod 3427 0x0000000109be50d0 code [0x0000000109be5280, 0x0000000109be58b8]
Event: 416.263 Thread 0x00007fa01f000000 3428       3       sun.awt.SunToolkit::getAppContext (42 bytes)
Event: 416.263 Thread 0x00007fa01f000000 nmethod 3428 0x000000010a0e4290 code [0x000000010a0e4480, 0x000000010a0e4e78]
Event: 416.264 Thread 0x00007fa01f000000 3426       3       java.util.IdentityHashMap::maskNull (12 bytes)
Event: 416.264 Thread 0x00007fa01f000000 nmethod 3426 0x0000000109eddd10 code [0x0000000109edde80, 0x0000000109ede010]
Event: 416.265 Thread 0x00007fa01f000000 3429       3       java.awt.Component$1::getAppContext (5 bytes)
Event: 416.265 Thread 0x00007fa01f000000 nmethod 3429 0x000000010a0e2850 code [0x000000010a0e29c0, 0x000000010a0e2b10]

GC Heap History (10 events):
Event: 336.053 GC heap before
{Heap before GC invocations=29 (full 1):
 PSYoungGen      total 58880K, used 58464K [0x000000076ab00000, 0x0000000770200000, 0x00000007c0000000)
  eden space 58368K, 100% used [0x000000076ab00000,0x000000076e400000,0x000000076e400000)
  from space 512K, 18% used [0x000000076e480000,0x000000076e498000,0x000000076e500000)
  to   space 15360K, 0% used [0x000000076f300000,0x000000076f300000,0x0000000770200000)
 ParOldGen       total 123904K, used 25259K [0x00000006c0000000, 0x00000006c7900000, 0x000000076ab00000)
  object space 123904K, 20% used [0x00000006c0000000,0x00000006c18aaca0,0x00000006c7900000)
 Metaspace       used 24444K, capacity 24867K, committed 25136K, reserved 1071104K
  class space    used 2440K, capacity 2590K, committed 2608K, reserved 1048576K
Event: 336.055 GC heap after
Heap after GC invocations=29 (full 1):
 PSYoungGen      total 71680K, used 96K [0x000000076ab00000, 0x0000000770080000, 0x00000007c0000000)
  eden space 57856K, 0% used [0x000000076ab00000,0x000000076ab00000,0x000000076e380000)
  from space 13824K, 0% used [0x000000076f300000,0x000000076f318000,0x0000000770080000)
  to   space 14848K, 0% used [0x000000076e380000,0x000000076e380000,0x000000076f200000)
 ParOldGen       total 123904K, used 25259K [0x00000006c0000000, 0x00000006c7900000, 0x000000076ab00000)
  object space 123904K, 20% used [0x00000006c0000000,0x00000006c18aaca0,0x00000006c7900000)
 Metaspace       used 24444K, capacity 24867K, committed 25136K, reserved 1071104K
  class space    used 2440K, capacity 2590K, committed 2608K, reserved 1048576K
}
Event: 350.703 GC heap before
{Heap before GC invocations=30 (full 1):
 PSYoungGen      total 71680K, used 57952K [0x000000076ab00000, 0x0000000770080000, 0x00000007c0000000)
  eden space 57856K, 100% used [0x000000076ab00000,0x000000076e380000,0x000000076e380000)
  from space 13824K, 0% used [0x000000076f300000,0x000000076f318000,0x0000000770080000)
  to   space 14848K, 0% used [0x000000076e380000,0x000000076e380000,0x000000076f200000)
 ParOldGen       total 123904K, used 25259K [0x00000006c0000000, 0x00000006c7900000, 0x000000076ab00000)
  object space 123904K, 20% used [0x00000006c0000000,0x00000006c18aaca0,0x00000006c7900000)
 Metaspace       used 24444K, capacity 24867K, committed 25136K, reserved 1071104K
  class space    used 2440K, capacity 2590K, committed 2608K, reserved 1048576K
Event: 350.709 GC heap after
Heap after GC invocations=30 (full 1):
 PSYoungGen      total 57856K, used 192K [0x000000076ab00000, 0x000000076ff00000, 0x00000007c0000000)
  eden space 57344K, 0% used [0x000000076ab00000,0x000000076ab00000,0x000000076e300000)
  from space 512K, 37% used [0x000000076e380000,0x000000076e3b0000,0x000000076e400000)
  to   space 14336K, 0% used [0x000000076f100000,0x000000076f100000,0x000000076ff00000)
 ParOldGen       total 123904K, used 25259K [0x00000006c0000000, 0x00000006c7900000, 0x000000076ab00000)
  object space 123904K, 20% used [0x00000006c0000000,0x00000006c18aaca0,0x00000006c7900000)
 Metaspace       used 24444K, capacity 24867K, committed 25136K, reserved 1071104K
  class space    used 2440K, capacity 2590K, committed 2608K, reserved 1048576K
}
Event: 366.040 GC heap before
{Heap before GC invocations=31 (full 1):
 PSYoungGen      total 57856K, used 57536K [0x000000076ab00000, 0x000000076ff00000, 0x00000007c0000000)
  eden space 57344K, 100% used [0x000000076ab00000,0x000000076e300000,0x000000076e300000)
  from space 512K, 37% used [0x000000076e380000,0x000000076e3b0000,0x000000076e400000)
  to   space 14336K, 0% used [0x000000076f100000,0x000000076f100000,0x000000076ff00000)
 ParOldGen       total 123904K, used 25259K [0x00000006c0000000, 0x00000006c7900000, 0x000000076ab00000)
  object space 123904K, 20% used [0x00000006c0000000,0x00000006c18aaca0,0x00000006c7900000)
 Metaspace       used 24444K, capacity 24867K, committed 25136K, reserved 1071104K
  class space    used 2440K, capacity 2590K, committed 2608K, reserved 1048576K
Event: 366.052 GC heap after
Heap after GC invocations=31 (full 1):
 PSYoungGen      total 68608K, used 192K [0x000000076ab00000, 0x000000076fc80000, 0x00000007c0000000)
  eden space 56832K, 0% used [0x000000076ab00000,0x000000076ab00000,0x000000076e280000)
  from space 11776K, 1% used [0x000000076f100000,0x000000076f130000,0x000000076fc80000)
  to   space 13312K, 0% used [0x000000076e280000,0x000000076e280000,0x000000076ef80000)
 ParOldGen       total 123904K, used 25259K [0x00000006c0000000, 0x00000006c7900000, 0x000000076ab00000)
  object space 123904K, 20% used [0x00000006c0000000,0x00000006c18aaca0,0x00000006c7900000)
 Metaspace       used 24444K, capacity 24867K, committed 25136K, reserved 1071104K
  class space    used 2440K, capacity 2590K, committed 2608K, reserved 1048576K
}
Event: 383.773 GC heap before
{Heap before GC invocations=32 (full 1):
 PSYoungGen      total 68608K, used 57024K [0x000000076ab00000, 0x000000076fc80000, 0x00000007c0000000)
  eden space 56832K, 100% used [0x000000076ab00000,0x000000076e280000,0x000000076e280000)
  from space 11776K, 1% used [0x000000076f100000,0x000000076f130000,0x000000076fc80000)
  to   space 13312K, 0% used [0x000000076e280000,0x000000076e280000,0x000000076ef80000)
 ParOldGen       total 123904K, used 25259K [0x00000006c0000000, 0x00000006c7900000, 0x000000076ab00000)
  object space 123904K, 20% used [0x00000006c0000000,0x00000006c18aaca0,0x00000006c7900000)
 Metaspace       used 24444K, capacity 24867K, committed 25136K, reserved 1071104K
  class space    used 2440K, capacity 2590K, committed 2608K, reserved 1048576K
Event: 383.775 GC heap after
Heap after GC invocations=32 (full 1):
 PSYoungGen      total 56832K, used 160K [0x000000076ab00000, 0x000000076fb00000, 0x00000007c0000000)
  eden space 56320K, 0% used [0x000000076ab00000,0x000000076ab00000,0x000000076e200000)
  from space 512K, 31% used [0x000000076e280000,0x000000076e2a8000,0x000000076e300000)
  to   space 12800K, 0% used [0x000000076ee80000,0x000000076ee80000,0x000000076fb00000)
 ParOldGen       total 123904K, used 25259K [0x00000006c0000000, 0x00000006c7900000, 0x000000076ab00000)
  object space 123904K, 20% used [0x00000006c0000000,0x00000006c18aaca0,0x00000006c7900000)
 Metaspace       used 24444K, capacity 24867K, committed 25136K, reserved 1071104K
  class space    used 2440K, capacity 2590K, committed 2608K, reserved 1048576K
}
Event: 401.872 GC heap before
{Heap before GC invocations=33 (full 1):
 PSYoungGen      total 56832K, used 56480K [0x000000076ab00000, 0x000000076fb00000, 0x00000007c0000000)
  eden space 56320K, 100% used [0x000000076ab00000,0x000000076e200000,0x000000076e200000)
  from space 512K, 31% used [0x000000076e280000,0x000000076e2a8000,0x000000076e300000)
  to   space 12800K, 0% used [0x000000076ee80000,0x000000076ee80000,0x000000076fb00000)
 ParOldGen       total 123904K, used 25259K [0x00000006c0000000, 0x00000006c7900000, 0x000000076ab00000)
  object space 123904K, 20% used [0x00000006c0000000,0x00000006c18aaca0,0x00000006c7900000)
 Metaspace       used 24444K, capacity 24867K, committed 25136K, reserved 1071104K
  class space    used 2440K, capacity 2590K, committed 2608K, reserved 1048576K
Event: 401.880 GC heap after
Heap after GC invocations=33 (full 1):
 PSYoungGen      total 67072K, used 192K [0x000000076ab00000, 0x000000076f980000, 0x00000007c0000000)
  eden space 55808K, 0% used [0x000000076ab00000,0x000000076ab00000,0x000000076e180000)
  from space 11264K, 1% used [0x000000076ee80000,0x000000076eeb0000,0x000000076f980000)
  to   space 12288K, 0% used [0x000000076e180000,0x000000076e180000,0x000000076ed80000)
 ParOldGen       total 123904K, used 25259K [0x00000006c0000000, 0x00000006c7900000, 0x000000076ab00000)
  object space 123904K, 20% used [0x00000006c0000000,0x00000006c18aaca0,0x00000006c7900000)
 Metaspace       used 24444K, capacity 24867K, committed 25136K, reserved 1071104K
  class space    used 2440K, capacity 2590K, committed 2608K, reserved 1048576K
}

Deoptimization events (10 events):
Event: 416.258 Thread 0x00007fa01f9f7000 Uncommon trap: reason=unstable_if action=reinterpret pc=0x000000010a163f58 method=java.util.LinkedList$ListItr.<init>(Ljava/util/LinkedList;I)V @ 26
Event: 416.259 Thread 0x00007fa01f9f7000 Uncommon trap: reason=unstable_if action=reinterpret pc=0x000000010a11ba84 method=java.util.LinkedList$ListItr.<init>(Ljava/util/LinkedList;I)V @ 26
Event: 416.259 Thread 0x00007fa020002000 Uncommon trap: reason=class_check action=maybe_recompile pc=0x0000000109dcdc1c method=java.awt.EventQueue.setCurrentEventAndMostRecentTimeImpl(Ljava/awt/AWTEvent;)V @ 135
Event: 416.259 Thread 0x00007fa020002000 Uncommon trap: reason=class_check action=maybe_recompile pc=0x000000010a3fddb4 method=java.awt.Component.getGraphics()Ljava/awt/Graphics; @ 114
Event: 416.260 Thread 0x00007fa01ec2f800 Uncommon trap: reason=predicate action=maybe_recompile pc=0x000000010a32b230 method=java.util.Vector.indexOf(Ljava/lang/Object;I)I @ 44
Event: 416.264 Thread 0x00007fa020002000 Uncommon trap: reason=class_check action=maybe_recompile pc=0x0000000109dcdc1c method=java.awt.EventQueue.setCurrentEventAndMostRecentTimeImpl(Ljava/awt/AWTEvent;)V @ 135
Event: 416.265 Thread 0x00007fa020002000 Uncommon trap: reason=class_check action=maybe_recompile pc=0x0000000109dcdc1c method=java.awt.EventQueue.setCurrentEventAndMostRecentTimeImpl(Ljava/awt/AWTEvent;)V @ 135
Event: 416.266 Thread 0x00007fa02246b800 Uncommon trap: reason=class_check action=maybe_recompile pc=0x000000010a12fb60 method=java.util.HashMap.removeNode(ILjava/lang/Object;Ljava/lang/Object;ZZ)Ljava/util/HashMap$Node; @ 68
Event: 416.267 Thread 0x00007fa021129000 Uncommon trap: reason=class_check action=maybe_recompile pc=0x000000010a088600 method=com.jogamp.common.util.RunnableTask.run()V @ 24
Event: 416.268 Thread 0x00007fa02246b800 Uncommon trap: reason=unstable_if action=reinterpret pc=0x000000010a105088 method=java.lang.reflect.Method.invoke(Ljava/lang/Object;[Ljava/lang/Object;)Ljava/lang/Object; @ 4

Classes redefined (0 events):
No events

Internal exceptions (10 events):
Event: 0.159 Thread 0x00007fa01f80e000 Exception <a 'java/lang/NoSuchFieldError': method resolution failed> (0x000000076ade1030) thrown at [/Users/java_re/workspace/8-2-build-macosx-x86_64/jdk8u161/10277/hotspot/src/share/vm/prims/methodHandles.cpp, line 1167]
Event: 0.359 Thread 0x00007fa01f80e000 Exception <a 'java/io/FileNotFoundException'> (0x000000076ae5cce0) thrown at [/Users/java_re/workspace/8-2-build-macosx-x86_64/jdk8u161/10277/hotspot/src/share/vm/prims/jni.cpp, line 709]
Event: 0.359 Thread 0x00007fa01f80e000 Exception <a 'java/io/FileNotFoundException'> (0x000000076ae5d880) thrown at [/Users/java_re/workspace/8-2-build-macosx-x86_64/jdk8u161/10277/hotspot/src/share/vm/prims/jni.cpp, line 709]
Event: 0.456 Thread 0x00007fa01f80e000 Exception <a 'java/io/FileNotFoundException'> (0x000000076b1756a0) thrown at [/Users/java_re/workspace/8-2-build-macosx-x86_64/jdk8u161/10277/hotspot/src/share/vm/prims/jni.cpp, line 709]
Event: 2.178 Thread 0x00007fa022295800 Exception <a 'java/lang/UnsatisfiedLinkError': com.jogamp.common.util.JarUtil.fixNativeLibAttribs(Ljava/lang/String;)Z> (0x000000076c7e72e8) thrown at [/Users/java_re/workspace/8-2-build-macosx-x86_64/jdk8u161/10277/hotspot/src/share/vm/prims/nativeLookup
Event: 3.115 Thread 0x00007fa01f9f7000 Exception <a 'java/io/FileNotFoundException'> (0x000000076da31fb8) thrown at [/Users/java_re/workspace/8-2-build-macosx-x86_64/jdk8u161/10277/hotspot/src/share/vm/prims/jni.cpp, line 709]
Event: 3.115 Thread 0x00007fa01f9f7000 Exception <a 'java/io/FileNotFoundException'> (0x000000076da3ab40) thrown at [/Users/java_re/workspace/8-2-build-macosx-x86_64/jdk8u161/10277/hotspot/src/share/vm/prims/jni.cpp, line 709]
Event: 3.115 Thread 0x00007fa01f9f7000 Implicit null exception at 0x0000000109bbf6b6 to 0x0000000109bbfa79
Event: 3.237 Thread 0x00007fa01f9f7000 Implicit null exception at 0x0000000109dc2a86 to 0x0000000109dc2ccd
Event: 3.468 Thread 0x00007fa01e808000 Exception <a 'java/lang/NullPointerException'> (0x000000076ad0ead0) thrown at [/Users/java_re/workspace/8-2-build-macosx-x86_64/jdk8u161/10277/hotspot/src/share/vm/interpreter/linkResolver.cpp, line 1185]

Events (10 events):
Event: 416.267 loading class com/jogamp/nativewindow/egl/EGLGraphicsDevice$EGLDisplayLifecycleCallback done
Event: 416.268 loading class jogamp/opengl/egl/EGLDisplayUtil$1
Event: 416.268 loading class jogamp/opengl/egl/EGLDisplayUtil$1 done
Event: 416.268 loading class java/nio/channels/ClosedChannelException
Event: 416.268 loading class java/nio/channels/ClosedChannelException done
Event: 416.268 Thread 0x00007fa022517000 Thread exited: 0x00007fa022517000
Event: 416.268 Thread 0x00007fa02246b800 Uncommon trap: trap_request=0xffffff65 fr.pc=0x000000010a105088
Event: 416.268 Thread 0x00007fa02246b800 DEOPT PACKING pc=0x000000010a105088 sp=0x00007000053dd690
Event: 416.268 Thread 0x00007fa02246b800 DEOPT UNPACKING pc=0x0000000109a1773a sp=0x00007000053dd660 mode 2
Event: 416.268 Thread 0x00007fa02246b800 Thread exited: 0x00007fa02246b800


Dynamic libraries:
0x000000000cad7000 	/System/Library/Frameworks/Cocoa.framework/Versions/A/Cocoa
0x000000000cad7000 	/System/Library/Frameworks/Security.framework/Versions/A/Security
0x000000000cad7000 	/System/Library/Frameworks/ApplicationServices.framework/Versions/A/ApplicationServices
0x000000000cad7000 	/usr/lib/libz.1.dylib
0x000000000cad7000 	/usr/lib/libSystem.B.dylib
0x000000000cad7000 	/usr/lib/libobjc.A.dylib
0x000000000cad7000 	/System/Library/Frameworks/CoreFoundation.framework/Versions/A/CoreFoundation
0x000000000cad7000 	/System/Library/Frameworks/Foundation.framework/Versions/C/Foundation
0x000000000cad7000 	/System/Library/Frameworks/AppKit.framework/Versions/C/AppKit
0x000000000cad7000 	/System/Library/Frameworks/CoreData.framework/Versions/A/CoreData
0x000000000cad7000 	/System/Library/PrivateFrameworks/RemoteViewServices.framework/Versions/A/RemoteViewServices
0x000000000cad7000 	/System/Library/PrivateFrameworks/UIFoundation.framework/Versions/A/UIFoundation
0x000000000cad7000 	/System/Library/PrivateFrameworks/XCTTargetBootstrap.framework/Versions/A/XCTTargetBootstrap
0x000000000cad7000 	/System/Library/PrivateFrameworks/IconServices.framework/Versions/A/IconServices
0x000000000cad7000 	/System/Library/Frameworks/Metal.framework/Versions/A/Metal
0x000000000cad7000 	/System/Library/PrivateFrameworks/DesktopServicesPriv.framework/Versions/A/DesktopServicesPriv
0x000000000cad7000 	/usr/lib/libenergytrace.dylib
0x000000000cad7000 	/System/Library/PrivateFrameworks/SkyLight.framework/Versions/A/SkyLight
0x000000000cad7000 	/System/Library/Frameworks/CoreGraphics.framework/Versions/A/CoreGraphics
0x000000000cad7000 	/System/Library/Frameworks/Accelerate.framework/Versions/A/Accelerate
0x000000000cad7000 	/System/Library/Frameworks/IOSurface.framework/Versions/A/IOSurface
0x000000000cad7000 	/System/Library/PrivateFrameworks/DFRFoundation.framework/Versions/A/DFRFoundation
0x000000000cad7000 	/System/Library/Frameworks/AudioToolbox.framework/Versions/A/AudioToolbox
0x000000000cad7000 	/System/Library/Frameworks/AudioUnit.framework/Versions/A/AudioUnit
0x000000000cad7000 	/System/Library/PrivateFrameworks/DataDetectorsCore.framework/Versions/A/DataDetectorsCore
0x000000000cad7000 	/System/Library/Frameworks/Carbon.framework/Versions/A/Frameworks/HIToolbox.framework/Versions/A/HIToolbox
0x000000000cad7000 	/usr/lib/libicucore.A.dylib
0x000000000cad7000 	/System/Library/Frameworks/QuartzCore.framework/Versions/A/QuartzCore
0x000000000cad7000 	/System/Library/Frameworks/Carbon.framework/Versions/A/Frameworks/SpeechRecognition.framework/Versions/A/SpeechRecognition
0x000000000cad7000 	/usr/lib/libauto.dylib
0x000000000cad7000 	/usr/lib/libxml2.2.dylib
0x000000000cad7000 	/System/Library/PrivateFrameworks/CoreUI.framework/Versions/A/CoreUI
0x000000000cad7000 	/System/Library/Frameworks/CoreAudio.framework/Versions/A/CoreAudio
0x000000000cad7000 	/System/Library/Frameworks/DiskArbitration.framework/Versions/A/DiskArbitration
0x000000000cad7000 	/usr/lib/liblangid.dylib
0x000000000cad7000 	/System/Library/PrivateFrameworks/MultitouchSupport.framework/Versions/A/MultitouchSupport
0x000000000cad7000 	/System/Library/Frameworks/IOKit.framework/Versions/A/IOKit
0x000000000cad7000 	/usr/lib/libDiagnosticMessagesClient.dylib
0x000000000cad7000 	/System/Library/Frameworks/CoreServices.framework/Versions/A/CoreServices
0x000000000cad7000 	/System/Library/PrivateFrameworks/PerformanceAnalysis.framework/Versions/A/PerformanceAnalysis
0x000000000cad7000 	/System/Library/Frameworks/OpenGL.framework/Versions/A/OpenGL
0x000000000cad7000 	/System/Library/Frameworks/ColorSync.framework/Versions/A/ColorSync
0x000000000cad7000 	/System/Library/Frameworks/CoreImage.framework/Versions/A/CoreImage
0x000000000cad7000 	/System/Library/Frameworks/CoreText.framework/Versions/A/CoreText
0x000000000cad7000 	/System/Library/Frameworks/ImageIO.framework/Versions/A/ImageIO
0x000000000cad7000 	/System/Library/PrivateFrameworks/Backup.framework/Versions/A/Backup
0x000000000cad7000 	/usr/lib/libarchive.2.dylib
0x000000000cad7000 	/System/Library/Frameworks/CFNetwork.framework/Versions/A/CFNetwork
0x000000000cad7000 	/System/Library/Frameworks/SystemConfiguration.framework/Versions/A/SystemConfiguration
0x000000000cad7000 	/usr/lib/libCRFSuite.dylib
0x000000000cad7000 	/usr/lib/libc++.1.dylib
0x000000000cad7000 	/usr/lib/libc++abi.dylib
0x000000000cad7000 	/usr/lib/system/libcache.dylib
0x000000000cad7000 	/usr/lib/system/libcommonCrypto.dylib
0x000000000cad7000 	/usr/lib/system/libcompiler_rt.dylib
0x000000000cad7000 	/usr/lib/system/libcopyfile.dylib
0x000000000cad7000 	/usr/lib/system/libcorecrypto.dylib
0x000000000cad7000 	/usr/lib/system/libdispatch.dylib
0x000000000cad7000 	/usr/lib/system/libdyld.dylib
0x000000000cad7000 	/usr/lib/system/libkeymgr.dylib
0x000000000cad7000 	/usr/lib/system/liblaunch.dylib
0x000000000cad7000 	/usr/lib/system/libmacho.dylib
0x000000000cad7000 	/usr/lib/system/libquarantine.dylib
0x000000000cad7000 	/usr/lib/system/libremovefile.dylib
0x000000000cad7000 	/usr/lib/system/libsystem_asl.dylib
0x000000000cad7000 	/usr/lib/system/libsystem_blocks.dylib
0x000000000cad7000 	/usr/lib/system/libsystem_c.dylib
0x000000000cad7000 	/usr/lib/system/libsystem_configuration.dylib
0x000000000cad7000 	/usr/lib/system/libsystem_coreservices.dylib
0x000000000cad7000 	/usr/lib/system/libsystem_darwin.dylib
0x000000000cad7000 	/usr/lib/system/libsystem_dnssd.dylib
0x000000000cad7000 	/usr/lib/system/libsystem_info.dylib
0x000000000cad7000 	/usr/lib/system/libsystem_m.dylib
0x000000000cad7000 	/usr/lib/system/libsystem_malloc.dylib
0x000000000cad7000 	/usr/lib/system/libsystem_networkextension.dylib
0x000000000cad7000 	/usr/lib/system/libsystem_notify.dylib
0x000000000cad7000 	/usr/lib/system/libsystem_sandbox.dylib
0x000000000cad7000 	/usr/lib/system/libsystem_secinit.dylib
0x000000000cad7000 	/usr/lib/system/libsystem_kernel.dylib
0x000000000cad7000 	/usr/lib/system/libsystem_platform.dylib
0x000000000cad7000 	/usr/lib/system/libsystem_pthread.dylib
0x000000000cad7000 	/usr/lib/system/libsystem_symptoms.dylib
0x000000000cad7000 	/usr/lib/system/libsystem_trace.dylib
0x000000000cad7000 	/usr/lib/system/libunwind.dylib
0x000000000cad7000 	/usr/lib/system/libxpc.dylib
0x000000000cad7000 	/usr/lib/libbsm.0.dylib
0x000000000cad7000 	/usr/lib/system/libkxld.dylib
0x000000000cad7000 	/System/Library/PrivateFrameworks/AppleFSCompression.framework/Versions/A/AppleFSCompression
0x000000000cad7000 	/usr/lib/libOpenScriptingUtil.dylib
0x000000000cad7000 	/usr/lib/libcoretls.dylib
0x000000000cad7000 	/usr/lib/libcoretls_cfhelpers.dylib
0x000000000cad7000 	/usr/lib/libpam.2.dylib
0x000000000cad7000 	/usr/lib/libsqlite3.dylib
0x000000000cad7000 	/usr/lib/libxar.1.dylib
0x000000000cad7000 	/usr/lib/libbz2.1.0.dylib
0x000000000cad7000 	/usr/lib/liblzma.5.dylib
0x000000000cad7000 	/usr/lib/libnetwork.dylib
0x000000000cad7000 	/usr/lib/libapple_nghttp2.dylib
0x000000000cad7000 	/usr/lib/libpcap.A.dylib
0x000000000cad7000 	/System/Library/Frameworks/CoreServices.framework/Versions/A/Frameworks/FSEvents.framework/Versions/A/FSEvents
0x000000000cad7000 	/System/Library/Frameworks/CoreServices.framework/Versions/A/Frameworks/CarbonCore.framework/Versions/A/CarbonCore
0x000000000cad7000 	/System/Library/Frameworks/CoreServices.framework/Versions/A/Frameworks/Metadata.framework/Versions/A/Metadata
0x000000000cad7000 	/System/Library/Frameworks/CoreServices.framework/Versions/A/Frameworks/OSServices.framework/Versions/A/OSServices
0x000000000cad7000 	/System/Library/Frameworks/CoreServices.framework/Versions/A/Frameworks/SearchKit.framework/Versions/A/SearchKit
0x000000000cad7000 	/System/Library/Frameworks/CoreServices.framework/Versions/A/Frameworks/AE.framework/Versions/A/AE
0x000000000cad7000 	/System/Library/Frameworks/CoreServices.framework/Versions/A/Frameworks/LaunchServices.framework/Versions/A/LaunchServices
0x000000000cad7000 	/System/Library/Frameworks/CoreServices.framework/Versions/A/Frameworks/DictionaryServices.framework/Versions/A/DictionaryServices
0x000000000cad7000 	/System/Library/Frameworks/CoreServices.framework/Versions/A/Frameworks/SharedFileList.framework/Versions/A/SharedFileList
0x000000000cad7000 	/System/Library/Frameworks/NetFS.framework/Versions/A/NetFS
0x000000000cad7000 	/System/Library/PrivateFrameworks/NetAuth.framework/Versions/A/NetAuth
0x000000000cad7000 	/System/Library/PrivateFrameworks/login.framework/Versions/A/Frameworks/loginsupport.framework/Versions/A/loginsupport
0x000000000cad7000 	/System/Library/PrivateFrameworks/TCC.framework/Versions/A/TCC
0x000000000cad7000 	/System/Library/PrivateFrameworks/CoreNLP.framework/Versions/A/CoreNLP
0x000000000cad7000 	/System/Library/PrivateFrameworks/MetadataUtilities.framework/Versions/A/MetadataUtilities
0x000000000cad7000 	/usr/lib/libmecabra.dylib
0x000000000cad7000 	/System/Library/Frameworks/ApplicationServices.framework/Versions/A/Frameworks/ATS.framework/Versions/A/ATS
0x000000000cad7000 	/System/Library/Frameworks/ApplicationServices.framework/Versions/A/Frameworks/ColorSyncLegacy.framework/Versions/A/ColorSyncLegacy
0x000000000cad7000 	/System/Library/Frameworks/ApplicationServices.framework/Versions/A/Frameworks/HIServices.framework/Versions/A/HIServices
0x000000000cad7000 	/System/Library/Frameworks/ApplicationServices.framework/Versions/A/Frameworks/LangAnalysis.framework/Versions/A/LangAnalysis
0x000000000cad7000 	/System/Library/Frameworks/ApplicationServices.framework/Versions/A/Frameworks/PrintCore.framework/Versions/A/PrintCore
0x000000000cad7000 	/System/Library/Frameworks/ApplicationServices.framework/Versions/A/Frameworks/QD.framework/Versions/A/QD
0x000000000cad7000 	/System/Library/Frameworks/ApplicationServices.framework/Versions/A/Frameworks/SpeechSynthesis.framework/Versions/A/SpeechSynthesis
0x000000000cad7000 	/usr/lib/libcompression.dylib
0x000000000cad7000 	/System/Library/Frameworks/CoreDisplay.framework/Versions/A/CoreDisplay
0x000000000cad7000 	/System/Library/Frameworks/MetalPerformanceShaders.framework/Versions/A/MetalPerformanceShaders
0x000000000cad7000 	/System/Library/Frameworks/Accelerate.framework/Versions/A/Frameworks/vImage.framework/Versions/A/vImage
0x000000000cad7000 	/System/Library/Frameworks/Accelerate.framework/Versions/A/Frameworks/vecLib.framework/Versions/A/vecLib
0x000000000cad7000 	/System/Library/Frameworks/Accelerate.framework/Versions/A/Frameworks/vecLib.framework/Versions/A/libvMisc.dylib
0x000000000cad7000 	/System/Library/Frameworks/Accelerate.framework/Versions/A/Frameworks/vecLib.framework/Versions/A/libvDSP.dylib
0x000000000cad7000 	/System/Library/Frameworks/Accelerate.framework/Versions/A/Frameworks/vecLib.framework/Versions/A/libBLAS.dylib
0x000000000cad7000 	/System/Library/Frameworks/Accelerate.framework/Versions/A/Frameworks/vecLib.framework/Versions/A/libLAPACK.dylib
0x000000000cad7000 	/System/Library/Frameworks/Accelerate.framework/Versions/A/Frameworks/vecLib.framework/Versions/A/libLinearAlgebra.dylib
0x000000000cad7000 	/System/Library/Frameworks/Accelerate.framework/Versions/A/Frameworks/vecLib.framework/Versions/A/libSparseBLAS.dylib
0x000000000cad7000 	/System/Library/Frameworks/Accelerate.framework/Versions/A/Frameworks/vecLib.framework/Versions/A/libQuadrature.dylib
0x000000000cad7000 	/System/Library/Frameworks/Accelerate.framework/Versions/A/Frameworks/vecLib.framework/Versions/A/libBNNS.dylib
0x000000000cad7000 	/System/Library/Frameworks/Accelerate.framework/Versions/A/Frameworks/vecLib.framework/Versions/A/libSparse.dylib
0x000000000cad7000 	/System/Library/PrivateFrameworks/GPUWrangler.framework/Versions/A/GPUWrangler
0x000000000cad7000 	/System/Library/PrivateFrameworks/IOAccelerator.framework/Versions/A/IOAccelerator
0x000000000cad7000 	/System/Library/PrivateFrameworks/IOPresentment.framework/Versions/A/IOPresentment
0x000000000cad7000 	/System/Library/PrivateFrameworks/DSExternalDisplay.framework/Versions/A/DSExternalDisplay
0x000000000cad7000 	/System/Library/Frameworks/OpenGL.framework/Versions/A/Libraries/libCoreFSCache.dylib
0x000000000cad7000 	/System/Library/Frameworks/MetalPerformanceShaders.framework/Frameworks/MPSCore.framework/Versions/A/MPSCore
0x000000000cad7000 	/System/Library/Frameworks/MetalPerformanceShaders.framework/Frameworks/MPSImage.framework/Versions/A/MPSImage
0x000000000cad7000 	/System/Library/Frameworks/MetalPerformanceShaders.framework/Frameworks/MPSNeuralNetwork.framework/Versions/A/MPSNeuralNetwork
0x000000000cad7000 	/System/Library/Frameworks/MetalPerformanceShaders.framework/Frameworks/MPSMatrix.framework/Versions/A/MPSMatrix
0x000000000cad7000 	/System/Library/Frameworks/MetalPerformanceShaders.framework/Frameworks/MPSRayIntersector.framework/Versions/A/MPSRayIntersector
0x000000000cad7000 	/System/Library/PrivateFrameworks/MetalTools.framework/Versions/A/MetalTools
0x000000000cad7000 	/System/Library/PrivateFrameworks/AggregateDictionary.framework/Versions/A/AggregateDictionary
0x000000000cad7000 	/usr/lib/libMobileGestalt.dylib
0x000000000cad7000 	/System/Library/Frameworks/CoreVideo.framework/Versions/A/CoreVideo
0x000000000cad7000 	/System/Library/PrivateFrameworks/GraphVisualizer.framework/Versions/A/GraphVisualizer
0x000000000cad7000 	/System/Library/PrivateFrameworks/FaceCore.framework/Versions/A/FaceCore
0x000000000cad7000 	/System/Library/Frameworks/OpenCL.framework/Versions/A/OpenCL
0x000000000cad7000 	/usr/lib/libFosl_dynamic.dylib
0x000000000cad7000 	/System/Library/PrivateFrameworks/OTSVG.framework/Versions/A/OTSVG
0x000000000cad7000 	/System/Library/Frameworks/ApplicationServices.framework/Versions/A/Frameworks/ATS.framework/Versions/A/Resources/libFontParser.dylib
0x000000000cad7000 	/System/Library/Frameworks/ApplicationServices.framework/Versions/A/Frameworks/ATS.framework/Versions/A/Resources/libFontRegistry.dylib
0x000000000cad7000 	/System/Library/Frameworks/ImageIO.framework/Versions/A/Resources/libJPEG.dylib
0x000000000cad7000 	/System/Library/Frameworks/ImageIO.framework/Versions/A/Resources/libTIFF.dylib
0x000000000cad7000 	/System/Library/Frameworks/ImageIO.framework/Versions/A/Resources/libPng.dylib
0x000000000cad7000 	/System/Library/Frameworks/ImageIO.framework/Versions/A/Resources/libGIF.dylib
0x000000000cad7000 	/System/Library/Frameworks/ImageIO.framework/Versions/A/Resources/libJP2.dylib
0x000000000cad7000 	/System/Library/Frameworks/ImageIO.framework/Versions/A/Resources/libRadiance.dylib
0x000000000cad7000 	/System/Library/PrivateFrameworks/AppleJPEG.framework/Versions/A/AppleJPEG
0x000000000cad7000 	/System/Library/Frameworks/OpenGL.framework/Versions/A/Libraries/libGFXShared.dylib
0x000000000cad7000 	/System/Library/Frameworks/OpenGL.framework/Versions/A/Libraries/libGLU.dylib
0x000000000cad7000 	/System/Library/Frameworks/OpenGL.framework/Versions/A/Libraries/libGL.dylib
0x000000000cad7000 	/System/Library/Frameworks/OpenGL.framework/Versions/A/Libraries/libGLImage.dylib
0x000000000cad7000 	/System/Library/Frameworks/OpenGL.framework/Versions/A/Libraries/libCVMSPluginSupport.dylib
0x000000000cad7000 	/System/Library/Frameworks/OpenGL.framework/Versions/A/Libraries/libCoreVMClient.dylib
0x000000000cad7000 	/usr/lib/libcups.2.dylib
0x000000000cad7000 	/System/Library/Frameworks/Kerberos.framework/Versions/A/Kerberos
0x000000000cad7000 	/System/Library/Frameworks/GSS.framework/Versions/A/GSS
0x000000000cad7000 	/usr/lib/libresolv.9.dylib
0x000000000cad7000 	/usr/lib/libiconv.2.dylib
0x000000000cad7000 	/System/Library/PrivateFrameworks/Heimdal.framework/Versions/A/Heimdal
0x000000000cad7000 	/usr/lib/libheimdal-asn1.dylib
0x000000000cad7000 	/System/Library/Frameworks/OpenDirectory.framework/Versions/A/OpenDirectory
0x000000000cad7000 	/System/Library/PrivateFrameworks/CommonAuth.framework/Versions/A/CommonAuth
0x000000000cad7000 	/System/Library/Frameworks/OpenDirectory.framework/Versions/A/Frameworks/CFOpenDirectory.framework/Versions/A/CFOpenDirectory
0x000000000cad7000 	/System/Library/Frameworks/SecurityFoundation.framework/Versions/A/SecurityFoundation
0x000000000cad7000 	/System/Library/PrivateFrameworks/APFS.framework/Versions/A/APFS
0x000000000cad7000 	/usr/lib/libutil.dylib
0x000000000cad7000 	/usr/lib/libcharset.1.dylib
0x000000000cad7000 	/System/Library/PrivateFrameworks/AppleSauce.framework/Versions/A/AppleSauce
0x000000000cad7000 	/System/Library/PrivateFrameworks/AssertionServices.framework/Versions/A/AssertionServices
0x000000000cad7000 	/System/Library/PrivateFrameworks/BaseBoard.framework/Versions/A/BaseBoard
0x000000000cad7000 	/usr/lib/libmecab.1.0.0.dylib
0x000000000cad7000 	/usr/lib/libgermantok.dylib
0x000000000cad7000 	/usr/lib/libThaiTokenizer.dylib
0x000000000cad7000 	/usr/lib/libChineseTokenizer.dylib
0x000000000cad7000 	/System/Library/PrivateFrameworks/LanguageModeling.framework/Versions/A/LanguageModeling
0x000000000cad7000 	/System/Library/PrivateFrameworks/CoreEmoji.framework/Versions/A/CoreEmoji
0x000000000cad7000 	/System/Library/PrivateFrameworks/Lexicon.framework/Versions/A/Lexicon
0x000000000cad7000 	/System/Library/PrivateFrameworks/LinguisticData.framework/Versions/A/LinguisticData
0x000000000cad7000 	/usr/lib/libcmph.dylib
0x000000000cad7000 	/System/Library/Frameworks/ServiceManagement.framework/Versions/A/ServiceManagement
0x000000000cad7000 	/System/Library/PrivateFrameworks/BackgroundTaskManagement.framework/Versions/A/BackgroundTaskManagement
0x000000000cad7000 	/usr/lib/libxslt.1.dylib
0x000000000cad7000 	/System/Library/Frameworks/Carbon.framework/Versions/A/Frameworks/Ink.framework/Versions/A/Ink
0x000000000cad7000 	/System/Library/PrivateFrameworks/TextureIO.framework/Versions/A/TextureIO
0x000000000cad7000 	/usr/lib/libate.dylib
0x000000000cad7000 	/System/Library/PrivateFrameworks/CrashReporterSupport.framework/Versions/A/CrashReporterSupport
0x000000000cad7000 	/System/Library/PrivateFrameworks/Sharing.framework/Versions/A/Sharing
0x000000000cad7000 	/System/Library/PrivateFrameworks/AuthKit.framework/Versions/A/AuthKit
0x000000000cad7000 	/System/Library/PrivateFrameworks/Apple80211.framework/Versions/A/Apple80211
0x000000000cad7000 	/System/Library/PrivateFrameworks/CoreUtils.framework/Versions/A/CoreUtils
0x000000000cad7000 	/System/Library/Frameworks/CoreWLAN.framework/Versions/A/CoreWLAN
0x000000000cad7000 	/System/Library/Frameworks/IOBluetooth.framework/Versions/A/IOBluetooth
0x000000000cad7000 	/System/Library/PrivateFrameworks/ProtocolBuffer.framework/Versions/A/ProtocolBuffer
0x000000000cad7000 	/System/Library/PrivateFrameworks/MobileKeyBag.framework/Versions/A/MobileKeyBag
0x000000000cad7000 	/System/Library/PrivateFrameworks/CorePhoneNumbers.framework/Versions/A/CorePhoneNumbers
0x000000000cad7000 	/System/Library/PrivateFrameworks/AppleIDAuthSupport.framework/Versions/A/AppleIDAuthSupport
0x000000000cad7000 	/System/Library/PrivateFrameworks/KeychainCircle.framework/Versions/A/KeychainCircle
0x000000000cad7000 	/System/Library/PrivateFrameworks/ROCKit.framework/Versions/A/ROCKit
0x000000000cad7000 	/System/Library/PrivateFrameworks/CoreWiFi.framework/Versions/A/CoreWiFi
0x000000000cad7000 	/System/Library/Frameworks/CoreBluetooth.framework/Versions/A/CoreBluetooth
0x000000000cad7000 	/System/Library/PrivateFrameworks/DebugSymbols.framework/Versions/A/DebugSymbols
0x000000000cad7000 	/System/Library/PrivateFrameworks/CoreSymbolication.framework/Versions/A/CoreSymbolication
0x000000000cad7000 	/System/Library/PrivateFrameworks/Symbolication.framework/Versions/A/Symbolication
0x000000000cad7000 	/System/Library/PrivateFrameworks/SpeechRecognitionCore.framework/Versions/A/SpeechRecognitionCore
0x0000000103a00000 	/Library/Java/JavaVirtualMachines/jdk1.8.0_161.jdk/Contents/Home/jre/lib/server/libjvm.dylib
0x000000000cad7000 	/usr/lib/libstdc++.6.dylib
0x0000000102997000 	/Library/Java/JavaVirtualMachines/jdk1.8.0_161.jdk/Contents/Home/jre/lib/libverify.dylib
0x00000001029a5000 	/Library/Java/JavaVirtualMachines/jdk1.8.0_161.jdk/Contents/Home/jre/lib/libjava.dylib
0x00000001029e5000 	/Library/Java/JavaVirtualMachines/jdk1.8.0_161.jdk/Contents/Home/jre/lib/libzip.dylib
0x0000000108b80000 	/Library/Java/JavaVirtualMachines/jdk1.8.0_161.jdk/Contents/Home/jre/lib/libawt.dylib
0x0000000108c2a000 	/Library/Java/JavaVirtualMachines/jdk1.8.0_161.jdk/Contents/Home/jre/lib/./libmlib_image.dylib
0x000000000cad7000 	/System/Library/Frameworks/JavaVM.framework/Versions/A/Frameworks/JavaNativeFoundation.framework/Versions/A/JavaNativeFoundation
0x000000000cad7000 	/System/Library/Frameworks/JavaVM.framework/Versions/A/Frameworks/JavaRuntimeSupport.framework/Versions/A/JavaRuntimeSupport
0x000000000cad7000 	/System/Library/Frameworks/JavaVM.framework/Versions/A/JavaVM
0x000000000cad7000 	/System/Library/PrivateFrameworks/JavaLaunching.framework/Versions/A/JavaLaunching
0x000000000cad7000 	/System/Library/Frameworks/Carbon.framework/Versions/A/Carbon
0x000000000cad7000 	/System/Library/Frameworks/Carbon.framework/Versions/A/Frameworks/CommonPanels.framework/Versions/A/CommonPanels
0x000000000cad7000 	/System/Library/Frameworks/Carbon.framework/Versions/A/Frameworks/Help.framework/Versions/A/Help
0x000000000cad7000 	/System/Library/Frameworks/Carbon.framework/Versions/A/Frameworks/ImageCapture.framework/Versions/A/ImageCapture
0x000000000cad7000 	/System/Library/Frameworks/Carbon.framework/Versions/A/Frameworks/OpenScripting.framework/Versions/A/OpenScripting
0x000000000cad7000 	/System/Library/Frameworks/Carbon.framework/Versions/A/Frameworks/Print.framework/Versions/A/Print
0x000000000cad7000 	/System/Library/Frameworks/Carbon.framework/Versions/A/Frameworks/SecurityHI.framework/Versions/A/SecurityHI
0x0000000108cf6000 	/Library/Java/JavaVirtualMachines/jdk1.8.0_161.jdk/Contents/Home/jre/lib/libawt_lwawt.dylib
0x0000000108db0000 	/Library/Java/JavaVirtualMachines/jdk1.8.0_161.jdk/Contents/Home/jre/lib/./libosxapp.dylib
0x000000000cad7000 	/System/Library/Frameworks/ExceptionHandling.framework/Versions/A/ExceptionHandling
0x000000000cad7000 	/System/Library/PrivateFrameworks/CoreServicesInternal.framework/Versions/A/CoreServicesInternal
0x000000000cad7000 	/System/Library/CoreServices/RawCamera.bundle/Contents/MacOS/RawCamera
0x000000000cad7000 	/System/Library/PrivateFrameworks/MobileAsset.framework/Versions/A/MobileAsset
0x000000000cad7000 	/System/Library/PrivateFrameworks/StreamingZip.framework/Versions/A/StreamingZip
0x000000000cad7000 	/System/Library/Frameworks/MediaToolbox.framework/Versions/A/MediaToolbox
0x000000000cad7000 	/System/Library/PrivateFrameworks/CoreAVCHD.framework/Versions/A/CoreAVCHD
0x000000000cad7000 	/System/Library/Frameworks/MediaAccessibility.framework/Versions/A/MediaAccessibility
0x000000000cad7000 	/System/Library/PrivateFrameworks/Mangrove.framework/Versions/A/Mangrove
0x000000000cad7000 	/System/Library/Frameworks/CoreMedia.framework/Versions/A/CoreMedia
0x000000000cad7000 	/System/Library/Frameworks/VideoToolbox.framework/Versions/A/VideoToolbox
0x000000000cad7000 	/System/Library/PrivateFrameworks/CoreAUC.framework/Versions/A/CoreAUC
0x000000000cad7000 	/usr/lib/libspindump.dylib
0x000000000cad7000 	/System/Library/PrivateFrameworks/AppleVA.framework/Versions/A/AppleVA
0x000000000cad7000 	/System/Library/Frameworks/Accelerate.framework/Versions/A/Frameworks/vImage.framework/Versions/A/Libraries/libCGInterfaces.dylib
0x000000000cad7000 	/System/Library/Frameworks/ApplicationServices.framework/Versions/A/Frameworks/ATS.framework/Versions/A/Resources/libTrueTypeScaler.dylib
0x000000000cad7000 	/System/Library/Extensions/AppleIntelHD5000GraphicsMTLDriver.bundle/Contents/MacOS/AppleIntelHD5000GraphicsMTLDriver
0x000000000cad7000 	/System/Library/PrivateFrameworks/GPUCompiler.framework/Versions/3902/Libraries/libmetal_timestamp.dylib
0x000000000cad7000 	/System/Library/PrivateFrameworks/FamilyControls.framework/Versions/A/FamilyControls
0x000000000cad7000 	/System/Library/PrivateFrameworks/CommerceKit.framework/Versions/A/Frameworks/CommerceCore.framework/Versions/A/CommerceCore
0x000000000cad7000 	/System/Library/PrivateFrameworks/SystemAdministration.framework/Versions/A/SystemAdministration
0x000000000cad7000 	/System/Library/PrivateFrameworks/AppContainer.framework/Versions/A/AppContainer
0x000000000cad7000 	/System/Library/PrivateFrameworks/AppSandbox.framework/Versions/A/AppSandbox
0x000000000cad7000 	/System/Library/PrivateFrameworks/SecCodeWrapper.framework/Versions/A/SecCodeWrapper
0x000000000cad7000 	/usr/lib/libsandbox.1.dylib
0x000000000cad7000 	/usr/lib/libMatch.1.dylib
0x000000000cad7000 	/System/Library/PrivateFrameworks/DiskManagement.framework/Versions/A/DiskManagement
0x000000000cad7000 	/System/Library/Frameworks/DirectoryService.framework/Versions/A/DirectoryService
0x000000000cad7000 	/System/Library/PrivateFrameworks/DiskImages.framework/Versions/A/DiskImages
0x000000000cad7000 	/System/Library/PrivateFrameworks/LoginUIKit.framework/Versions/A/Frameworks/LoginUICore.framework/Versions/A/LoginUICore
0x000000000cad7000 	/usr/lib/libCoreStorage.dylib
0x000000000cad7000 	/usr/lib/libcsfde.dylib
0x000000000cad7000 	/usr/lib/libodfde.dylib
0x000000000cad7000 	/System/Library/PrivateFrameworks/MediaKit.framework/Versions/A/MediaKit
0x000000000cad7000 	/System/Library/Frameworks/DiscRecording.framework/Versions/A/DiscRecording
0x000000000cad7000 	/System/Library/PrivateFrameworks/EFILogin.framework/Versions/A/EFILogin
0x000000000cad7000 	/System/Library/PrivateFrameworks/ProtectedCloudStorage.framework/Versions/A/ProtectedCloudStorage
0x000000000cad7000 	/usr/lib/libcurl.4.dylib
0x000000000cad7000 	/usr/lib/libcrypto.42.dylib
0x000000000cad7000 	/usr/lib/libssl.44.dylib
0x000000000cad7000 	/System/Library/Frameworks/LDAP.framework/Versions/A/LDAP
0x000000000cad7000 	/System/Library/PrivateFrameworks/TrustEvaluationAgent.framework/Versions/A/TrustEvaluationAgent
0x000000000cad7000 	/usr/lib/libsasl2.2.dylib
0x000000000cad7000 	/System/Library/PrivateFrameworks/CoreDaemon.framework/Versions/B/CoreDaemon
0x000000000cad7000 	/System/Library/PrivateFrameworks/AppleSRP.framework/Versions/A/AppleSRP
0x000000000cad7000 	/System/Library/PrivateFrameworks/ViewBridge.framework/Versions/A/ViewBridge
0x000000000cad7000 	/System/Library/Frameworks/OpenGL.framework/Versions/A/Resources/GLEngine.bundle/GLEngine
0x000000000cad7000 	/System/Library/Frameworks/OpenGL.framework/Versions/A/Libraries/libGLProgrammability.dylib
0x000000000cad7000 	/System/Library/Extensions/AppleIntelHD5000GraphicsGLDriver.bundle/Contents/MacOS/AppleIntelHD5000GraphicsGLDriver
0x000000000cad7000 	/System/Library/PrivateFrameworks/GPUSupport.framework/Versions/A/Libraries/libGPUSupportMercury.dylib
0x000000000cad7000 	/System/Library/Frameworks/OpenGL.framework/Versions/A/Resources/GLRendererFloat.bundle/GLRendererFloat
0x000000000cad7000 	/System/Library/Frameworks/OpenCL.framework/Versions/A/Libraries/libcldcpuengine.dylib
0x000000000cad7000 	/usr/lib/libcrypto.35.dylib
0x0000000124dfd000 	/Library/Java/JavaVirtualMachines/jdk1.8.0_161.jdk/Contents/Home/jre/lib/libfontmanager.dylib
0x0000000124e64000 	/usr/lib/libobjc-trampolines.dylib
0x0000000126506000 	/Library/Java/JavaVirtualMachines/jdk1.8.0_161.jdk/Contents/Home/jre/lib/libosxui.dylib
0x00000001271e0000 	/Library/Java/JavaVirtualMachines/jdk1.8.0_161.jdk/Contents/Home/jre/lib/libnet.dylib
0x0000000127677000 	/Library/Java/JavaVirtualMachines/jdk1.8.0_161.jdk/Contents/Home/jre/lib/libnio.dylib
0x00000001232d1000 	/private/var/folders/rk/hphxm6hd5130p5cwz1z1qfgm0000gp/T/jogamp_0000/file_cache/jln6249509587620271808/jln6801465496906071290/libgluegen-rt.jnilib
0x00000001232d6000 	/private/var/folders/rk/hphxm6hd5130p5cwz1z1qfgm0000gp/T/jogamp_0000/file_cache/jln6249509587620271808/jln6801465496906071290/libnativewindow_awt.jnilib
0x00000001232d9000 	/Library/Java/JavaVirtualMachines/jdk1.8.0_161.jdk/Contents/Home/jre/lib/libjawt.dylib
0x00000001232dc000 	/private/var/folders/rk/hphxm6hd5130p5cwz1z1qfgm0000gp/T/jogamp_0000/file_cache/jln6249509587620271808/jln6801465496906071290/libnativewindow_macosx.jnilib
0x0000000159f7a000 	/private/var/folders/rk/hphxm6hd5130p5cwz1z1qfgm0000gp/T/jogamp_0000/file_cache/jln6249509587620271808/jln6801465496906071290/libjogl_desktop.jnilib
0x000000012335f000 	/Library/Java/JavaVirtualMachines/jdk1.8.0_161.jdk/Contents/Home/jre/lib/libsunec.dylib
0x000000015f6f3000 	/Library/Java/JavaVirtualMachines/jdk1.8.0_161.jdk/Contents/Home/jre/lib/libt2k.dylib
0x000000015f741000 	/Library/Java/JavaVirtualMachines/jdk1.8.0_161.jdk/Contents/Home/jre/lib/libjpeg.dylib

VM Arguments:
jvm_args: -Djava.security.policy=java.policy.applet -Dfile.encoding=UTF-8 
java_command: sun.applet.AppletViewer module3.EarthquakeCityMap1546948069789.html
java_class_path (initial): /Users/soraia.carmo/Documents/Java Coursera/week 2/UCSDUnfoldingMaps/build:/Users/soraia.carmo/Documents/Java Coursera/week 2/UCSDUnfoldingMaps/lib/core.jar:/Users/soraia.carmo/Documents/Java Coursera/week 2/UCSDUnfoldingMaps/lib/gluegen-rt.jar:/Users/soraia.carmo/Documents/Java Coursera/week 2/UCSDUnfoldingMaps/lib/jogl-all.jar:/Users/soraia.carmo/Documents/Java Coursera/week 2/UCSDUnfoldingMaps/lib/log4j-1.2.15.jar:/Users/soraia.carmo/Documents/Java Coursera/week 2/UCSDUnfoldingMaps/lib/sqlite-jdbc-3.7.2.jar:/Users/soraia.carmo/Documents/Java Coursera/week 2/UCSDUnfoldingMaps/lib/json4processing.jar:/Users/soraia.carmo/Documents/Java Coursera/week 2/UCSDUnfoldingMaps/lib/libTUIO.jar:/Users/soraia.carmo/Documents/Java Coursera/week 2/UCSDUnfoldingMaps/lib/unfolding.0.9.7-uscd.jar
Launcher Type: SUN_STANDARD

Environment Variables:
PATH=/usr/bin:/bin:/usr/sbin:/sbin
SHELL=/bin/zsh
DISPLAY=/private/tmp/com.apple.launchd.zqJlB1rOWp/org.macosforge.xquartz:0

Signal Handlers:
SIGSEGV: [libjvm.dylib+0x5b5439], sa_mask[0]=11111111011111110111111111111111, sa_flags=SA_ONSTACK|SA_RESTART|SA_SIGINFO
SIGBUS: [libjvm.dylib+0x5b5439], sa_mask[0]=11111111011111110111111111111111, sa_flags=SA_RESTART|SA_SIGINFO
SIGFPE: [libjvm.dylib+0x48ae24], sa_mask[0]=11111111011111110111111111111111, sa_flags=SA_RESTART|SA_SIGINFO
SIGPIPE: [libjvm.dylib+0x48ae24], sa_mask[0]=11111111011111110111111111111111, sa_flags=SA_RESTART|SA_SIGINFO
SIGXFSZ: [libjvm.dylib+0x48ae24], sa_mask[0]=11111111011111110111111111111111, sa_flags=SA_RESTART|SA_SIGINFO
SIGILL: [libjvm.dylib+0x48ae24], sa_mask[0]=11111111011111110111111111111111, sa_flags=SA_RESTART|SA_SIGINFO
SIGUSR1: SIG_DFL, sa_mask[0]=00000000000000000000000000000000, sa_flags=none
SIGUSR2: [libjvm.dylib+0x48a942], sa_mask[0]=00100000000000000000000000000000, sa_flags=SA_RESTART|SA_SIGINFO
SIGHUP: [libjvm.dylib+0x488f0d], sa_mask[0]=11111111011111110111111111111111, sa_flags=SA_RESTART|SA_SIGINFO
SIGINT: [libjvm.dylib+0x488f0d], sa_mask[0]=11111111011111110111111111111111, sa_flags=SA_RESTART|SA_SIGINFO
SIGTERM: [libjvm.dylib+0x488f0d], sa_mask[0]=11111111011111110111111111111111, sa_flags=SA_RESTART|SA_SIGINFO
SIGQUIT: [libjvm.dylib+0x488f0d], sa_mask[0]=11111111011111110111111111111111, sa_flags=SA_RESTART|SA_SIGINFO


---------------  S Y S T E M  ---------------

OS:Bsduname:Darwin 18.2.0 Darwin Kernel Version 18.2.0: Fri Oct  5 19:41:49 PDT 2018; root:xnu-4903.221.2~2/RELEASE_X86_64 x86_64
rlimit: STACK 8192k, CORE 0k, NPROC 1418, NOFILE 10240, AS infinity
load average:9.38 6.20 4.51

CPU:total 8 (initial active 8) (4 cores per cpu, 2 threads per core) family 6 model 70 stepping 1, cmov, cx8, fxsr, mmx, sse, sse2, sse3, ssse3, sse4.1, sse4.2, popcnt, avx, avx2, aes, clmul, erms, lzcnt, ht, tsc, tscinvbit, bmi1, bmi2

Memory: 4k page, physical 16777216k(1545532k free)

/proc/meminfo:


vm_info: Java HotSpot(TM) 64-Bit Server VM (25.161-b12) for bsd-amd64 JRE (1.8.0_161-b12), built on Dec 19 2017 16:22:20 by "java_re" with gcc 4.2.1 (Based on Apple Inc. build 5658) (LLVM build 2336.11.00)

time: Tue Jan  8 11:54:46 2019
elapsed time: 416 seconds (0d 0h 6m 56s)

