#
# A fatal error has been detected by the Java Runtime Environment:
#
#  SIGSEGV (0xb) at pc=0x00007fff62e7ca1d, pid=96089, tid=0x0000000000000307
#
# JRE version: Java(TM) SE Runtime Environment (8.0_161-b12) (build 1.8.0_161-b12)
# Java VM: Java HotSpot(TM) 64-Bit Server VM (25.161-b12 mixed mode bsd-amd64 compressed oops)
# Problematic frame:
# C  [libobjc.A.dylib+0x7a1d]  objc_msgSend+0x1d
#
# Failed to write core dump. Core dumps have been disabled. To enable core dumping, try "ulimit -c unlimited" before starting Java again
#
# If you would like to submit a bug report, please visit:
#   http://bugreport.java.com/bugreport/crash.jsp
# The crash happened outside the Java Virtual Machine in native code.
# See problematic frame for where to report the bug.
#

---------------  T H R E A D  ---------------

Current thread (0x00007f9944105000):  JavaThread "AWT-AppKit" daemon [_thread_in_native, id=775, stack(0x00007ffeeeb20000,0x00007ffeef320000)]

siginfo: si_signo: 11 (SIGSEGV), si_code: 1 (SEGV_MAPERR), si_addr: 0x0000000000000018

Registers:
RAX=0x00007f9944ba62a0, RBX=0x0000000154297450, RCX=0x0000000000000001, RDX=0x0000000000000000
RSP=0x00007ffeef31b128, RBP=0x00007ffeef31b1e0, RSI=0x00007fff34ec5a0b, RDI=0x00007f9948718560
R8 =0x00000000944c011d, R9 =0x00007f9944c00000, R10=0x0000000000000000, R11=0x00007fff34ec5a0b
R12=0x0000000000000000, R13=0x0000000157ed2eb0, R14=0x0000000154297440, R15=0x00007f9944105000
RIP=0x00007fff62e7ca1d, EFLAGS=0x0000000000010246, ERR=0x0000000000000004
  TRAPNO=0x000000000000000e

Top of Stack: (sp=0x00007ffeef31b128)
0x00007ffeef31b128:   0000000154295157 00007ffeef31b180
0x00007ffeef31b138:   0000000000000003 00007ffeef31b160
0x00007ffeef31b148:   0000000101b43e3e 0000000157ed2eb0
0x00007ffeef31b158:   0000000157ed2eb0 00007f9944ba62a0
0x00007ffeef31b168:   00000001542976a0 0000000154297710
0x00007ffeef31b178:   00007fff8f790ca8 00007fff90e86e48
0x00007ffeef31b188:   0000000154297450 0000000154297690
0x00007ffeef31b198:   00007f9944ba62a0 00007f9948718560
0x00007ffeef31b1a8:   00007f9942e26170 00007f9944ba62a0
0x00007ffeef31b1b8:   00007f9948718560 00007ffeef31b268
0x00007ffeef31b1c8:   00007f99441051f8 0000000157ed2eb0
0x00007ffeef31b1d8:   00007ffeef31b290 00007ffeef31b258
0x00007ffeef31b1e8:   000000010cc99667 0000000157ed2eb0
0x00007ffeef31b1f8:   00007ffeef31b290 00007ffeef31b258
0x00007ffeef31b208:   000000010cc993c7 000000010cc99382
0x00007ffeef31b218:   00007ffeef31b218 0000000157ed2eb0
0x00007ffeef31b228:   00007ffeef31b290 0000000157ef6428
0x00007ffeef31b238:   0000000000000000 0000000157ed2eb0
0x00007ffeef31b248:   0000000000000000 00007ffeef31b278
0x00007ffeef31b258:   00007ffeef31b2d8 000000010cc892bd
0x00007ffeef31b268:   00000006c0070a50 000000010cc92d18
0x00007ffeef31b278:   00007f9944ba62a0 00007ffeef31b2d8
0x00007ffeef31b288:   00007f9948718560 000000010cc94782
0x00007ffeef31b298:   00007ffeef31b298 0000000157ed307a
0x00007ffeef31b2a8:   00007ffeef31b300 0000000157ef6428
0x00007ffeef31b2b8:   0000000000000000 0000000157ed3088
0x00007ffeef31b2c8:   00007ffeef31b278 00007ffeef31b2e8
0x00007ffeef31b2d8:   00007ffeef31b348 000000010cc892bd
0x00007ffeef31b2e8:   00007f9944ba62a0 00000006c0011450
0x00007ffeef31b2f8:   00007f9948718560 00000006c0011450
0x00007ffeef31b308:   00007ffeef31b308 000000015abfcc8e
0x00007ffeef31b318:   00007ffeef31b358 000000015abfcd48 

Instructions: (pc=0x00007fff62e7ca1d)
0x00007fff62e7c9fd:   0f 1f 00 48 85 ff 2e 74 62 40 f6 c7 01 2e 75 66
0x00007fff62e7ca0d:   49 ba f8 ff ff ff ff 7f 00 00 4c 23 17 49 89 f3
0x00007fff62e7ca1d:   45 23 5a 18 49 c1 e3 04 4d 03 5a 10 49 3b 33 75
0x00007fff62e7ca2d:   04 41 ff 63 08 49 83 3b 01 76 0d 49 83 c3 10 49 

Register to memory mapping:

RAX=0x00007f9944ba62a0 is an unknown value
RBX=0x0000000154297450: Java_jogamp_nativewindow_macosx_OSXUtil_GetScreenRefreshRate0+0x1cf0 in /private/var/folders/rk/hphxm6hd5130p5cwz1z1qfgm0000gp/T/jogamp_0000/file_cache/jln8291952931194249353/jln2538075932204881436/libnativewindow_macosx.jnilib at 0x0000000154290000
RCX=0x0000000000000001 is an unknown value
RDX=0x0000000000000000 is an unknown value
RSP=0x00007ffeef31b128 is pointing into the stack for thread: 0x00007f9944105000
RBP=0x00007ffeef31b1e0 is pointing into the stack for thread: 0x00007f9944105000
RSI=0x00007fff34ec5a0b: GCC_except_table7+0x9eaf in /System/Library/Frameworks/AppKit.framework/Versions/C/AppKit at 0x00007fff342b7000
RDI=0x00007f9948718560 is an unknown value
R8 =0x00000000944c011d is an unknown value
R9 =0x00007f9944c00000 is an unknown value
R10=0x0000000000000000 is an unknown value
R11=0x00007fff34ec5a0b: GCC_except_table7+0x9eaf in /System/Library/Frameworks/AppKit.framework/Versions/C/AppKit at 0x00007fff342b7000
R12=0x0000000000000000 is an unknown value
R13={method} {0x0000000157ed2eb0} 'UnsetJAWTRootSurfaceLayer0' '(JJ)V' in 'jogamp/nativewindow/jawt/macosx/MacOSXJAWTWindow'
R14=0x0000000154297440: Java_jogamp_nativewindow_macosx_OSXUtil_GetScreenRefreshRate0+0x1ce0 in /private/var/folders/rk/hphxm6hd5130p5cwz1z1qfgm0000gp/T/jogamp_0000/file_cache/jln8291952931194249353/jln2538075932204881436/libnativewindow_macosx.jnilib at 0x0000000154290000
R15=0x00007f9944105000 is a thread


Stack: [0x00007ffeeeb20000,0x00007ffeef320000],  sp=0x00007ffeef31b128,  free space=8172k
Native frames: (J=compiled Java code, j=interpreted, Vv=VM code, C=native code)
C  [libobjc.A.dylib+0x7a1d]  objc_msgSend+0x1d
j  jogamp.nativewindow.jawt.macosx.MacOSXJAWTWindow.UnsetJAWTRootSurfaceLayer0(JJ)V+0
j  jogamp.nativewindow.jawt.macosx.MacOSXJAWTWindow.access$200(JJ)V+2
j  jogamp.nativewindow.jawt.macosx.MacOSXJAWTWindow$1.run()V+38
J 2770 C1 com.jogamp.common.util.RunnableTask.run()V (345 bytes) @ 0x000000010d5cb7b4 [0x000000010d5cb620+0x194]
v  ~StubRoutines::call_stub
V  [libjvm.dylib+0x2ef9aa]  JavaCalls::call_helper(JavaValue*, methodHandle*, JavaCallArguments*, Thread*)+0x6ae
V  [libjvm.dylib+0x326bd8]  jni_invoke_nonstatic(JNIEnv_*, JavaValue*, _jobject*, JNICallType, _jmethodID*, JNI_ArgumentPusher*, Thread*)+0x2ec
V  [libjvm.dylib+0x3193bb]  jni_CallVoidMethod+0x16b
C  [libnativewindow_macosx.jnilib+0x5326]  Java_jogamp_nativewindow_jawt_macosx_MacOSXJAWTWindow_UnsetJAWTRootSurfaceLayer0+0x2b6
C  [Foundation+0xb1abb]  __NSThreadPerformPerform+0x147
C  [CoreFoundation+0x58155]  __CFRUNLOOP_IS_CALLING_OUT_TO_A_SOURCE0_PERFORM_FUNCTION__+0x11
C  [CoreFoundation+0x580fb]  __CFRunLoopDoSource0+0x6c
C  [CoreFoundation+0x3bbed]  __CFRunLoopDoSources0+0x11b
C  [CoreFoundation+0x3b13e]  __CFRunLoopRun+0x4c3
C  [CoreFoundation+0x3aa28]  CFRunLoopRunSpecific+0x1cf
C  [HIToolbox+0xab35]  RunCurrentEventLoopInMode+0x125
C  [HIToolbox+0xa774]  ReceiveNextEventCommon+0x173
C  [HIToolbox+0xa5e8]  _BlockUntilNextEventMatchingListInModeWithFilter+0x40
C  [AppKit+0x1aeb7]  _DPSNextEvent+0x3e5
C  [AppKit+0x19c56]  -[NSApplication(NSEvent) _nextEventMatchingEventMask:untilDate:inMode:dequeue:]+0x552
C  [libosxapp.dylib+0x23aa]  -[NSApplicationAWT nextEventMatchingMask:untilDate:inMode:dequeue:]+0x7c
C  [AppKit+0x13cb9]  -[NSApplication run]+0x2bb
C  [libosxapp.dylib+0x214d]  +[NSApplicationAWT runAWTLoopWithApp:]+0x9c
C  [libawt_lwawt.dylib+0x47397]  -[AWTStarter starter:]+0x389
C  [Foundation+0xb1abb]  __NSThreadPerformPerform+0x147
C  [CoreFoundation+0x58155]  __CFRUNLOOP_IS_CALLING_OUT_TO_A_SOURCE0_PERFORM_FUNCTION__+0x11
C  [CoreFoundation+0x580fb]  __CFRunLoopDoSource0+0x6c
C  [CoreFoundation+0x3bb95]  __CFRunLoopDoSources0+0xc3
C  [CoreFoundation+0x3b13e]  __CFRunLoopRun+0x4c3
C  [CoreFoundation+0x3aa28]  CFRunLoopRunSpecific+0x1cf
C  [java+0x647a]  CreateExecutionEnvironment+0x367
C  [java+0x212c]  JLI_Launch+0x7a0
C  [java+0x84d7]  main+0x65
C  [java+0x1984]  start+0x34
C  0x0000000000000007

Java frames: (J=compiled Java code, j=interpreted, Vv=VM code)
j  jogamp.nativewindow.jawt.macosx.MacOSXJAWTWindow.UnsetJAWTRootSurfaceLayer0(JJ)V+0
j  jogamp.nativewindow.jawt.macosx.MacOSXJAWTWindow.access$200(JJ)V+2
j  jogamp.nativewindow.jawt.macosx.MacOSXJAWTWindow$1.run()V+38
J 2770 C1 com.jogamp.common.util.RunnableTask.run()V (345 bytes) @ 0x000000010d5cb7b4 [0x000000010d5cb620+0x194]
v  ~StubRoutines::call_stub

---------------  P R O C E S S  ---------------

Java Threads: ( => current thread )
  0x00007f994905d000 JavaThread "Thread-19" [_thread_blocked, id=62471, stack(0x00007000108d5000,0x00007000109d5000)]
  0x00007f99443ec800 JavaThread "Keep-Alive-Timer" daemon [_thread_blocked, id=59911, stack(0x0000700011176000,0x0000700011276000)]
  0x00007f99451cb000 JavaThread "AWT-EventQueue-1" [_thread_blocked, id=73731, stack(0x0000700011073000,0x0000700011173000)]
  0x00007f9943001800 JavaThread "DestroyJavaVM" [_thread_blocked, id=6147, stack(0x000070000f393000,0x000070000f493000)]
  0x00007f9946a5c000 JavaThread "AWT-EventQueue-0" [_thread_blocked, id=55307, stack(0x0000700010e6d000,0x0000700010f6d000)]
  0x00007f9944179800 JavaThread "Java2D Disposer" daemon [_thread_blocked, id=52755, stack(0x0000700010be4000,0x0000700010ce4000)]
  0x00007f9943900000 JavaThread "Java2D Queue Flusher" daemon [_thread_blocked, id=80143, stack(0x0000700010ae1000,0x0000700010be1000)]
  0x00007f994581c000 JavaThread "AWT-Shutdown" [_thread_blocked, id=27687, stack(0x00007000106cc000,0x00007000107cc000)]
=>0x00007f9944105000 JavaThread "AWT-AppKit" daemon [_thread_in_native, id=775, stack(0x00007ffeeeb20000,0x00007ffeef320000)]
  0x00007f9945001000 JavaThread "Service Thread" daemon [_thread_blocked, id=15363, stack(0x00007000104c6000,0x00007000105c6000)]
  0x00007f9943805000 JavaThread "C1 CompilerThread3" daemon [_thread_blocked, id=14851, stack(0x00007000103c3000,0x00007000104c3000)]
  0x00007f9946005000 JavaThread "C2 CompilerThread2" daemon [_thread_blocked, id=16387, stack(0x00007000102c0000,0x00007000103c0000)]
  0x00007f9945802800 JavaThread "C2 CompilerThread1" daemon [_thread_blocked, id=16643, stack(0x00007000101bd000,0x00007000102bd000)]
  0x00007f9944026800 JavaThread "C2 CompilerThread0" daemon [_thread_in_native, id=13827, stack(0x00007000100ba000,0x00007000101ba000)]
  0x00007f9944025800 JavaThread "Signal Dispatcher" daemon [_thread_blocked, id=13571, stack(0x000070000ffb7000,0x00007000100b7000)]
  0x00007f9945801800 JavaThread "Finalizer" daemon [_thread_blocked, id=18691, stack(0x000070000feb4000,0x000070000ffb4000)]
  0x00007f9946818000 JavaThread "Reference Handler" daemon [_thread_blocked, id=18947, stack(0x000070000fdb1000,0x000070000feb1000)]

Other Threads:
  0x00007f9947006000 VMThread [stack: 0x000070000fcae000,0x000070000fdae000] [id=19203]
  0x00007f994300a000 WatcherThread [stack: 0x00007000105c9000,0x00007000106c9000] [id=15619]

VM state:not at safepoint (normal execution)

VM Mutex/Monitor currently owned by a thread:  ([mutex/lock_event])
[0x00007f9944b02030] CodeCache_lock - owner thread: 0x00007f9944026800

Heap:
 PSYoungGen      total 76288K, used 56984K [0x000000076ab00000, 0x0000000771780000, 0x00000007c0000000)
  eden space 65536K, 70% used [0x000000076ab00000,0x000000076d8295d0,0x000000076eb00000)
  from space 10752K, 99% used [0x000000076f580000,0x000000076fffcad8,0x0000000770000000)
  to   space 10752K, 0% used [0x000000076eb00000,0x000000076eb00000,0x000000076f580000)
 ParOldGen       total 124416K, used 14964K [0x00000006c0000000, 0x00000006c7980000, 0x000000076ab00000)
  object space 124416K, 12% used [0x00000006c0000000,0x00000006c0e9d028,0x00000006c7980000)
 Metaspace       used 24318K, capacity 24745K, committed 25216K, reserved 1071104K
  class space    used 2442K, capacity 2593K, committed 2688K, reserved 1048576K

Card table byte_map: [0x0000000102d6e000,0x000000010356f000] byte_map_base: 0x00000000ff76e000

Marking Bits: (ParMarkBitMap*) 0x00000001022f76c0
 Begin Bits: [0x0000000103ac5000, 0x0000000107ac5000)
 End Bits:   [0x0000000107ac5000, 0x000000010bac5000)

Polling page: 0x0000000100953000

CodeCache: size=245760Kb used=10554Kb max_used=10566Kb free=235205Kb
 bounds [0x000000010cc81000, 0x000000010d6e1000, 0x000000011bc81000]
 total_blobs=4052 nmethods=3108 adapters=857
 compilation: enabled

Compilation events (10 events):
Event: 11.680 Thread 0x00007f9943805000 3103       3       sun.misc.URLClassPath$JarLoader$2::getInputStream (15 bytes)
Event: 11.680 Thread 0x00007f9943805000 nmethod 3103 0x000000010d6d3510 code [0x000000010d6d3680, 0x000000010d6d38c8]
Event: 11.680 Thread 0x00007f9943805000 3104       3       sun.misc.URLClassPath$JarLoader$2::getContentLength (9 bytes)
Event: 11.680 Thread 0x00007f9943805000 nmethod 3104 0x000000010d6d7c10 code [0x000000010d6d7d80, 0x000000010d6d7fd0]
Event: 11.680 Thread 0x00007f9943805000 3105   !   3       java.util.jar.JarFile$JarFileEntry::getCodeSigners (78 bytes)
Event: 11.681 Thread 0x00007f9943805000 nmethod 3105 0x000000010d6d71d0 code [0x000000010d6d73a0, 0x000000010d6d79b8]
Event: 11.682 Thread 0x00007f9943805000 3106       1       sun.java2d.SurfaceData::isValid (5 bytes)
Event: 11.682 Thread 0x00007f9943805000 nmethod 3106 0x000000010d6d3250 code [0x000000010d6d33a0, 0x000000010d6d34b0]
Event: 11.682 Thread 0x00007f9943805000 3107       3       sun.java2d.pipe.RenderBuffer::putInt (26 bytes)
Event: 11.682 Thread 0x00007f9943805000 nmethod 3107 0x000000010d6d6e50 code [0x000000010d6d6fc0, 0x000000010d6d7130]

GC Heap History (6 events):
Event: 3.379 GC heap before
{Heap before GC invocations=1 (full 0):
 PSYoungGen      total 76288K, used 61253K [0x000000076ab00000, 0x0000000770000000, 0x00000007c0000000)
  eden space 65536K, 93% used [0x000000076ab00000,0x000000076e6d16a8,0x000000076eb00000)
  from space 10752K, 0% used [0x000000076f580000,0x000000076f580000,0x0000000770000000)
  to   space 10752K, 0% used [0x000000076eb00000,0x000000076eb00000,0x000000076f580000)
 ParOldGen       total 175104K, used 0K [0x00000006c0000000, 0x00000006cab00000, 0x000000076ab00000)
  object space 175104K, 0% used [0x00000006c0000000,0x00000006c0000000,0x00000006cab00000)
 Metaspace       used 20587K, capacity 21007K, committed 21248K, reserved 1069056K
  class space    used 2146K, capacity 2294K, committed 2304K, reserved 1048576K
Event: 3.389 GC heap after
Heap after GC invocations=1 (full 0):
 PSYoungGen      total 76288K, used 9609K [0x000000076ab00000, 0x0000000770000000, 0x00000007c0000000)
  eden space 65536K, 0% used [0x000000076ab00000,0x000000076ab00000,0x000000076eb00000)
  from space 10752K, 89% used [0x000000076eb00000,0x000000076f462738,0x000000076f580000)
  to   space 10752K, 0% used [0x000000076f580000,0x000000076f580000,0x0000000770000000)
 ParOldGen       total 175104K, used 24K [0x00000006c0000000, 0x00000006cab00000, 0x000000076ab00000)
  object space 175104K, 0% used [0x00000006c0000000,0x00000006c0006000,0x00000006cab00000)
 Metaspace       used 20587K, capacity 21007K, committed 21248K, reserved 1069056K
  class space    used 2146K, capacity 2294K, committed 2304K, reserved 1048576K
}
Event: 3.389 GC heap before
{Heap before GC invocations=2 (full 1):
 PSYoungGen      total 76288K, used 9609K [0x000000076ab00000, 0x0000000770000000, 0x00000007c0000000)
  eden space 65536K, 0% used [0x000000076ab00000,0x000000076ab00000,0x000000076eb00000)
  from space 10752K, 89% used [0x000000076eb00000,0x000000076f462738,0x000000076f580000)
  to   space 10752K, 0% used [0x000000076f580000,0x000000076f580000,0x0000000770000000)
 ParOldGen       total 175104K, used 24K [0x00000006c0000000, 0x00000006cab00000, 0x000000076ab00000)
  object space 175104K, 0% used [0x00000006c0000000,0x00000006c0006000,0x00000006cab00000)
 Metaspace       used 20587K, capacity 21007K, committed 21248K, reserved 1069056K
  class space    used 2146K, capacity 2294K, committed 2304K, reserved 1048576K
Event: 3.417 GC heap after
Heap after GC invocations=2 (full 1):
 PSYoungGen      total 76288K, used 0K [0x000000076ab00000, 0x0000000770000000, 0x00000007c0000000)
  eden space 65536K, 0% used [0x000000076ab00000,0x000000076ab00000,0x000000076eb00000)
  from space 10752K, 0% used [0x000000076eb00000,0x000000076eb00000,0x000000076f580000)
  to   space 10752K, 0% used [0x000000076f580000,0x000000076f580000,0x0000000770000000)
 ParOldGen       total 124416K, used 9375K [0x00000006c0000000, 0x00000006c7980000, 0x000000076ab00000)
  object space 124416K, 7% used [0x00000006c0000000,0x00000006c0927e68,0x00000006c7980000)
 Metaspace       used 20587K, capacity 21007K, committed 21248K, reserved 1069056K
  class space    used 2146K, capacity 2294K, committed 2304K, reserved 1048576K
}
Event: 5.168 GC heap before
{Heap before GC invocations=3 (full 1):
 PSYoungGen      total 76288K, used 65536K [0x000000076ab00000, 0x0000000770000000, 0x00000007c0000000)
  eden space 65536K, 100% used [0x000000076ab00000,0x000000076eb00000,0x000000076eb00000)
  from space 10752K, 0% used [0x000000076eb00000,0x000000076eb00000,0x000000076f580000)
  to   space 10752K, 0% used [0x000000076f580000,0x000000076f580000,0x0000000770000000)
 ParOldGen       total 124416K, used 9375K [0x00000006c0000000, 0x00000006c7980000, 0x000000076ab00000)
  object space 124416K, 7% used [0x00000006c0000000,0x00000006c0927e68,0x00000006c7980000)
 Metaspace       used 23856K, capacity 24251K, committed 24576K, reserved 1071104K
  class space    used 2429K, capacity 2558K, committed 2560K, reserved 1048576K
Event: 5.180 GC heap after
Heap after GC invocations=3 (full 1):
 PSYoungGen      total 76288K, used 10738K [0x000000076ab00000, 0x0000000771780000, 0x00000007c0000000)
  eden space 65536K, 0% used [0x000000076ab00000,0x000000076ab00000,0x000000076eb00000)
  from space 10752K, 99% used [0x000000076f580000,0x000000076fffcad8,0x0000000770000000)
  to   space 10752K, 0% used [0x000000076eb00000,0x000000076eb00000,0x000000076f580000)
 ParOldGen       total 124416K, used 14964K [0x00000006c0000000, 0x00000006c7980000, 0x000000076ab00000)
  object space 124416K, 12% used [0x00000006c0000000,0x00000006c0e9d028,0x00000006c7980000)
 Metaspace       used 23856K, capacity 24251K, committed 24576K, reserved 1071104K
  class space    used 2429K, capacity 2558K, committed 2560K, reserved 1048576K
}

Deoptimization events (10 events):
Event: 3.959 Thread 0x00007f99451cb000 Uncommon trap: reason=unstable_if action=reinterpret pc=0x000000010d35fa68 method=processing.opengl.PGraphicsOpenGL$InGeometry.addVertex(FFFIFFFFFIFIIIFIZ)I @ 218
Event: 4.016 Thread 0x00007f99451cb000 Uncommon trap: reason=unstable_if action=reinterpret pc=0x000000010d37820c method=processing.opengl.PGraphicsOpenGL$Tessellator.addLineSegment3D(III[SZ)I @ 67
Event: 4.035 Thread 0x00007f99451cb000 Uncommon trap: reason=unstable_if action=reinterpret pc=0x000000010d3e8cf4 method=processing.opengl.Texture.convertToRGBA([IIII)V @ 281
Event: 11.652 Thread 0x00007f99451cb000 Uncommon trap: reason=unstable_if action=reinterpret pc=0x000000010d43ee68 method=com.jogamp.common.util.VersionNumber.compareTo(Lcom/jogamp/common/util/VersionNumber;)I @ 21
Event: 11.667 Thread 0x00007f9945125800 Uncommon trap: reason=bimorphic action=maybe_recompile pc=0x000000010d0ab148 method=java.util.HashMap.putVal(ILjava/lang/Object;Ljava/lang/Object;ZZ)Ljava/lang/Object; @ 91
Event: 11.667 Thread 0x00007f9945125800 Uncommon trap: reason=bimorphic action=maybe_recompile pc=0x000000010d0ab148 method=java.util.HashMap.putVal(ILjava/lang/Object;Ljava/lang/Object;ZZ)Ljava/lang/Object; @ 91
Event: 11.667 Thread 0x00007f9945125800 Uncommon trap: reason=bimorphic action=maybe_recompile pc=0x000000010d0ab148 method=java.util.HashMap.putVal(ILjava/lang/Object;Ljava/lang/Object;ZZ)Ljava/lang/Object; @ 91
Event: 11.667 Thread 0x00007f9945125800 Uncommon trap: reason=bimorphic action=maybe_recompile pc=0x000000010d0ab148 method=java.util.HashMap.putVal(ILjava/lang/Object;Ljava/lang/Object;ZZ)Ljava/lang/Object; @ 91
Event: 11.667 Thread 0x00007f9945125800 Uncommon trap: reason=bimorphic action=maybe_recompile pc=0x000000010d0aa238 method=java.util.HashMap.putVal(ILjava/lang/Object;Ljava/lang/Object;ZZ)Ljava/lang/Object; @ 91
Event: 11.681 Thread 0x00007f99451cb000 Uncommon trap: reason=unstable_if action=reinterpret pc=0x000000010d671a90 method=java.security.AccessControlContext.optimize()Ljava/security/AccessControlContext; @ 233

Classes redefined (0 events):
No events

Internal exceptions (10 events):
Event: 0.171 Thread 0x00007f9943803800 Exception <a 'java/lang/NoSuchFieldError': method resolution failed> (0x000000076ade1030) thrown at [/Users/java_re/workspace/8-2-build-macosx-x86_64/jdk8u161/10277/hotspot/src/share/vm/prims/methodHandles.cpp, line 1167]
Event: 0.349 Thread 0x00007f9943803800 Exception <a 'java/io/FileNotFoundException'> (0x000000076ae5cce0) thrown at [/Users/java_re/workspace/8-2-build-macosx-x86_64/jdk8u161/10277/hotspot/src/share/vm/prims/jni.cpp, line 709]
Event: 0.349 Thread 0x00007f9943803800 Exception <a 'java/io/FileNotFoundException'> (0x000000076ae5d880) thrown at [/Users/java_re/workspace/8-2-build-macosx-x86_64/jdk8u161/10277/hotspot/src/share/vm/prims/jni.cpp, line 709]
Event: 0.457 Thread 0x00007f9943803800 Exception <a 'java/io/FileNotFoundException'> (0x000000076b175670) thrown at [/Users/java_re/workspace/8-2-build-macosx-x86_64/jdk8u161/10277/hotspot/src/share/vm/prims/jni.cpp, line 709]
Event: 2.228 Thread 0x00007f9945212000 Exception <a 'java/lang/UnsatisfiedLinkError': com.jogamp.common.util.JarUtil.fixNativeLibAttribs(Ljava/lang/String;)Z> (0x000000076c7ed110) thrown at [/Users/java_re/workspace/8-2-build-macosx-x86_64/jdk8u161/10277/hotspot/src/share/vm/prims/nativeLookup
Event: 3.144 Thread 0x00007f99451cb000 Exception <a 'java/io/FileNotFoundException'> (0x000000076da354f8) thrown at [/Users/java_re/workspace/8-2-build-macosx-x86_64/jdk8u161/10277/hotspot/src/share/vm/prims/jni.cpp, line 709]
Event: 3.145 Thread 0x00007f99451cb000 Exception <a 'java/io/FileNotFoundException'> (0x000000076da3e078) thrown at [/Users/java_re/workspace/8-2-build-macosx-x86_64/jdk8u161/10277/hotspot/src/share/vm/prims/jni.cpp, line 709]
Event: 3.145 Thread 0x00007f99451cb000 Implicit null exception at 0x000000010ce6af36 to 0x000000010ce6b2f9
Event: 3.274 Thread 0x00007f99451cb000 Implicit null exception at 0x000000010d06f706 to 0x000000010d06f94d
Event: 3.419 Thread 0x00007f9945801800 Exception <a 'java/lang/NullPointerException'> (0x000000076ad0ea60) thrown at [/Users/java_re/workspace/8-2-build-macosx-x86_64/jdk8u161/10277/hotspot/src/share/vm/interpreter/linkResolver.cpp, line 1185]

Events (10 events):
Event: 11.681 Thread 0x00007f99451cb000 DEOPT UNPACKING pc=0x000000010ccc673a sp=0x00007000111708a0 mode 2
Event: 11.681 loading class java/awt/LightweightDispatcher$2
Event: 11.682 loading class java/awt/LightweightDispatcher$2 done
Event: 11.682 loading class java/awt/event/AWTEventListenerProxy
Event: 11.682 loading class java/awt/event/AWTEventListenerProxy done
Event: 11.682 loading class java/awt/Toolkit$ToolkitEventMulticaster
Event: 11.682 loading class java/awt/Toolkit$ToolkitEventMulticaster done
Event: 11.682 Thread 0x00007f9945125800 Thread exited: 0x00007f9945125800
Event: 11.682 loading class java/awt/Window$1DisposeAction
Event: 11.682 loading class java/awt/Window$1DisposeAction done


Dynamic libraries:
0x000000000cad7000 	/System/Library/Frameworks/Cocoa.framework/Versions/A/Cocoa
0x000000000cad7000 	/System/Library/Frameworks/Security.framework/Versions/A/Security
0x000000000cad7000 	/System/Library/Frameworks/ApplicationServices.framework/Versions/A/ApplicationServices
0x000000000cad7000 	/usr/lib/libz.1.dylib
0x000000000cad7000 	/usr/lib/libSystem.B.dylib
0x000000000cad7000 	/usr/lib/libobjc.A.dylib
0x000000000cad7000 	/System/Library/Frameworks/CoreFoundation.framework/Versions/A/CoreFoundation
0x000000000cad7000 	/System/Library/Frameworks/Foundation.framework/Versions/C/Foundation
0x000000000cad7000 	/System/Library/Frameworks/AppKit.framework/Versions/C/AppKit
0x000000000cad7000 	/System/Library/Frameworks/CoreData.framework/Versions/A/CoreData
0x000000000cad7000 	/System/Library/PrivateFrameworks/RemoteViewServices.framework/Versions/A/RemoteViewServices
0x000000000cad7000 	/System/Library/PrivateFrameworks/UIFoundation.framework/Versions/A/UIFoundation
0x000000000cad7000 	/System/Library/PrivateFrameworks/XCTTargetBootstrap.framework/Versions/A/XCTTargetBootstrap
0x000000000cad7000 	/System/Library/PrivateFrameworks/IconServices.framework/Versions/A/IconServices
0x000000000cad7000 	/System/Library/Frameworks/Metal.framework/Versions/A/Metal
0x000000000cad7000 	/System/Library/PrivateFrameworks/DesktopServicesPriv.framework/Versions/A/DesktopServicesPriv
0x000000000cad7000 	/usr/lib/libenergytrace.dylib
0x000000000cad7000 	/System/Library/PrivateFrameworks/SkyLight.framework/Versions/A/SkyLight
0x000000000cad7000 	/System/Library/Frameworks/CoreGraphics.framework/Versions/A/CoreGraphics
0x000000000cad7000 	/System/Library/Frameworks/Accelerate.framework/Versions/A/Accelerate
0x000000000cad7000 	/System/Library/Frameworks/IOSurface.framework/Versions/A/IOSurface
0x000000000cad7000 	/System/Library/PrivateFrameworks/DFRFoundation.framework/Versions/A/DFRFoundation
0x000000000cad7000 	/System/Library/Frameworks/AudioToolbox.framework/Versions/A/AudioToolbox
0x000000000cad7000 	/System/Library/Frameworks/AudioUnit.framework/Versions/A/AudioUnit
0x000000000cad7000 	/System/Library/PrivateFrameworks/DataDetectorsCore.framework/Versions/A/DataDetectorsCore
0x000000000cad7000 	/System/Library/Frameworks/Carbon.framework/Versions/A/Frameworks/HIToolbox.framework/Versions/A/HIToolbox
0x000000000cad7000 	/usr/lib/libicucore.A.dylib
0x000000000cad7000 	/System/Library/Frameworks/QuartzCore.framework/Versions/A/QuartzCore
0x000000000cad7000 	/System/Library/Frameworks/Carbon.framework/Versions/A/Frameworks/SpeechRecognition.framework/Versions/A/SpeechRecognition
0x000000000cad7000 	/usr/lib/libauto.dylib
0x000000000cad7000 	/usr/lib/libxml2.2.dylib
0x000000000cad7000 	/System/Library/PrivateFrameworks/CoreUI.framework/Versions/A/CoreUI
0x000000000cad7000 	/System/Library/Frameworks/CoreAudio.framework/Versions/A/CoreAudio
0x000000000cad7000 	/System/Library/Frameworks/DiskArbitration.framework/Versions/A/DiskArbitration
0x000000000cad7000 	/usr/lib/liblangid.dylib
0x000000000cad7000 	/System/Library/PrivateFrameworks/MultitouchSupport.framework/Versions/A/MultitouchSupport
0x000000000cad7000 	/System/Library/Frameworks/IOKit.framework/Versions/A/IOKit
0x000000000cad7000 	/usr/lib/libDiagnosticMessagesClient.dylib
0x000000000cad7000 	/System/Library/Frameworks/CoreServices.framework/Versions/A/CoreServices
0x000000000cad7000 	/System/Library/PrivateFrameworks/PerformanceAnalysis.framework/Versions/A/PerformanceAnalysis
0x000000000cad7000 	/System/Library/Frameworks/OpenGL.framework/Versions/A/OpenGL
0x000000000cad7000 	/System/Library/Frameworks/ColorSync.framework/Versions/A/ColorSync
0x000000000cad7000 	/System/Library/Frameworks/CoreImage.framework/Versions/A/CoreImage
0x000000000cad7000 	/System/Library/Frameworks/CoreText.framework/Versions/A/CoreText
0x000000000cad7000 	/System/Library/Frameworks/ImageIO.framework/Versions/A/ImageIO
0x000000000cad7000 	/System/Library/PrivateFrameworks/Backup.framework/Versions/A/Backup
0x000000000cad7000 	/usr/lib/libarchive.2.dylib
0x000000000cad7000 	/System/Library/Frameworks/CFNetwork.framework/Versions/A/CFNetwork
0x000000000cad7000 	/System/Library/Frameworks/SystemConfiguration.framework/Versions/A/SystemConfiguration
0x000000000cad7000 	/usr/lib/libCRFSuite.dylib
0x000000000cad7000 	/usr/lib/libc++.1.dylib
0x000000000cad7000 	/usr/lib/libc++abi.dylib
0x000000000cad7000 	/usr/lib/system/libcache.dylib
0x000000000cad7000 	/usr/lib/system/libcommonCrypto.dylib
0x000000000cad7000 	/usr/lib/system/libcompiler_rt.dylib
0x000000000cad7000 	/usr/lib/system/libcopyfile.dylib
0x000000000cad7000 	/usr/lib/system/libcorecrypto.dylib
0x000000000cad7000 	/usr/lib/system/libdispatch.dylib
0x000000000cad7000 	/usr/lib/system/libdyld.dylib
0x000000000cad7000 	/usr/lib/system/libkeymgr.dylib
0x000000000cad7000 	/usr/lib/system/liblaunch.dylib
0x000000000cad7000 	/usr/lib/system/libmacho.dylib
0x000000000cad7000 	/usr/lib/system/libquarantine.dylib
0x000000000cad7000 	/usr/lib/system/libremovefile.dylib
0x000000000cad7000 	/usr/lib/system/libsystem_asl.dylib
0x000000000cad7000 	/usr/lib/system/libsystem_blocks.dylib
0x000000000cad7000 	/usr/lib/system/libsystem_c.dylib
0x000000000cad7000 	/usr/lib/system/libsystem_configuration.dylib
0x000000000cad7000 	/usr/lib/system/libsystem_coreservices.dylib
0x000000000cad7000 	/usr/lib/system/libsystem_darwin.dylib
0x000000000cad7000 	/usr/lib/system/libsystem_dnssd.dylib
0x000000000cad7000 	/usr/lib/system/libsystem_info.dylib
0x000000000cad7000 	/usr/lib/system/libsystem_m.dylib
0x000000000cad7000 	/usr/lib/system/libsystem_malloc.dylib
0x000000000cad7000 	/usr/lib/system/libsystem_networkextension.dylib
0x000000000cad7000 	/usr/lib/system/libsystem_notify.dylib
0x000000000cad7000 	/usr/lib/system/libsystem_sandbox.dylib
0x000000000cad7000 	/usr/lib/system/libsystem_secinit.dylib
0x000000000cad7000 	/usr/lib/system/libsystem_kernel.dylib
0x000000000cad7000 	/usr/lib/system/libsystem_platform.dylib
0x000000000cad7000 	/usr/lib/system/libsystem_pthread.dylib
0x000000000cad7000 	/usr/lib/system/libsystem_symptoms.dylib
0x000000000cad7000 	/usr/lib/system/libsystem_trace.dylib
0x000000000cad7000 	/usr/lib/system/libunwind.dylib
0x000000000cad7000 	/usr/lib/system/libxpc.dylib
0x000000000cad7000 	/usr/lib/libbsm.0.dylib
0x000000000cad7000 	/usr/lib/system/libkxld.dylib
0x000000000cad7000 	/System/Library/PrivateFrameworks/AppleFSCompression.framework/Versions/A/AppleFSCompression
0x000000000cad7000 	/usr/lib/libOpenScriptingUtil.dylib
0x000000000cad7000 	/usr/lib/libcoretls.dylib
0x000000000cad7000 	/usr/lib/libcoretls_cfhelpers.dylib
0x000000000cad7000 	/usr/lib/libpam.2.dylib
0x000000000cad7000 	/usr/lib/libsqlite3.dylib
0x000000000cad7000 	/usr/lib/libxar.1.dylib
0x000000000cad7000 	/usr/lib/libbz2.1.0.dylib
0x000000000cad7000 	/usr/lib/liblzma.5.dylib
0x000000000cad7000 	/usr/lib/libnetwork.dylib
0x000000000cad7000 	/usr/lib/libapple_nghttp2.dylib
0x000000000cad7000 	/usr/lib/libpcap.A.dylib
0x000000000cad7000 	/System/Library/Frameworks/CoreServices.framework/Versions/A/Frameworks/FSEvents.framework/Versions/A/FSEvents
0x000000000cad7000 	/System/Library/Frameworks/CoreServices.framework/Versions/A/Frameworks/CarbonCore.framework/Versions/A/CarbonCore
0x000000000cad7000 	/System/Library/Frameworks/CoreServices.framework/Versions/A/Frameworks/Metadata.framework/Versions/A/Metadata
0x000000000cad7000 	/System/Library/Frameworks/CoreServices.framework/Versions/A/Frameworks/OSServices.framework/Versions/A/OSServices
0x000000000cad7000 	/System/Library/Frameworks/CoreServices.framework/Versions/A/Frameworks/SearchKit.framework/Versions/A/SearchKit
0x000000000cad7000 	/System/Library/Frameworks/CoreServices.framework/Versions/A/Frameworks/AE.framework/Versions/A/AE
0x000000000cad7000 	/System/Library/Frameworks/CoreServices.framework/Versions/A/Frameworks/LaunchServices.framework/Versions/A/LaunchServices
0x000000000cad7000 	/System/Library/Frameworks/CoreServices.framework/Versions/A/Frameworks/DictionaryServices.framework/Versions/A/DictionaryServices
0x000000000cad7000 	/System/Library/Frameworks/CoreServices.framework/Versions/A/Frameworks/SharedFileList.framework/Versions/A/SharedFileList
0x000000000cad7000 	/System/Library/Frameworks/NetFS.framework/Versions/A/NetFS
0x000000000cad7000 	/System/Library/PrivateFrameworks/NetAuth.framework/Versions/A/NetAuth
0x000000000cad7000 	/System/Library/PrivateFrameworks/login.framework/Versions/A/Frameworks/loginsupport.framework/Versions/A/loginsupport
0x000000000cad7000 	/System/Library/PrivateFrameworks/TCC.framework/Versions/A/TCC
0x000000000cad7000 	/System/Library/PrivateFrameworks/CoreNLP.framework/Versions/A/CoreNLP
0x000000000cad7000 	/System/Library/PrivateFrameworks/MetadataUtilities.framework/Versions/A/MetadataUtilities
0x000000000cad7000 	/usr/lib/libmecabra.dylib
0x000000000cad7000 	/System/Library/Frameworks/ApplicationServices.framework/Versions/A/Frameworks/ATS.framework/Versions/A/ATS
0x000000000cad7000 	/System/Library/Frameworks/ApplicationServices.framework/Versions/A/Frameworks/ColorSyncLegacy.framework/Versions/A/ColorSyncLegacy
0x000000000cad7000 	/System/Library/Frameworks/ApplicationServices.framework/Versions/A/Frameworks/HIServices.framework/Versions/A/HIServices
0x000000000cad7000 	/System/Library/Frameworks/ApplicationServices.framework/Versions/A/Frameworks/LangAnalysis.framework/Versions/A/LangAnalysis
0x000000000cad7000 	/System/Library/Frameworks/ApplicationServices.framework/Versions/A/Frameworks/PrintCore.framework/Versions/A/PrintCore
0x000000000cad7000 	/System/Library/Frameworks/ApplicationServices.framework/Versions/A/Frameworks/QD.framework/Versions/A/QD
0x000000000cad7000 	/System/Library/Frameworks/ApplicationServices.framework/Versions/A/Frameworks/SpeechSynthesis.framework/Versions/A/SpeechSynthesis
0x000000000cad7000 	/usr/lib/libcompression.dylib
0x000000000cad7000 	/System/Library/Frameworks/CoreDisplay.framework/Versions/A/CoreDisplay
0x000000000cad7000 	/System/Library/Frameworks/MetalPerformanceShaders.framework/Versions/A/MetalPerformanceShaders
0x000000000cad7000 	/System/Library/Frameworks/Accelerate.framework/Versions/A/Frameworks/vImage.framework/Versions/A/vImage
0x000000000cad7000 	/System/Library/Frameworks/Accelerate.framework/Versions/A/Frameworks/vecLib.framework/Versions/A/vecLib
0x000000000cad7000 	/System/Library/Frameworks/Accelerate.framework/Versions/A/Frameworks/vecLib.framework/Versions/A/libvMisc.dylib
0x000000000cad7000 	/System/Library/Frameworks/Accelerate.framework/Versions/A/Frameworks/vecLib.framework/Versions/A/libvDSP.dylib
0x000000000cad7000 	/System/Library/Frameworks/Accelerate.framework/Versions/A/Frameworks/vecLib.framework/Versions/A/libBLAS.dylib
0x000000000cad7000 	/System/Library/Frameworks/Accelerate.framework/Versions/A/Frameworks/vecLib.framework/Versions/A/libLAPACK.dylib
0x000000000cad7000 	/System/Library/Frameworks/Accelerate.framework/Versions/A/Frameworks/vecLib.framework/Versions/A/libLinearAlgebra.dylib
0x000000000cad7000 	/System/Library/Frameworks/Accelerate.framework/Versions/A/Frameworks/vecLib.framework/Versions/A/libSparseBLAS.dylib
0x000000000cad7000 	/System/Library/Frameworks/Accelerate.framework/Versions/A/Frameworks/vecLib.framework/Versions/A/libQuadrature.dylib
0x000000000cad7000 	/System/Library/Frameworks/Accelerate.framework/Versions/A/Frameworks/vecLib.framework/Versions/A/libBNNS.dylib
0x000000000cad7000 	/System/Library/Frameworks/Accelerate.framework/Versions/A/Frameworks/vecLib.framework/Versions/A/libSparse.dylib
0x000000000cad7000 	/System/Library/PrivateFrameworks/GPUWrangler.framework/Versions/A/GPUWrangler
0x000000000cad7000 	/System/Library/PrivateFrameworks/IOAccelerator.framework/Versions/A/IOAccelerator
0x000000000cad7000 	/System/Library/PrivateFrameworks/IOPresentment.framework/Versions/A/IOPresentment
0x000000000cad7000 	/System/Library/PrivateFrameworks/DSExternalDisplay.framework/Versions/A/DSExternalDisplay
0x000000000cad7000 	/System/Library/Frameworks/OpenGL.framework/Versions/A/Libraries/libCoreFSCache.dylib
0x000000000cad7000 	/System/Library/Frameworks/MetalPerformanceShaders.framework/Frameworks/MPSCore.framework/Versions/A/MPSCore
0x000000000cad7000 	/System/Library/Frameworks/MetalPerformanceShaders.framework/Frameworks/MPSImage.framework/Versions/A/MPSImage
0x000000000cad7000 	/System/Library/Frameworks/MetalPerformanceShaders.framework/Frameworks/MPSNeuralNetwork.framework/Versions/A/MPSNeuralNetwork
0x000000000cad7000 	/System/Library/Frameworks/MetalPerformanceShaders.framework/Frameworks/MPSMatrix.framework/Versions/A/MPSMatrix
0x000000000cad7000 	/System/Library/Frameworks/MetalPerformanceShaders.framework/Frameworks/MPSRayIntersector.framework/Versions/A/MPSRayIntersector
0x000000000cad7000 	/System/Library/PrivateFrameworks/MetalTools.framework/Versions/A/MetalTools
0x000000000cad7000 	/System/Library/PrivateFrameworks/AggregateDictionary.framework/Versions/A/AggregateDictionary
0x000000000cad7000 	/usr/lib/libMobileGestalt.dylib
0x000000000cad7000 	/System/Library/Frameworks/CoreVideo.framework/Versions/A/CoreVideo
0x000000000cad7000 	/System/Library/PrivateFrameworks/GraphVisualizer.framework/Versions/A/GraphVisualizer
0x000000000cad7000 	/System/Library/PrivateFrameworks/FaceCore.framework/Versions/A/FaceCore
0x000000000cad7000 	/System/Library/Frameworks/OpenCL.framework/Versions/A/OpenCL
0x000000000cad7000 	/usr/lib/libFosl_dynamic.dylib
0x000000000cad7000 	/System/Library/PrivateFrameworks/OTSVG.framework/Versions/A/OTSVG
0x000000000cad7000 	/System/Library/Frameworks/ApplicationServices.framework/Versions/A/Frameworks/ATS.framework/Versions/A/Resources/libFontParser.dylib
0x000000000cad7000 	/System/Library/Frameworks/ApplicationServices.framework/Versions/A/Frameworks/ATS.framework/Versions/A/Resources/libFontRegistry.dylib
0x000000000cad7000 	/System/Library/Frameworks/ImageIO.framework/Versions/A/Resources/libJPEG.dylib
0x000000000cad7000 	/System/Library/Frameworks/ImageIO.framework/Versions/A/Resources/libTIFF.dylib
0x000000000cad7000 	/System/Library/Frameworks/ImageIO.framework/Versions/A/Resources/libPng.dylib
0x000000000cad7000 	/System/Library/Frameworks/ImageIO.framework/Versions/A/Resources/libGIF.dylib
0x000000000cad7000 	/System/Library/Frameworks/ImageIO.framework/Versions/A/Resources/libJP2.dylib
0x000000000cad7000 	/System/Library/Frameworks/ImageIO.framework/Versions/A/Resources/libRadiance.dylib
0x000000000cad7000 	/System/Library/PrivateFrameworks/AppleJPEG.framework/Versions/A/AppleJPEG
0x000000000cad7000 	/System/Library/Frameworks/OpenGL.framework/Versions/A/Libraries/libGFXShared.dylib
0x000000000cad7000 	/System/Library/Frameworks/OpenGL.framework/Versions/A/Libraries/libGLU.dylib
0x000000000cad7000 	/System/Library/Frameworks/OpenGL.framework/Versions/A/Libraries/libGL.dylib
0x000000000cad7000 	/System/Library/Frameworks/OpenGL.framework/Versions/A/Libraries/libGLImage.dylib
0x000000000cad7000 	/System/Library/Frameworks/OpenGL.framework/Versions/A/Libraries/libCVMSPluginSupport.dylib
0x000000000cad7000 	/System/Library/Frameworks/OpenGL.framework/Versions/A/Libraries/libCoreVMClient.dylib
0x000000000cad7000 	/usr/lib/libcups.2.dylib
0x000000000cad7000 	/System/Library/Frameworks/Kerberos.framework/Versions/A/Kerberos
0x000000000cad7000 	/System/Library/Frameworks/GSS.framework/Versions/A/GSS
0x000000000cad7000 	/usr/lib/libresolv.9.dylib
0x000000000cad7000 	/usr/lib/libiconv.2.dylib
0x000000000cad7000 	/System/Library/PrivateFrameworks/Heimdal.framework/Versions/A/Heimdal
0x000000000cad7000 	/usr/lib/libheimdal-asn1.dylib
0x000000000cad7000 	/System/Library/Frameworks/OpenDirectory.framework/Versions/A/OpenDirectory
0x000000000cad7000 	/System/Library/PrivateFrameworks/CommonAuth.framework/Versions/A/CommonAuth
0x000000000cad7000 	/System/Library/Frameworks/OpenDirectory.framework/Versions/A/Frameworks/CFOpenDirectory.framework/Versions/A/CFOpenDirectory
0x000000000cad7000 	/System/Library/Frameworks/SecurityFoundation.framework/Versions/A/SecurityFoundation
0x000000000cad7000 	/System/Library/PrivateFrameworks/APFS.framework/Versions/A/APFS
0x000000000cad7000 	/usr/lib/libutil.dylib
0x000000000cad7000 	/usr/lib/libcharset.1.dylib
0x000000000cad7000 	/System/Library/PrivateFrameworks/AppleSauce.framework/Versions/A/AppleSauce
0x000000000cad7000 	/System/Library/PrivateFrameworks/AssertionServices.framework/Versions/A/AssertionServices
0x000000000cad7000 	/System/Library/PrivateFrameworks/BaseBoard.framework/Versions/A/BaseBoard
0x000000000cad7000 	/usr/lib/libmecab.1.0.0.dylib
0x000000000cad7000 	/usr/lib/libgermantok.dylib
0x000000000cad7000 	/usr/lib/libThaiTokenizer.dylib
0x000000000cad7000 	/usr/lib/libChineseTokenizer.dylib
0x000000000cad7000 	/System/Library/PrivateFrameworks/LanguageModeling.framework/Versions/A/LanguageModeling
0x000000000cad7000 	/System/Library/PrivateFrameworks/CoreEmoji.framework/Versions/A/CoreEmoji
0x000000000cad7000 	/System/Library/PrivateFrameworks/Lexicon.framework/Versions/A/Lexicon
0x000000000cad7000 	/System/Library/PrivateFrameworks/LinguisticData.framework/Versions/A/LinguisticData
0x000000000cad7000 	/usr/lib/libcmph.dylib
0x000000000cad7000 	/System/Library/Frameworks/ServiceManagement.framework/Versions/A/ServiceManagement
0x000000000cad7000 	/System/Library/PrivateFrameworks/BackgroundTaskManagement.framework/Versions/A/BackgroundTaskManagement
0x000000000cad7000 	/usr/lib/libxslt.1.dylib
0x000000000cad7000 	/System/Library/Frameworks/Carbon.framework/Versions/A/Frameworks/Ink.framework/Versions/A/Ink
0x000000000cad7000 	/System/Library/PrivateFrameworks/TextureIO.framework/Versions/A/TextureIO
0x000000000cad7000 	/usr/lib/libate.dylib
0x000000000cad7000 	/System/Library/PrivateFrameworks/CrashReporterSupport.framework/Versions/A/CrashReporterSupport
0x000000000cad7000 	/System/Library/PrivateFrameworks/Sharing.framework/Versions/A/Sharing
0x000000000cad7000 	/System/Library/PrivateFrameworks/AuthKit.framework/Versions/A/AuthKit
0x000000000cad7000 	/System/Library/PrivateFrameworks/Apple80211.framework/Versions/A/Apple80211
0x000000000cad7000 	/System/Library/PrivateFrameworks/CoreUtils.framework/Versions/A/CoreUtils
0x000000000cad7000 	/System/Library/Frameworks/CoreWLAN.framework/Versions/A/CoreWLAN
0x000000000cad7000 	/System/Library/Frameworks/IOBluetooth.framework/Versions/A/IOBluetooth
0x000000000cad7000 	/System/Library/PrivateFrameworks/ProtocolBuffer.framework/Versions/A/ProtocolBuffer
0x000000000cad7000 	/System/Library/PrivateFrameworks/MobileKeyBag.framework/Versions/A/MobileKeyBag
0x000000000cad7000 	/System/Library/PrivateFrameworks/CorePhoneNumbers.framework/Versions/A/CorePhoneNumbers
0x000000000cad7000 	/System/Library/PrivateFrameworks/AppleIDAuthSupport.framework/Versions/A/AppleIDAuthSupport
0x000000000cad7000 	/System/Library/PrivateFrameworks/KeychainCircle.framework/Versions/A/KeychainCircle
0x000000000cad7000 	/System/Library/PrivateFrameworks/ROCKit.framework/Versions/A/ROCKit
0x000000000cad7000 	/System/Library/PrivateFrameworks/CoreWiFi.framework/Versions/A/CoreWiFi
0x000000000cad7000 	/System/Library/Frameworks/CoreBluetooth.framework/Versions/A/CoreBluetooth
0x000000000cad7000 	/System/Library/PrivateFrameworks/DebugSymbols.framework/Versions/A/DebugSymbols
0x000000000cad7000 	/System/Library/PrivateFrameworks/CoreSymbolication.framework/Versions/A/CoreSymbolication
0x000000000cad7000 	/System/Library/PrivateFrameworks/Symbolication.framework/Versions/A/Symbolication
0x000000000cad7000 	/System/Library/PrivateFrameworks/SpeechRecognitionCore.framework/Versions/A/SpeechRecognitionCore
0x0000000101a00000 	/Library/Java/JavaVirtualMachines/jdk1.8.0_161.jdk/Contents/Home/jre/lib/server/libjvm.dylib
0x000000000cad7000 	/usr/lib/libstdc++.6.dylib
0x000000010090f000 	/Library/Java/JavaVirtualMachines/jdk1.8.0_161.jdk/Contents/Home/jre/lib/libverify.dylib
0x000000010091d000 	/Library/Java/JavaVirtualMachines/jdk1.8.0_161.jdk/Contents/Home/jre/lib/libjava.dylib
0x000000010099d000 	/Library/Java/JavaVirtualMachines/jdk1.8.0_161.jdk/Contents/Home/jre/lib/libzip.dylib
0x000000011dbd9000 	/Library/Java/JavaVirtualMachines/jdk1.8.0_161.jdk/Contents/Home/jre/lib/libawt.dylib
0x000000011dc83000 	/Library/Java/JavaVirtualMachines/jdk1.8.0_161.jdk/Contents/Home/jre/lib/./libmlib_image.dylib
0x000000000cad7000 	/System/Library/Frameworks/JavaVM.framework/Versions/A/Frameworks/JavaNativeFoundation.framework/Versions/A/JavaNativeFoundation
0x000000000cad7000 	/System/Library/Frameworks/JavaVM.framework/Versions/A/Frameworks/JavaRuntimeSupport.framework/Versions/A/JavaRuntimeSupport
0x000000000cad7000 	/System/Library/Frameworks/JavaVM.framework/Versions/A/JavaVM
0x000000000cad7000 	/System/Library/PrivateFrameworks/JavaLaunching.framework/Versions/A/JavaLaunching
0x000000000cad7000 	/System/Library/Frameworks/Carbon.framework/Versions/A/Carbon
0x000000000cad7000 	/System/Library/Frameworks/Carbon.framework/Versions/A/Frameworks/CommonPanels.framework/Versions/A/CommonPanels
0x000000000cad7000 	/System/Library/Frameworks/Carbon.framework/Versions/A/Frameworks/Help.framework/Versions/A/Help
0x000000000cad7000 	/System/Library/Frameworks/Carbon.framework/Versions/A/Frameworks/ImageCapture.framework/Versions/A/ImageCapture
0x000000000cad7000 	/System/Library/Frameworks/Carbon.framework/Versions/A/Frameworks/OpenScripting.framework/Versions/A/OpenScripting
0x000000000cad7000 	/System/Library/Frameworks/Carbon.framework/Versions/A/Frameworks/Print.framework/Versions/A/Print
0x000000000cad7000 	/System/Library/Frameworks/Carbon.framework/Versions/A/Frameworks/SecurityHI.framework/Versions/A/SecurityHI
0x000000011dd4f000 	/Library/Java/JavaVirtualMachines/jdk1.8.0_161.jdk/Contents/Home/jre/lib/libawt_lwawt.dylib
0x000000011de09000 	/Library/Java/JavaVirtualMachines/jdk1.8.0_161.jdk/Contents/Home/jre/lib/./libosxapp.dylib
0x000000000cad7000 	/System/Library/Frameworks/ExceptionHandling.framework/Versions/A/ExceptionHandling
0x000000000cad7000 	/System/Library/PrivateFrameworks/CoreServicesInternal.framework/Versions/A/CoreServicesInternal
0x000000000cad7000 	/System/Library/CoreServices/RawCamera.bundle/Contents/MacOS/RawCamera
0x000000000cad7000 	/System/Library/PrivateFrameworks/MobileAsset.framework/Versions/A/MobileAsset
0x000000000cad7000 	/System/Library/PrivateFrameworks/StreamingZip.framework/Versions/A/StreamingZip
0x000000000cad7000 	/System/Library/Frameworks/MediaToolbox.framework/Versions/A/MediaToolbox
0x000000000cad7000 	/System/Library/PrivateFrameworks/CoreAVCHD.framework/Versions/A/CoreAVCHD
0x000000000cad7000 	/System/Library/Frameworks/MediaAccessibility.framework/Versions/A/MediaAccessibility
0x000000000cad7000 	/System/Library/PrivateFrameworks/Mangrove.framework/Versions/A/Mangrove
0x000000000cad7000 	/System/Library/Frameworks/CoreMedia.framework/Versions/A/CoreMedia
0x000000000cad7000 	/System/Library/Frameworks/VideoToolbox.framework/Versions/A/VideoToolbox
0x000000000cad7000 	/System/Library/PrivateFrameworks/CoreAUC.framework/Versions/A/CoreAUC
0x000000000cad7000 	/usr/lib/libspindump.dylib
0x000000000cad7000 	/System/Library/PrivateFrameworks/AppleVA.framework/Versions/A/AppleVA
0x000000000cad7000 	/System/Library/Frameworks/Accelerate.framework/Versions/A/Frameworks/vImage.framework/Versions/A/Libraries/libCGInterfaces.dylib
0x000000000cad7000 	/System/Library/Frameworks/ApplicationServices.framework/Versions/A/Frameworks/ATS.framework/Versions/A/Resources/libTrueTypeScaler.dylib
0x000000000cad7000 	/System/Library/Extensions/AppleIntelHD5000GraphicsMTLDriver.bundle/Contents/MacOS/AppleIntelHD5000GraphicsMTLDriver
0x000000000cad7000 	/System/Library/PrivateFrameworks/GPUCompiler.framework/Versions/3902/Libraries/libmetal_timestamp.dylib
0x000000000cad7000 	/System/Library/PrivateFrameworks/FamilyControls.framework/Versions/A/FamilyControls
0x000000000cad7000 	/System/Library/PrivateFrameworks/CommerceKit.framework/Versions/A/Frameworks/CommerceCore.framework/Versions/A/CommerceCore
0x000000000cad7000 	/System/Library/PrivateFrameworks/SystemAdministration.framework/Versions/A/SystemAdministration
0x000000000cad7000 	/System/Library/PrivateFrameworks/AppContainer.framework/Versions/A/AppContainer
0x000000000cad7000 	/System/Library/PrivateFrameworks/AppSandbox.framework/Versions/A/AppSandbox
0x000000000cad7000 	/System/Library/PrivateFrameworks/SecCodeWrapper.framework/Versions/A/SecCodeWrapper
0x000000000cad7000 	/usr/lib/libsandbox.1.dylib
0x000000000cad7000 	/usr/lib/libMatch.1.dylib
0x000000000cad7000 	/System/Library/PrivateFrameworks/DiskManagement.framework/Versions/A/DiskManagement
0x000000000cad7000 	/System/Library/Frameworks/DirectoryService.framework/Versions/A/DirectoryService
0x000000000cad7000 	/System/Library/PrivateFrameworks/DiskImages.framework/Versions/A/DiskImages
0x000000000cad7000 	/System/Library/PrivateFrameworks/LoginUIKit.framework/Versions/A/Frameworks/LoginUICore.framework/Versions/A/LoginUICore
0x000000000cad7000 	/usr/lib/libCoreStorage.dylib
0x000000000cad7000 	/usr/lib/libcsfde.dylib
0x000000000cad7000 	/usr/lib/libodfde.dylib
0x000000000cad7000 	/System/Library/PrivateFrameworks/MediaKit.framework/Versions/A/MediaKit
0x000000000cad7000 	/System/Library/Frameworks/DiscRecording.framework/Versions/A/DiscRecording
0x000000000cad7000 	/System/Library/PrivateFrameworks/EFILogin.framework/Versions/A/EFILogin
0x000000000cad7000 	/System/Library/PrivateFrameworks/ProtectedCloudStorage.framework/Versions/A/ProtectedCloudStorage
0x000000000cad7000 	/usr/lib/libcurl.4.dylib
0x000000000cad7000 	/usr/lib/libcrypto.42.dylib
0x000000000cad7000 	/usr/lib/libssl.44.dylib
0x000000000cad7000 	/System/Library/Frameworks/LDAP.framework/Versions/A/LDAP
0x000000000cad7000 	/System/Library/PrivateFrameworks/TrustEvaluationAgent.framework/Versions/A/TrustEvaluationAgent
0x000000000cad7000 	/usr/lib/libsasl2.2.dylib
0x000000000cad7000 	/System/Library/PrivateFrameworks/CoreDaemon.framework/Versions/B/CoreDaemon
0x000000000cad7000 	/System/Library/PrivateFrameworks/AppleSRP.framework/Versions/A/AppleSRP
0x000000000cad7000 	/System/Library/PrivateFrameworks/ViewBridge.framework/Versions/A/ViewBridge
0x000000000cad7000 	/System/Library/Frameworks/OpenGL.framework/Versions/A/Resources/GLEngine.bundle/GLEngine
0x000000000cad7000 	/System/Library/Frameworks/OpenGL.framework/Versions/A/Libraries/libGLProgrammability.dylib
0x000000000cad7000 	/System/Library/Extensions/AppleIntelHD5000GraphicsGLDriver.bundle/Contents/MacOS/AppleIntelHD5000GraphicsGLDriver
0x000000000cad7000 	/System/Library/PrivateFrameworks/GPUSupport.framework/Versions/A/Libraries/libGPUSupportMercury.dylib
0x000000000cad7000 	/System/Library/Frameworks/OpenGL.framework/Versions/A/Resources/GLRendererFloat.bundle/GLRendererFloat
0x000000000cad7000 	/System/Library/Frameworks/OpenCL.framework/Versions/A/Libraries/libcldcpuengine.dylib
0x000000000cad7000 	/usr/lib/libcrypto.35.dylib
0x0000000122dbb000 	/Library/Java/JavaVirtualMachines/jdk1.8.0_161.jdk/Contents/Home/jre/lib/libfontmanager.dylib
0x0000000122e22000 	/usr/lib/libobjc-trampolines.dylib
0x0000000124476000 	/Library/Java/JavaVirtualMachines/jdk1.8.0_161.jdk/Contents/Home/jre/lib/libosxui.dylib
0x0000000125150000 	/Library/Java/JavaVirtualMachines/jdk1.8.0_161.jdk/Contents/Home/jre/lib/libnet.dylib
0x00000001255e7000 	/Library/Java/JavaVirtualMachines/jdk1.8.0_161.jdk/Contents/Home/jre/lib/libnio.dylib
0x00000001240f8000 	/private/var/folders/rk/hphxm6hd5130p5cwz1z1qfgm0000gp/T/jogamp_0000/file_cache/jln8291952931194249353/jln2538075932204881436/libgluegen-rt.jnilib
0x000000012416e000 	/private/var/folders/rk/hphxm6hd5130p5cwz1z1qfgm0000gp/T/jogamp_0000/file_cache/jln8291952931194249353/jln2538075932204881436/libnativewindow_awt.jnilib
0x0000000124189000 	/Library/Java/JavaVirtualMachines/jdk1.8.0_161.jdk/Contents/Home/jre/lib/libjawt.dylib
0x0000000154290000 	/private/var/folders/rk/hphxm6hd5130p5cwz1z1qfgm0000gp/T/jogamp_0000/file_cache/jln8291952931194249353/jln2538075932204881436/libnativewindow_macosx.jnilib
0x0000000154592000 	/private/var/folders/rk/hphxm6hd5130p5cwz1z1qfgm0000gp/T/jogamp_0000/file_cache/jln8291952931194249353/jln2538075932204881436/libjogl_desktop.jnilib
0x000000012127f000 	/Library/Java/JavaVirtualMachines/jdk1.8.0_161.jdk/Contents/Home/jre/lib/libsunec.dylib
0x000000015d974000 	/Library/Java/JavaVirtualMachines/jdk1.8.0_161.jdk/Contents/Home/jre/lib/libjpeg.dylib

VM Arguments:
jvm_args: -Djava.security.policy=java.policy.applet -Dfile.encoding=UTF-8 
java_command: sun.applet.AppletViewer module3.EarthquakeCityMap1546946526296.html
java_class_path (initial): /Users/soraia.carmo/Documents/Java Coursera/week 2/UCSDUnfoldingMaps/build:/Users/soraia.carmo/Documents/Java Coursera/week 2/UCSDUnfoldingMaps/lib/core.jar:/Users/soraia.carmo/Documents/Java Coursera/week 2/UCSDUnfoldingMaps/lib/gluegen-rt.jar:/Users/soraia.carmo/Documents/Java Coursera/week 2/UCSDUnfoldingMaps/lib/jogl-all.jar:/Users/soraia.carmo/Documents/Java Coursera/week 2/UCSDUnfoldingMaps/lib/log4j-1.2.15.jar:/Users/soraia.carmo/Documents/Java Coursera/week 2/UCSDUnfoldingMaps/lib/sqlite-jdbc-3.7.2.jar:/Users/soraia.carmo/Documents/Java Coursera/week 2/UCSDUnfoldingMaps/lib/json4processing.jar:/Users/soraia.carmo/Documents/Java Coursera/week 2/UCSDUnfoldingMaps/lib/libTUIO.jar:/Users/soraia.carmo/Documents/Java Coursera/week 2/UCSDUnfoldingMaps/lib/unfolding.0.9.7-uscd.jar
Launcher Type: SUN_STANDARD

Environment Variables:
PATH=/usr/bin:/bin:/usr/sbin:/sbin
SHELL=/bin/zsh
DISPLAY=/private/tmp/com.apple.launchd.zqJlB1rOWp/org.macosforge.xquartz:0

Signal Handlers:
SIGSEGV: [libjvm.dylib+0x5b5439], sa_mask[0]=11111111011111110111111111111111, sa_flags=SA_ONSTACK|SA_RESTART|SA_SIGINFO
SIGBUS: [libjvm.dylib+0x5b5439], sa_mask[0]=11111111011111110111111111111111, sa_flags=SA_RESTART|SA_SIGINFO
SIGFPE: [libjvm.dylib+0x48ae24], sa_mask[0]=11111111011111110111111111111111, sa_flags=SA_RESTART|SA_SIGINFO
SIGPIPE: [libjvm.dylib+0x48ae24], sa_mask[0]=11111111011111110111111111111111, sa_flags=SA_RESTART|SA_SIGINFO
SIGXFSZ: [libjvm.dylib+0x48ae24], sa_mask[0]=11111111011111110111111111111111, sa_flags=SA_RESTART|SA_SIGINFO
SIGILL: [libjvm.dylib+0x48ae24], sa_mask[0]=11111111011111110111111111111111, sa_flags=SA_RESTART|SA_SIGINFO
SIGUSR1: SIG_DFL, sa_mask[0]=00000000000000000000000000000000, sa_flags=none
SIGUSR2: [libjvm.dylib+0x48a942], sa_mask[0]=00100000000000000000000000000000, sa_flags=SA_RESTART|SA_SIGINFO
SIGHUP: [libjvm.dylib+0x488f0d], sa_mask[0]=11111111011111110111111111111111, sa_flags=SA_RESTART|SA_SIGINFO
SIGINT: [libjvm.dylib+0x488f0d], sa_mask[0]=11111111011111110111111111111111, sa_flags=SA_RESTART|SA_SIGINFO
SIGTERM: [libjvm.dylib+0x488f0d], sa_mask[0]=11111111011111110111111111111111, sa_flags=SA_RESTART|SA_SIGINFO
SIGQUIT: [libjvm.dylib+0x488f0d], sa_mask[0]=11111111011111110111111111111111, sa_flags=SA_RESTART|SA_SIGINFO


---------------  S Y S T E M  ---------------

OS:Bsduname:Darwin 18.2.0 Darwin Kernel Version 18.2.0: Fri Oct  5 19:41:49 PDT 2018; root:xnu-4903.221.2~2/RELEASE_X86_64 x86_64
rlimit: STACK 8192k, CORE 0k, NPROC 1418, NOFILE 10240, AS infinity
load average:3.19 3.04 2.89

CPU:total 8 (initial active 8) (4 cores per cpu, 2 threads per core) family 6 model 70 stepping 1, cmov, cx8, fxsr, mmx, sse, sse2, sse3, ssse3, sse4.1, sse4.2, popcnt, avx, avx2, aes, clmul, erms, lzcnt, ht, tsc, tscinvbit, bmi1, bmi2

Memory: 4k page, physical 16777216k(89576k free)

/proc/meminfo:


vm_info: Java HotSpot(TM) 64-Bit Server VM (25.161-b12) for bsd-amd64 JRE (1.8.0_161-b12), built on Dec 19 2017 16:22:20 by "java_re" with gcc 4.2.1 (Based on Apple Inc. build 5658) (LLVM build 2336.11.00)

time: Tue Jan  8 11:22:18 2019
elapsed time: 11 seconds (0d 0h 0m 11s)

